2025-10-18 23:58:27.356 [info] [main] Log level: Info
2025-10-18 23:58:27.356 [info] [main] Validating found git in: "git"
2025-10-18 23:58:27.356 [info] [main] Using git "2.51.1.dirty" from "git"
2025-10-18 23:58:27.356 [info] [Model][doInitialScan] Initial repository scan started
2025-10-18 23:58:27.356 [info] > git rev-parse --show-toplevel [7ms]
2025-10-18 23:58:27.356 [info] fatal: not a git repository (or any parent up to mount point /)
Stopping at filesystem boundary (GIT_DISCOVERY_ACROSS_FILESYSTEM not set).
2025-10-18 23:58:27.356 [info] > git rev-parse --show-toplevel [1ms]
2025-10-18 23:58:27.356 [info] fatal: not a git repository (or any parent up to mount point /)
Stopping at filesystem boundary (GIT_DISCOVERY_ACROSS_FILESYSTEM not set).
2025-10-18 23:58:27.356 [info] [Model][doInitialScan] Initial repository scan completed - repositories (0), closed repositories (0), parent repositories (0), unsafe repositories (0)
2025-10-18 23:58:27.356 [info] > git rev-parse --show-toplevel [0ms]
2025-10-18 23:58:27.356 [info] fatal: not a git repository (or any parent up to mount point /)
Stopping at filesystem boundary (GIT_DISCOVERY_ACROSS_FILESYSTEM not set).
2025-10-18 23:58:29.870 [info] > git rev-parse --show-toplevel [0ms]
2025-10-18 23:58:29.870 [info] fatal: not a git repository (or any parent up to mount point /)
Stopping at filesystem boundary (GIT_DISCOVERY_ACROSS_FILESYSTEM not set).
2025-10-18 23:58:53.386 [info] [main] Log level: Info
2025-10-18 23:58:53.386 [info] [main] Validating found git in: "git"
2025-10-18 23:58:53.386 [info] [main] Using git "2.51.1.dirty" from "git"
2025-10-18 23:58:53.386 [info] [Model][doInitialScan] Initial repository scan started
2025-10-18 23:58:53.386 [info] > git rev-parse --show-toplevel [3ms]
2025-10-18 23:58:53.390 [info] > git rev-parse --git-dir --git-common-dir --show-superproject-working-tree [1ms]
2025-10-18 23:58:53.395 [info] [Model][openRepository] Opened repository (path): /home/kuroma/Storage/college/college-comp-sci/CS-537
2025-10-18 23:58:53.395 [info] [Model][openRepository] Opened repository (real path): /home/kuroma/Storage/college/college-comp-sci/CS-537
2025-10-18 23:58:53.395 [info] [Model][openRepository] Opened repository (kind): repository
2025-10-18 23:58:53.401 [info] > git rev-parse --show-toplevel [0ms]
2025-10-18 23:58:53.401 [info] > git config --get commit.template [3ms]
2025-10-18 23:58:53.409 [info] > git rev-parse --show-toplevel [6ms]
2025-10-18 23:58:53.467 [info] > git rev-parse --show-toplevel [55ms]
2025-10-18 23:58:53.468 [info] > git for-each-ref --format=%(refname)%00%(upstream:short)%00%(objectname)%00%(upstream:track)%00%(upstream:remotename)%00%(upstream:remoteref) refs/heads/main refs/remotes/main [59ms]
2025-10-18 23:58:53.478 [warning] [Git][revParse] Unable to read file: ENOENT: no such file or directory, open '/home/kuroma/Storage/college/college-comp-sci/CS-537/.git/refs/remotes/origin/main'
2025-10-18 23:58:53.480 [info] > git rev-parse refs/remotes/origin/main [2ms]
2025-10-18 23:58:53.484 [info] > git rev-parse --show-toplevel [7ms]
2025-10-18 23:58:53.486 [info] > git status -z -uall [4ms]
2025-10-18 23:58:53.487 [info] > git rev-parse --show-toplevel [1ms]
2025-10-18 23:58:53.487 [info] > git for-each-ref --sort -committerdate --format %(refname)%00%(objectname)%00%(*objectname) [3ms]
2025-10-18 23:58:53.506 [info] > git for-each-ref --format=%(refname)%00%(upstream:short)%00%(objectname)%00%(upstream:track)%00%(upstream:remotename)%00%(upstream:remoteref) refs/heads/main refs/remotes/main [10ms]
2025-10-18 23:58:53.509 [info] > git config --get --local branch.main.vscode-merge-base [2ms]
2025-10-18 23:58:53.510 [info] > git config --get commit.template [5ms]
2025-10-18 23:58:53.511 [info] > git rev-parse --show-toplevel [7ms]
2025-10-18 23:58:53.515 [info] > git for-each-ref --format=%(refname)%00%(upstream:short)%00%(objectname)%00%(upstream:track)%00%(upstream:remotename)%00%(upstream:remoteref) refs/heads/origin/main refs/remotes/origin/main [5ms]
2025-10-18 23:58:53.517 [info] > git for-each-ref --format=%(refname)%00%(upstream:short)%00%(objectname)%00%(upstream:track)%00%(upstream:remotename)%00%(upstream:remoteref) refs/heads/main refs/remotes/main [3ms]
2025-10-18 23:58:53.517 [info] > git rev-parse --git-dir --git-common-dir --show-superproject-working-tree [5ms]
2025-10-18 23:58:53.519 [info] [Model][openRepository] Opened repository (path): /home/kuroma/Storage/college/college-comp-sci/CS-537/slides
2025-10-18 23:58:53.519 [info] [Model][openRepository] Opened repository (real path): /home/kuroma/Storage/college/college-comp-sci/CS-537/slides
2025-10-18 23:58:53.519 [info] [Model][openRepository] Opened repository (kind): repository
2025-10-18 23:58:53.520 [info] [Model][doInitialScan] Initial repository scan completed - repositories (2), closed repositories (0), parent repositories (0), unsafe repositories (0)
2025-10-18 23:58:53.522 [warning] [Git][revParse] Unable to read file: ENOENT: no such file or directory, open '/home/kuroma/Storage/college/college-comp-sci/CS-537/.git/refs/remotes/origin/main'
2025-10-18 23:58:53.524 [info] > git merge-base refs/heads/main refs/remotes/origin/main [7ms]
2025-10-18 23:58:53.526 [info] > git config --get commit.template [2ms]
2025-10-18 23:58:53.527 [info] > git rev-parse refs/remotes/origin/main [5ms]
2025-10-18 23:58:53.531 [info] > git status -z -uall [3ms]
2025-10-18 23:58:53.531 [info] > git for-each-ref --sort -committerdate --format %(refname)%00%(objectname)%00%(*objectname) [1ms]
2025-10-18 23:58:53.535 [info] > git diff --name-status -z --diff-filter=ADMR c3ae25634fcf61888b67b8dd736e9011e571cb36...refs/remotes/origin/main [9ms]
2025-10-18 23:58:53.537 [info] > git merge-base refs/heads/main refs/remotes/origin/main [3ms]
2025-10-18 23:58:53.540 [info] > git for-each-ref --format=%(refname)%00%(upstream:short)%00%(objectname)%00%(upstream:track)%00%(upstream:remotename)%00%(upstream:remoteref) refs/heads/main refs/remotes/main [3ms]
2025-10-18 23:58:53.540 [info] > git diff --name-status -z --diff-filter=ADMR c3ae25634fcf61888b67b8dd736e9011e571cb36...refs/remotes/origin/main [1ms]
2025-10-18 23:58:53.545 [info] > git for-each-ref --sort -committerdate --format %(refname)%00%(objectname)%00%(*objectname) [1ms]
2025-10-18 23:58:53.560 [info] > git status -z -uall [17ms]
2025-10-18 23:58:53.567 [info] > git for-each-ref --format=%(refname)%00%(upstream:short)%00%(objectname)%00%(upstream:track)%00%(upstream:remotename)%00%(upstream:remoteref) refs/heads/main refs/remotes/main [3ms]
2025-10-18 23:58:53.570 [info] > git config --get commit.template [3ms]
2025-10-18 23:58:53.570 [info] > git config --get --local branch.main.vscode-merge-base [1ms]
2025-10-18 23:58:53.575 [info] > git for-each-ref --format=%(refname)%00%(upstream:short)%00%(objectname)%00%(upstream:track)%00%(upstream:remotename)%00%(upstream:remoteref) refs/heads/main refs/remotes/main [1ms]
2025-10-18 23:58:53.575 [info] > git for-each-ref --format=%(refname)%00%(upstream:short)%00%(objectname)%00%(upstream:track)%00%(upstream:remotename)%00%(upstream:remoteref) refs/heads/origin/main refs/remotes/origin/main [3ms]
2025-10-18 23:58:53.581 [info] > git merge-base refs/heads/main refs/remotes/origin/main [3ms]
2025-10-18 23:58:53.584 [info] > git for-each-ref --sort -committerdate --format %(refname)%00%(objectname)%00%(*objectname) [3ms]
2025-10-18 23:58:53.584 [info] > git diff --name-status -z --diff-filter=ADMR c9bcc1d57e6f327a6e5a5f0ddab79140a051dc59...refs/remotes/origin/main [1ms]
2025-10-18 23:58:53.590 [info] > git status -z -uall [11ms]
2025-10-18 23:58:54.037 [info] > git check-ignore -v -z --stdin [3ms]
2025-10-18 23:58:54.037 [info] > git check-ignore -v -z --stdin [1ms]
2025-10-19 00:03:09.979 [info] > git config --get commit.template [2ms]
2025-10-19 00:03:09.980 [info] > git for-each-ref --format=%(refname)%00%(upstream:short)%00%(objectname)%00%(upstream:track)%00%(upstream:remotename)%00%(upstream:remoteref) refs/heads/main refs/remotes/main [1ms]
2025-10-19 00:03:09.982 [warning] [Git][revParse] Unable to read file: ENOENT: no such file or directory, open '/home/kuroma/Storage/college/college-comp-sci/CS-537/.git/refs/remotes/origin/main'
2025-10-19 00:03:09.982 [info] > git rev-parse refs/remotes/origin/main [0ms]
2025-10-19 00:03:09.987 [info] > git status -z -uall [3ms]
2025-10-19 00:03:09.987 [info] > git for-each-ref --sort -committerdate --format %(refname)%00%(objectname)%00%(*objectname) [1ms]
2025-10-19 00:03:14.994 [info] > git config --get commit.template [2ms]
2025-10-19 00:03:14.995 [info] > git for-each-ref --format=%(refname)%00%(upstream:short)%00%(objectname)%00%(upstream:track)%00%(upstream:remotename)%00%(upstream:remoteref) refs/heads/main refs/remotes/main [1ms]
2025-10-19 00:03:14.997 [warning] [Git][revParse] Unable to read file: ENOENT: no such file or directory, open '/home/kuroma/Storage/college/college-comp-sci/CS-537/.git/refs/remotes/origin/main'
2025-10-19 00:03:14.997 [info] > git rev-parse refs/remotes/origin/main [0ms]
2025-10-19 00:03:15.001 [info] > git status -z -uall [2ms]
2025-10-19 00:03:15.002 [info] > git for-each-ref --sort -committerdate --format %(refname)%00%(objectname)%00%(*objectname) [1ms]
2025-10-19 00:03:27.940 [info] > git config --get commit.template [2ms]
2025-10-19 00:03:27.941 [info] > git for-each-ref --format=%(refname)%00%(upstream:short)%00%(objectname)%00%(upstream:track)%00%(upstream:remotename)%00%(upstream:remoteref) refs/heads/main refs/remotes/main [1ms]
2025-10-19 00:03:27.942 [warning] [Git][revParse] Unable to read file: ENOENT: no such file or directory, open '/home/kuroma/Storage/college/college-comp-sci/CS-537/.git/refs/remotes/origin/main'
2025-10-19 00:03:27.943 [info] > git rev-parse refs/remotes/origin/main [1ms]
2025-10-19 00:03:27.947 [info] > git status -z -uall [2ms]
2025-10-19 00:03:27.948 [info] > git for-each-ref --sort -committerdate --format %(refname)%00%(objectname)%00%(*objectname) [1ms]
2025-10-19 00:03:32.954 [info] > git config --get commit.template [2ms]
2025-10-19 00:03:32.954 [info] > git for-each-ref --format=%(refname)%00%(upstream:short)%00%(objectname)%00%(upstream:track)%00%(upstream:remotename)%00%(upstream:remoteref) refs/heads/main refs/remotes/main [0ms]
2025-10-19 00:03:32.956 [warning] [Git][revParse] Unable to read file: ENOENT: no such file or directory, open '/home/kuroma/Storage/college/college-comp-sci/CS-537/.git/refs/remotes/origin/main'
2025-10-19 00:03:32.957 [info] > git rev-parse refs/remotes/origin/main [1ms]
2025-10-19 00:03:32.961 [info] > git status -z -uall [2ms]
2025-10-19 00:03:32.961 [info] > git for-each-ref --sort -committerdate --format %(refname)%00%(objectname)%00%(*objectname) [0ms]
2025-10-19 00:03:46.002 [info] > git config --get commit.template [2ms]
2025-10-19 00:03:46.002 [info] > git for-each-ref --format=%(refname)%00%(upstream:short)%00%(objectname)%00%(upstream:track)%00%(upstream:remotename)%00%(upstream:remoteref) refs/heads/main refs/remotes/main [1ms]
2025-10-19 00:03:46.004 [warning] [Git][revParse] Unable to read file: ENOENT: no such file or directory, open '/home/kuroma/Storage/college/college-comp-sci/CS-537/.git/refs/remotes/origin/main'
2025-10-19 00:03:46.005 [info] > git rev-parse refs/remotes/origin/main [0ms]
2025-10-19 00:03:46.009 [info] > git status -z -uall [3ms]
2025-10-19 00:03:46.009 [info] > git for-each-ref --sort -committerdate --format %(refname)%00%(objectname)%00%(*objectname) [1ms]
2025-10-19 00:04:09.578 [info] > git check-ignore -v -z --stdin [1ms]
2025-10-19 00:04:10.834 [info] > git check-ignore -v -z --stdin [1ms]
2025-10-19 00:04:11.756 [info] > git check-ignore -v -z --stdin [1ms]
2025-10-19 00:05:27.282 [info] > git check-ignore -v -z --stdin [0ms]
2025-10-19 00:05:29.372 [info] > git check-ignore -v -z --stdin [0ms]
2025-10-19 00:05:30.358 [info] > git check-ignore -v -z --stdin [1ms]
2025-10-19 00:05:40.447 [info] > git config --get commit.template [3ms]
2025-10-19 00:05:40.447 [info] > git for-each-ref --format=%(refname)%00%(upstream:short)%00%(objectname)%00%(upstream:track)%00%(upstream:remotename)%00%(upstream:remoteref) refs/heads/main refs/remotes/main [1ms]
2025-10-19 00:05:40.449 [warning] [Git][revParse] Unable to read file: ENOENT: no such file or directory, open '/home/kuroma/Storage/college/college-comp-sci/CS-537/.git/refs/remotes/origin/main'
2025-10-19 00:05:40.450 [info] > git rev-parse refs/remotes/origin/main [1ms]
2025-10-19 00:05:40.454 [info] > git status -z -uall [2ms]
2025-10-19 00:05:40.454 [info] > git for-each-ref --sort -committerdate --format %(refname)%00%(objectname)%00%(*objectname) [0ms]
2025-10-19 00:05:48.887 [info] > git config --get commit.template [2ms]
2025-10-19 00:05:48.888 [info] > git for-each-ref --format=%(refname)%00%(upstream:short)%00%(objectname)%00%(upstream:track)%00%(upstream:remotename)%00%(upstream:remoteref) refs/heads/main refs/remotes/main [1ms]
2025-10-19 00:05:48.890 [warning] [Git][revParse] Unable to read file: ENOENT: no such file or directory, open '/home/kuroma/Storage/college/college-comp-sci/CS-537/.git/refs/remotes/origin/main'
2025-10-19 00:05:48.890 [info] > git rev-parse refs/remotes/origin/main [0ms]
2025-10-19 00:05:48.894 [info] > git status -z -uall [2ms]
2025-10-19 00:05:48.895 [info] > git for-each-ref --sort -committerdate --format %(refname)%00%(objectname)%00%(*objectname) [1ms]
2025-10-19 00:05:58.100 [info] > git show --textconv :cs537-projects/p3-THUWAJIT/tests/tests/5.run [2ms]
2025-10-19 00:05:58.102 [info] > git ls-files --stage -- cs537-projects/p3-THUWAJIT/tests/tests/5.run [2ms]
2025-10-19 00:05:58.105 [info] > git hash-object -t tree /dev/null [3ms]
2025-10-19 00:05:58.105 [warning] [GitFileSystemProvider][readFile] File not found - git:/home/kuroma/Storage/college/college-comp-sci/CS-537/cs537-projects/p3-THUWAJIT/tests/tests/5.run.git?%7B%22path%22%3A%22%2Fhome%2Fkuroma%2FStorage%2Fcollege%2Fcollege-comp-sci%2FCS-537%2Fcs537-projects%2Fp3-THUWAJIT%2Ftests%2Ftests%2F5.run%22%2C%22ref%22%3A%22%22%7D
2025-10-19 00:05:58.105 [info] > git hash-object -t tree /dev/null [1ms]
2025-10-19 00:05:58.105 [warning] [GitFileSystemProvider][stat] File not found - git:/home/kuroma/Storage/college/college-comp-sci/CS-537/cs537-projects/p3-THUWAJIT/tests/tests/5.run.git?%7B%22path%22%3A%22%2Fhome%2Fkuroma%2FStorage%2Fcollege%2Fcollege-comp-sci%2FCS-537%2Fcs537-projects%2Fp3-THUWAJIT%2Ftests%2Ftests%2F5.run%22%2C%22ref%22%3A%22%22%7D
2025-10-19 00:05:58.849 [info] > git blame --root --incremental c3ae25634fcf61888b67b8dd736e9011e571cb36 -- cs537-projects/p3-THUWAJIT/tests/tests/5.run [1ms]
2025-10-19 00:05:58.849 [info] fatal: no such path cs537-projects/p3-THUWAJIT/tests/tests/5.run in c3ae25634fcf61888b67b8dd736e9011e571cb36
2025-10-19 00:06:01.007 [info] > git config --get commit.template [2ms]
2025-10-19 00:06:01.007 [info] > git for-each-ref --format=%(refname)%00%(upstream:short)%00%(objectname)%00%(upstream:track)%00%(upstream:remotename)%00%(upstream:remoteref) refs/heads/main refs/remotes/main [0ms]
2025-10-19 00:06:01.010 [warning] [Git][revParse] Unable to read file: ENOENT: no such file or directory, open '/home/kuroma/Storage/college/college-comp-sci/CS-537/.git/refs/remotes/origin/main'
2025-10-19 00:06:01.010 [info] > git rev-parse refs/remotes/origin/main [1ms]
2025-10-19 00:06:01.014 [info] > git status -z -uall [2ms]
2025-10-19 00:06:01.014 [info] > git for-each-ref --sort -committerdate --format %(refname)%00%(objectname)%00%(*objectname) [1ms]
2025-10-19 00:06:20.772 [info] > git check-ignore -v -z --stdin [1ms]
2025-10-19 00:06:59.578 [info] > git show --textconv :cs537-projects/p3-THUWAJIT/tests/tests/5.run [2ms]
2025-10-19 00:06:59.578 [warning] [GitFileSystemProvider][readFile] File not found - git:/home/kuroma/Storage/college/college-comp-sci/CS-537/cs537-projects/p3-THUWAJIT/tests/tests/5.run.git?%7B%22path%22%3A%22%2Fhome%2Fkuroma%2FStorage%2Fcollege%2Fcollege-comp-sci%2FCS-537%2Fcs537-projects%2Fp3-THUWAJIT%2Ftests%2Ftests%2F5.run%22%2C%22ref%22%3A%22%22%7D
2025-10-19 00:06:59.579 [info] > git ls-files --stage -- cs537-projects/p3-THUWAJIT/tests/tests/5.run [1ms]
2025-10-19 00:06:59.579 [warning] [GitFileSystemProvider][stat] File not found - git:/home/kuroma/Storage/college/college-comp-sci/CS-537/cs537-projects/p3-THUWAJIT/tests/tests/5.run.git?%7B%22path%22%3A%22%2Fhome%2Fkuroma%2FStorage%2Fcollege%2Fcollege-comp-sci%2FCS-537%2Fcs537-projects%2Fp3-THUWAJIT%2Ftests%2Ftests%2F5.run%22%2C%22ref%22%3A%22%22%7D
2025-10-19 00:07:00.585 [info] > git config --get commit.template [2ms]
2025-10-19 00:07:00.586 [info] > git for-each-ref --format=%(refname)%00%(upstream:short)%00%(objectname)%00%(upstream:track)%00%(upstream:remotename)%00%(upstream:remoteref) refs/heads/main refs/remotes/main [1ms]
2025-10-19 00:07:00.587 [warning] [Git][revParse] Unable to read file: ENOENT: no such file or directory, open '/home/kuroma/Storage/college/college-comp-sci/CS-537/.git/refs/remotes/origin/main'
2025-10-19 00:07:00.588 [info] > git rev-parse refs/remotes/origin/main [1ms]
2025-10-19 00:07:00.592 [info] > git status -z -uall [2ms]
2025-10-19 00:07:00.592 [info] > git for-each-ref --sort -committerdate --format %(refname)%00%(objectname)%00%(*objectname) [1ms]
