2025-10-20 00:03:10.248 [info] Reading sessions from keychain...
2025-10-20 00:03:10.248 [info] Getting sessions for all scopes...
2025-10-20 00:03:10.248 [info] Got 0 sessions for ...
2025-10-20 00:03:10.248 [info] Getting sessions for all scopes...
2025-10-20 00:03:10.248 [info] Got 0 sessions for ...
2025-10-20 00:03:10.248 [info] Getting sessions for all scopes...
2025-10-20 00:03:10.248 [info] Got 0 sessions for ...
2025-10-20 00:03:10.248 [info] Getting sessions for read:user,repo,user:email,workflow...
2025-10-20 00:03:10.248 [info] Got 0 sessions for read:user,repo,user:email,workflow...
2025-10-20 00:03:10.393 [info] Getting sessions for all scopes...
2025-10-20 00:03:10.393 [info] Got 0 sessions for ...
2025-10-20 00:03:12.895 [info] Getting sessions for all scopes...
2025-10-20 00:03:12.895 [info] Got 0 sessions for ...
2025-10-20 00:03:12.895 [info] Getting sessions for all scopes...
2025-10-20 00:03:12.895 [info] Got 0 sessions for ...
2025-10-20 00:03:12.897 [info] Getting sessions for all scopes...
2025-10-20 00:03:12.897 [info] Got 0 sessions for ...
2025-10-20 00:10:38.105 [info] Reading sessions from keychain...
2025-10-20 00:10:38.105 [info] Getting sessions for all scopes...
2025-10-20 00:10:38.105 [info] Got 0 sessions for ...
2025-10-20 00:10:38.105 [info] Getting sessions for all scopes...
2025-10-20 00:10:38.105 [info] Got 0 sessions for ...
2025-10-20 00:10:38.105 [info] Getting sessions for all scopes...
2025-10-20 00:10:38.105 [info] Got 0 sessions for ...
2025-10-20 00:10:38.105 [info] Getting sessions for read:user,repo,user:email,workflow...
2025-10-20 00:10:38.105 [info] Got 0 sessions for read:user,repo,user:email,workflow...
2025-10-20 00:10:40.120 [info] Getting sessions for all scopes...
2025-10-20 00:10:40.120 [info] Got 0 sessions for ...
2025-10-20 00:10:40.120 [info] Getting sessions for all scopes...
2025-10-20 00:10:40.120 [info] Got 0 sessions for ...
2025-10-20 00:10:40.125 [info] Getting sessions for all scopes...
2025-10-20 00:10:40.125 [info] Got 0 sessions for ...
2025-10-20 00:20:39.981 [info] Getting sessions for read:user,repo,user:email,workflow...
2025-10-20 00:20:39.981 [info] Got 0 sessions for read:user,repo,user:email,workflow...
2025-10-20 00:20:43.607 [info] Logging in with 'any' account...
2025-10-20 00:20:43.607 [info] Logging in for the following scopes: read:user repo user:email workflow
2025-10-20 00:20:43.612 [info] Trying device code flow... (read:user repo user:email workflow)
2025-10-20 00:22:13.290 [info] Getting user info...
2025-10-20 00:22:14.005 [info] Got account info!
2025-10-20 00:22:14.005 [info] Storing 1 sessions...
2025-10-20 00:22:22.650 [info] Reading sessions from keychain...
2025-10-20 00:22:22.650 [info] Stored 1 sessions!
2025-10-20 00:22:22.650 [info] Login success!
2025-10-20 00:22:22.651 [info] Got stored sessions!
2025-10-20 00:22:22.651 [info] Got 1 verified sessions.
2025-10-20 00:22:22.652 [info] Getting sessions for read:user,repo,user:email,workflow...
2025-10-20 00:22:22.652 [info] Got 1 sessions for read:user,repo,user:email,workflow...
