2025-10-19 00:11:05.785 [info] [main] Log level: Info
2025-10-19 00:11:05.785 [info] [main] Validating found git in: "git"
2025-10-19 00:11:05.785 [info] [main] Using git "2.51.1.dirty" from "git"
2025-10-19 00:11:05.785 [info] [Model][doInitialScan] Initial repository scan started
2025-10-19 00:11:05.785 [info] > git rev-parse --show-toplevel [2ms]
2025-10-19 00:11:05.785 [info] > git rev-parse --git-dir --git-common-dir --show-superproject-working-tree [2ms]
2025-10-19 00:11:05.785 [info] [Model][openRepository] Opened repository (path): /home/kuroma/Storage/college/college-comp-sci/CS-537
2025-10-19 00:11:05.785 [info] [Model][openRepository] Opened repository (real path): /home/kuroma/Storage/college/college-comp-sci/CS-537
2025-10-19 00:11:05.785 [info] [Model][openRepository] Opened repository (kind): repository
2025-10-19 00:11:05.785 [info] > git config --get commit.template [3ms]
2025-10-19 00:11:05.785 [info] > git rev-parse --show-toplevel [5ms]
2025-10-19 00:11:05.788 [info] > git for-each-ref --format=%(refname)%00%(upstream:short)%00%(objectname)%00%(upstream:track)%00%(upstream:remotename)%00%(upstream:remoteref) refs/heads/main refs/remotes/main [3ms]
2025-10-19 00:11:05.847 [warning] [Git][revParse] Unable to read file: ENOENT: no such file or directory, open '/home/kuroma/Storage/college/college-comp-sci/CS-537/.git/refs/remotes/origin/main'
2025-10-19 00:11:05.847 [info] > git rev-parse --git-dir --git-common-dir --show-superproject-working-tree [60ms]
2025-10-19 00:11:05.850 [info] [Model][openRepository] Opened repository (path): /home/kuroma/Storage/college/college-comp-sci/CS-537/cs537-projects/p3-THUWAJIT
2025-10-19 00:11:05.850 [info] [Model][openRepository] Opened repository (real path): /home/kuroma/Storage/college/college-comp-sci/CS-537/cs537-projects/p3-THUWAJIT
2025-10-19 00:11:05.850 [info] [Model][openRepository] Opened repository (kind): repository
2025-10-19 00:11:05.866 [info] > git rev-parse refs/remotes/origin/main [19ms]
2025-10-19 00:11:05.872 [info] > git status -z -uall [4ms]
2025-10-19 00:11:05.873 [info] > git for-each-ref --sort -committerdate --format %(refname)%00%(objectname)%00%(*objectname) [2ms]
2025-10-19 00:11:05.883 [info] > git rev-parse --show-toplevel [17ms]
2025-10-19 00:11:05.883 [info] > git config --get commit.template [19ms]
2025-10-19 00:11:05.890 [info] > git for-each-ref --format=%(refname)%00%(upstream:short)%00%(objectname)%00%(upstream:track)%00%(upstream:remotename)%00%(upstream:remoteref) refs/heads/main refs/remotes/main [7ms]
2025-10-19 00:11:05.895 [info] > git config --get --local branch.main.vscode-merge-base [3ms]
2025-10-19 00:11:05.897 [info] > git rev-parse --show-toplevel [7ms]
2025-10-19 00:11:05.897 [info] > git config --get commit.template [9ms]
2025-10-19 00:11:05.900 [info] > git for-each-ref --format=%(refname)%00%(upstream:short)%00%(objectname)%00%(upstream:track)%00%(upstream:remotename)%00%(upstream:remoteref) refs/heads/main refs/remotes/main [5ms]
2025-10-19 00:11:05.902 [info] > git rev-parse --show-toplevel [3ms]
2025-10-19 00:11:05.902 [info] > git for-each-ref --format=%(refname)%00%(upstream:short)%00%(objectname)%00%(upstream:track)%00%(upstream:remotename)%00%(upstream:remoteref) refs/heads/origin/main refs/remotes/origin/main [5ms]
2025-10-19 00:11:05.907 [info] > git for-each-ref --format=%(refname)%00%(upstream:short)%00%(objectname)%00%(upstream:track)%00%(upstream:remotename)%00%(upstream:remoteref) refs/heads/main refs/remotes/main [5ms]
2025-10-19 00:11:05.910 [warning] [Git][revParse] Unable to read file: ENOENT: no such file or directory, open '/home/kuroma/Storage/college/college-comp-sci/CS-537/.git/refs/remotes/origin/main'
2025-10-19 00:11:05.910 [info] > git rev-parse --show-toplevel [3ms]
2025-10-19 00:11:05.910 [info] > git merge-base refs/heads/main refs/remotes/origin/main [5ms]
2025-10-19 00:11:05.921 [info] > git rev-parse refs/remotes/origin/main [11ms]
2025-10-19 00:11:05.926 [info] > git status -z -uall [10ms]
2025-10-19 00:11:05.926 [info] > git status -z -uall [3ms]
2025-10-19 00:11:05.926 [info] > git rev-parse --show-toplevel [6ms]
2025-10-19 00:11:05.926 [info] > git for-each-ref --sort -committerdate --format %(refname)%00%(objectname)%00%(*objectname) [8ms]
2025-10-19 00:11:05.932 [info] > git diff --name-status -z --diff-filter=ADMR c3ae25634fcf61888b67b8dd736e9011e571cb36...refs/remotes/origin/main [19ms]
2025-10-19 00:11:05.937 [info] > git for-each-ref --format=%(refname)%00%(upstream:short)%00%(objectname)%00%(upstream:track)%00%(upstream:remotename)%00%(upstream:remoteref) refs/heads/main refs/remotes/main [7ms]
2025-10-19 00:11:05.939 [info] > git for-each-ref --sort -committerdate --format %(refname)%00%(objectname)%00%(*objectname) [14ms]
2025-10-19 00:11:05.948 [info] > git config --get --local branch.main.vscode-merge-base [8ms]
2025-10-19 00:11:05.950 [info] > git config --get commit.template [13ms]
2025-10-19 00:11:05.950 [info] > git rev-parse --show-toplevel [15ms]
2025-10-19 00:11:05.955 [info] > git for-each-ref --format=%(refname)%00%(upstream:short)%00%(objectname)%00%(upstream:track)%00%(upstream:remotename)%00%(upstream:remoteref) refs/heads/origin/main refs/remotes/origin/main [5ms]
2025-10-19 00:11:05.959 [info] > git rev-parse --git-dir --git-common-dir --show-superproject-working-tree [4ms]
2025-10-19 00:11:05.961 [info] [Model][openRepository] Opened repository (path): /home/kuroma/Storage/college/college-comp-sci/CS-537/slides
2025-10-19 00:11:05.961 [info] [Model][openRepository] Opened repository (real path): /home/kuroma/Storage/college/college-comp-sci/CS-537/slides
2025-10-19 00:11:05.961 [info] [Model][openRepository] Opened repository (kind): repository
2025-10-19 00:11:05.961 [info] [Model][doInitialScan] Initial repository scan completed - repositories (3), closed repositories (0), parent repositories (0), unsafe repositories (0)
2025-10-19 00:11:05.963 [info] > git for-each-ref --format=%(refname)%00%(upstream:short)%00%(objectname)%00%(upstream:track)%00%(upstream:remotename)%00%(upstream:remoteref) refs/heads/main refs/remotes/main [4ms]
2025-10-19 00:11:05.964 [info] > git merge-base refs/heads/main refs/remotes/origin/main [7ms]
2025-10-19 00:11:05.966 [info] > git config --get commit.template [3ms]
2025-10-19 00:11:05.972 [info] > git status -z -uall [3ms]
2025-10-19 00:11:05.972 [info] > git diff --name-status -z --diff-filter=ADMR 8efc184ea1ed03e434b257b2490d50791abdc799...refs/remotes/origin/main [7ms]
2025-10-19 00:11:05.973 [info] > git for-each-ref --format=%(refname)%00%(upstream:short)%00%(objectname)%00%(upstream:track)%00%(upstream:remotename)%00%(upstream:remoteref) refs/heads/main refs/remotes/main [6ms]
2025-10-19 00:11:05.973 [info] > git for-each-ref --sort -committerdate --format %(refname)%00%(objectname)%00%(*objectname) [1ms]
2025-10-19 00:11:05.980 [info] > git for-each-ref --sort -committerdate --format %(refname)%00%(objectname)%00%(*objectname) [1ms]
2025-10-19 00:11:05.995 [info] > git status -z -uall [18ms]
2025-10-19 00:11:06.002 [info] > git for-each-ref --format=%(refname)%00%(upstream:short)%00%(objectname)%00%(upstream:track)%00%(upstream:remotename)%00%(upstream:remoteref) refs/heads/main refs/remotes/main [3ms]
2025-10-19 00:11:06.004 [info] > git config --get --local branch.main.vscode-merge-base [1ms]
2025-10-19 00:11:06.007 [info] > git config --get commit.template [5ms]
2025-10-19 00:11:06.007 [info] > git for-each-ref --format=%(refname)%00%(upstream:short)%00%(objectname)%00%(upstream:track)%00%(upstream:remotename)%00%(upstream:remoteref) refs/heads/origin/main refs/remotes/origin/main [1ms]
2025-10-19 00:11:06.014 [info] > git for-each-ref --format=%(refname)%00%(upstream:short)%00%(objectname)%00%(upstream:track)%00%(upstream:remotename)%00%(upstream:remoteref) refs/heads/main refs/remotes/main [2ms]
2025-10-19 00:11:06.014 [info] > git merge-base refs/heads/main refs/remotes/origin/main [5ms]
2025-10-19 00:11:06.021 [info] > git diff --name-status -z --diff-filter=ADMR c9bcc1d57e6f327a6e5a5f0ddab79140a051dc59...refs/remotes/origin/main [5ms]
2025-10-19 00:11:06.022 [info] > git for-each-ref --sort -committerdate --format %(refname)%00%(objectname)%00%(*objectname) [1ms]
2025-10-19 00:11:06.032 [info] > git status -z -uall [13ms]
2025-10-19 00:11:06.290 [info] > git show --textconv :tests/tests/5.run [3ms]
2025-10-19 00:11:06.290 [info] > git ls-files --stage -- tests/tests/5.run [0ms]
2025-10-19 00:11:06.294 [info] > git cat-file -s 2c81649c0205156b1dd96583cdb182498d1e0dbc [1ms]
2025-10-19 00:11:06.392 [info] > git check-ignore -v -z --stdin [3ms]
2025-10-19 00:11:06.392 [info] > git check-ignore -v -z --stdin [1ms]
2025-10-19 00:11:47.257 [info] > git blame --root --incremental 8efc184ea1ed03e434b257b2490d50791abdc799 -- tests/tests/5.run [1ms]
2025-10-19 00:12:00.814 [info] > git config --get commit.template [2ms]
2025-10-19 00:12:00.819 [info] > git for-each-ref --format=%(refname)%00%(upstream:short)%00%(objectname)%00%(upstream:track)%00%(upstream:remotename)%00%(upstream:remoteref) refs/heads/main refs/remotes/main [3ms]
2025-10-19 00:12:00.819 [info] > git config --get commit.template [5ms]
2025-10-19 00:12:00.821 [warning] [Git][revParse] Unable to read file: ENOENT: no such file or directory, open '/home/kuroma/Storage/college/college-comp-sci/CS-537/.git/refs/remotes/origin/main'
2025-10-19 00:12:00.821 [info] > git for-each-ref --format=%(refname)%00%(upstream:short)%00%(objectname)%00%(upstream:track)%00%(upstream:remotename)%00%(upstream:remoteref) refs/heads/main refs/remotes/main [3ms]
2025-10-19 00:12:00.825 [info] > git rev-parse refs/remotes/origin/main [4ms]
2025-10-19 00:12:00.829 [info] > git status -z -uall [6ms]
2025-10-19 00:12:00.829 [info] > git status -z -uall [2ms]
2025-10-19 00:12:00.829 [info] > git for-each-ref --sort -committerdate --format %(refname)%00%(objectname)%00%(*objectname) [4ms]
2025-10-19 00:12:00.831 [info] > git for-each-ref --sort -committerdate --format %(refname)%00%(objectname)%00%(*objectname) [2ms]
2025-10-19 00:12:14.848 [info] > git show --textconv :tests/tests/5.pre [3ms]
2025-10-19 00:12:14.848 [info] > git ls-files --stage -- tests/tests/5.pre [1ms]
2025-10-19 00:12:14.851 [info] > git cat-file -s c282f99c249a52d6d68503d1064b13a1c4a7f500 [1ms]
2025-10-19 00:12:22.759 [info] > git show --textconv :tests/tests/5.desc [2ms]
2025-10-19 00:12:22.760 [info] > git ls-files --stage -- tests/tests/5.desc [1ms]
2025-10-19 00:12:22.762 [info] > git cat-file -s e39827927c7ddee3784f6e5b6bdb59d074d04e84 [0ms]
2025-10-19 00:12:42.933 [info] > git config --get commit.template [2ms]
2025-10-19 00:12:42.938 [info] > git for-each-ref --format=%(refname)%00%(upstream:short)%00%(objectname)%00%(upstream:track)%00%(upstream:remotename)%00%(upstream:remoteref) refs/heads/main refs/remotes/main [3ms]
2025-10-19 00:12:42.938 [info] > git config --get commit.template [5ms]
2025-10-19 00:12:42.940 [warning] [Git][revParse] Unable to read file: ENOENT: no such file or directory, open '/home/kuroma/Storage/college/college-comp-sci/CS-537/.git/refs/remotes/origin/main'
2025-10-19 00:12:42.940 [info] > git for-each-ref --format=%(refname)%00%(upstream:short)%00%(objectname)%00%(upstream:track)%00%(upstream:remotename)%00%(upstream:remoteref) refs/heads/main refs/remotes/main [2ms]
2025-10-19 00:12:42.945 [info] > git rev-parse refs/remotes/origin/main [5ms]
2025-10-19 00:12:42.949 [info] > git status -z -uall [6ms]
2025-10-19 00:12:42.949 [info] > git status -z -uall [2ms]
2025-10-19 00:12:42.949 [info] > git for-each-ref --sort -committerdate --format %(refname)%00%(objectname)%00%(*objectname) [4ms]
2025-10-19 00:12:42.950 [info] > git for-each-ref --sort -committerdate --format %(refname)%00%(objectname)%00%(*objectname) [1ms]
2025-10-19 00:12:47.957 [info] > git config --get commit.template [3ms]
2025-10-19 00:12:47.961 [info] > git config --get commit.template [5ms]
2025-10-19 00:12:47.961 [info] > git for-each-ref --format=%(refname)%00%(upstream:short)%00%(objectname)%00%(upstream:track)%00%(upstream:remotename)%00%(upstream:remoteref) refs/heads/main refs/remotes/main [2ms]
2025-10-19 00:12:47.965 [info] > git for-each-ref --format=%(refname)%00%(upstream:short)%00%(objectname)%00%(upstream:track)%00%(upstream:remotename)%00%(upstream:remoteref) refs/heads/main refs/remotes/main [5ms]
2025-10-19 00:12:47.967 [warning] [Git][revParse] Unable to read file: ENOENT: no such file or directory, open '/home/kuroma/Storage/college/college-comp-sci/CS-537/.git/refs/remotes/origin/main'
2025-10-19 00:12:47.967 [info] > git status -z -uall [4ms]
2025-10-19 00:12:47.967 [info] > git for-each-ref --sort -committerdate --format %(refname)%00%(objectname)%00%(*objectname) [2ms]
2025-10-19 00:12:47.968 [info] > git rev-parse refs/remotes/origin/main [1ms]
2025-10-19 00:12:47.972 [info] > git status -z -uall [2ms]
2025-10-19 00:12:47.972 [info] > git for-each-ref --sort -committerdate --format %(refname)%00%(objectname)%00%(*objectname) [0ms]
2025-10-19 00:13:00.941 [info] > git config --get commit.template [3ms]
2025-10-19 00:13:00.941 [info] > git config --get commit.template [0ms]
2025-10-19 00:13:00.946 [info] > git for-each-ref --format=%(refname)%00%(upstream:short)%00%(objectname)%00%(upstream:track)%00%(upstream:remotename)%00%(upstream:remoteref) refs/heads/main refs/remotes/main [2ms]
2025-10-19 00:13:00.948 [warning] [Git][revParse] Unable to read file: ENOENT: no such file or directory, open '/home/kuroma/Storage/college/college-comp-sci/CS-537/.git/refs/remotes/origin/main'
2025-10-19 00:13:00.948 [info] > git for-each-ref --format=%(refname)%00%(upstream:short)%00%(objectname)%00%(upstream:track)%00%(upstream:remotename)%00%(upstream:remoteref) refs/heads/main refs/remotes/main [2ms]
2025-10-19 00:13:00.952 [info] > git status -z -uall [2ms]
2025-10-19 00:13:00.952 [info] > git rev-parse refs/remotes/origin/main [4ms]
2025-10-19 00:13:00.956 [info] > git status -z -uall [2ms]
2025-10-19 00:13:00.956 [info] > git for-each-ref --sort -committerdate --format %(refname)%00%(objectname)%00%(*objectname) [4ms]
2025-10-19 00:13:00.957 [info] > git for-each-ref --sort -committerdate --format %(refname)%00%(objectname)%00%(*objectname) [2ms]
2025-10-19 00:13:05.963 [info] > git config --get commit.template [2ms]
2025-10-19 00:13:05.967 [info] > git config --get commit.template [4ms]
2025-10-19 00:13:05.967 [info] > git for-each-ref --format=%(refname)%00%(upstream:short)%00%(objectname)%00%(upstream:track)%00%(upstream:remotename)%00%(upstream:remoteref) refs/heads/main refs/remotes/main [2ms]
2025-10-19 00:13:05.972 [info] > git status -z -uall [3ms]
2025-10-19 00:13:05.972 [info] > git for-each-ref --format=%(refname)%00%(upstream:short)%00%(objectname)%00%(upstream:track)%00%(upstream:remotename)%00%(upstream:remoteref) refs/heads/main refs/remotes/main [5ms]
2025-10-19 00:13:05.974 [warning] [Git][revParse] Unable to read file: ENOENT: no such file or directory, open '/home/kuroma/Storage/college/college-comp-sci/CS-537/.git/refs/remotes/origin/main'
2025-10-19 00:13:05.974 [info] > git for-each-ref --sort -committerdate --format %(refname)%00%(objectname)%00%(*objectname) [3ms]
2025-10-19 00:13:05.975 [info] > git rev-parse refs/remotes/origin/main [1ms]
2025-10-19 00:13:05.979 [info] > git status -z -uall [3ms]
2025-10-19 00:13:05.979 [info] > git for-each-ref --sort -committerdate --format %(refname)%00%(objectname)%00%(*objectname) [1ms]
2025-10-19 00:13:19.286 [info] > git config --get commit.template [3ms]
2025-10-19 00:13:19.290 [info] > git for-each-ref --format=%(refname)%00%(upstream:short)%00%(objectname)%00%(upstream:track)%00%(upstream:remotename)%00%(upstream:remoteref) refs/heads/main refs/remotes/main [2ms]
2025-10-19 00:13:19.290 [info] > git config --get commit.template [5ms]
2025-10-19 00:13:19.292 [warning] [Git][revParse] Unable to read file: ENOENT: no such file or directory, open '/home/kuroma/Storage/college/college-comp-sci/CS-537/.git/refs/remotes/origin/main'
2025-10-19 00:13:19.292 [info] > git for-each-ref --format=%(refname)%00%(upstream:short)%00%(objectname)%00%(upstream:track)%00%(upstream:remotename)%00%(upstream:remoteref) refs/heads/main refs/remotes/main [2ms]
2025-10-19 00:13:19.296 [info] > git rev-parse refs/remotes/origin/main [4ms]
2025-10-19 00:13:19.301 [info] > git status -z -uall [7ms]
2025-10-19 00:13:19.301 [info] > git status -z -uall [3ms]
2025-10-19 00:13:19.301 [info] > git for-each-ref --sort -committerdate --format %(refname)%00%(objectname)%00%(*objectname) [5ms]
2025-10-19 00:13:19.302 [info] > git for-each-ref --sort -committerdate --format %(refname)%00%(objectname)%00%(*objectname) [2ms]
2025-10-19 00:13:36.064 [info] > git check-ignore -v -z --stdin [2ms]
2025-10-19 00:13:36.064 [info] > git check-ignore -v -z --stdin [0ms]
2025-10-19 00:13:44.499 [info] > git show --textconv :tests/tests/5.desc [3ms]
2025-10-19 00:13:44.500 [info] > git ls-files --stage -- tests/tests/5.desc [1ms]
2025-10-19 00:13:44.502 [info] > git cat-file -s e39827927c7ddee3784f6e5b6bdb59d074d04e84 [0ms]
2025-10-19 00:13:45.583 [info] > git config --get commit.template [3ms]
2025-10-19 00:13:45.587 [info] > git for-each-ref --format=%(refname)%00%(upstream:short)%00%(objectname)%00%(upstream:track)%00%(upstream:remotename)%00%(upstream:remoteref) refs/heads/main refs/remotes/main [2ms]
2025-10-19 00:13:45.587 [info] > git config --get commit.template [5ms]
2025-10-19 00:13:45.589 [warning] [Git][revParse] Unable to read file: ENOENT: no such file or directory, open '/home/kuroma/Storage/college/college-comp-sci/CS-537/.git/refs/remotes/origin/main'
2025-10-19 00:13:45.589 [info] > git for-each-ref --format=%(refname)%00%(upstream:short)%00%(objectname)%00%(upstream:track)%00%(upstream:remotename)%00%(upstream:remoteref) refs/heads/main refs/remotes/main [2ms]
2025-10-19 00:13:45.593 [info] > git rev-parse refs/remotes/origin/main [4ms]
2025-10-19 00:13:45.598 [info] > git status -z -uall [7ms]
2025-10-19 00:13:45.598 [info] > git status -z -uall [3ms]
2025-10-19 00:13:45.598 [info] > git for-each-ref --sort -committerdate --format %(refname)%00%(objectname)%00%(*objectname) [5ms]
2025-10-19 00:13:45.599 [info] > git for-each-ref --sort -committerdate --format %(refname)%00%(objectname)%00%(*objectname) [2ms]
2025-10-19 00:14:08.511 [info] > git check-ignore -v -z --stdin [1ms]
2025-10-19 00:14:24.943 [info] > git show --textconv :tests/tests/5.desc [3ms]
2025-10-19 00:14:24.943 [info] > git ls-files --stage -- tests/tests/5.desc [0ms]
2025-10-19 00:14:24.946 [info] > git cat-file -s e39827927c7ddee3784f6e5b6bdb59d074d04e84 [1ms]
2025-10-19 00:14:25.949 [info] > git config --get commit.template [0ms]
2025-10-19 00:14:25.949 [info] > git config --get commit.template [2ms]
2025-10-19 00:14:25.953 [info] > git for-each-ref --format=%(refname)%00%(upstream:short)%00%(objectname)%00%(upstream:track)%00%(upstream:remotename)%00%(upstream:remoteref) refs/heads/main refs/remotes/main [2ms]
2025-10-19 00:14:25.955 [warning] [Git][revParse] Unable to read file: ENOENT: no such file or directory, open '/home/kuroma/Storage/college/college-comp-sci/CS-537/.git/refs/remotes/origin/main'
2025-10-19 00:14:25.956 [info] > git for-each-ref --format=%(refname)%00%(upstream:short)%00%(objectname)%00%(upstream:track)%00%(upstream:remotename)%00%(upstream:remoteref) refs/heads/main refs/remotes/main [3ms]
2025-10-19 00:14:25.960 [info] > git rev-parse refs/remotes/origin/main [5ms]
2025-10-19 00:14:25.964 [info] > git status -z -uall [6ms]
2025-10-19 00:14:25.964 [info] > git status -z -uall [2ms]
2025-10-19 00:14:25.964 [info] > git for-each-ref --sort -committerdate --format %(refname)%00%(objectname)%00%(*objectname) [5ms]
2025-10-19 00:14:25.965 [info] > git for-each-ref --sort -committerdate --format %(refname)%00%(objectname)%00%(*objectname) [2ms]
2025-10-19 00:14:33.788 [info] > git check-ignore -v -z --stdin [1ms]
2025-10-19 00:14:36.555 [info] > git show --textconv :tests/tests/5.desc [2ms]
2025-10-19 00:14:36.555 [info] > git ls-files --stage -- tests/tests/5.desc [1ms]
2025-10-19 00:14:36.558 [info] > git cat-file -s e39827927c7ddee3784f6e5b6bdb59d074d04e84 [1ms]
2025-10-19 00:14:37.564 [info] > git config --get commit.template [3ms]
2025-10-19 00:14:37.564 [info] > git config --get commit.template [1ms]
2025-10-19 00:14:37.568 [info] > git for-each-ref --format=%(refname)%00%(upstream:short)%00%(objectname)%00%(upstream:track)%00%(upstream:remotename)%00%(upstream:remoteref) refs/heads/main refs/remotes/main [2ms]
2025-10-19 00:14:37.570 [warning] [Git][revParse] Unable to read file: ENOENT: no such file or directory, open '/home/kuroma/Storage/college/college-comp-sci/CS-537/.git/refs/remotes/origin/main'
2025-10-19 00:14:37.570 [info] > git for-each-ref --format=%(refname)%00%(upstream:short)%00%(objectname)%00%(upstream:track)%00%(upstream:remotename)%00%(upstream:remoteref) refs/heads/main refs/remotes/main [2ms]
2025-10-19 00:14:37.574 [info] > git rev-parse refs/remotes/origin/main [4ms]
2025-10-19 00:14:37.579 [info] > git status -z -uall [7ms]
2025-10-19 00:14:37.579 [info] > git status -z -uall [3ms]
2025-10-19 00:14:37.579 [info] > git for-each-ref --sort -committerdate --format %(refname)%00%(objectname)%00%(*objectname) [5ms]
2025-10-19 00:14:37.580 [info] > git for-each-ref --sort -committerdate --format %(refname)%00%(objectname)%00%(*objectname) [2ms]
2025-10-19 00:14:48.430 [info] > git check-ignore -v -z --stdin [0ms]
2025-10-19 00:14:53.757 [info] > git show --textconv :tests/tests/5.desc [3ms]
2025-10-19 00:14:53.757 [info] > git ls-files --stage -- tests/tests/5.desc [1ms]
2025-10-19 00:14:53.761 [info] > git cat-file -s e39827927c7ddee3784f6e5b6bdb59d074d04e84 [1ms]
2025-10-19 00:14:54.646 [info] > git config --get commit.template [1ms]
2025-10-19 00:14:54.646 [info] > git config --get commit.template [3ms]
2025-10-19 00:14:54.650 [info] > git for-each-ref --format=%(refname)%00%(upstream:short)%00%(objectname)%00%(upstream:track)%00%(upstream:remotename)%00%(upstream:remoteref) refs/heads/main refs/remotes/main [2ms]
2025-10-19 00:14:54.652 [warning] [Git][revParse] Unable to read file: ENOENT: no such file or directory, open '/home/kuroma/Storage/college/college-comp-sci/CS-537/.git/refs/remotes/origin/main'
2025-10-19 00:14:54.652 [info] > git for-each-ref --format=%(refname)%00%(upstream:short)%00%(objectname)%00%(upstream:track)%00%(upstream:remotename)%00%(upstream:remoteref) refs/heads/main refs/remotes/main [2ms]
2025-10-19 00:14:54.656 [info] > git rev-parse refs/remotes/origin/main [4ms]
2025-10-19 00:14:54.660 [info] > git status -z -uall [6ms]
2025-10-19 00:14:54.660 [info] > git status -z -uall [2ms]
2025-10-19 00:14:54.660 [info] > git for-each-ref --sort -committerdate --format %(refname)%00%(objectname)%00%(*objectname) [4ms]
2025-10-19 00:14:54.662 [info] > git for-each-ref --sort -committerdate --format %(refname)%00%(objectname)%00%(*objectname) [2ms]
2025-10-19 00:15:33.037 [info] > git check-ignore -v -z --stdin [1ms]
2025-10-19 00:15:44.156 [info] > git show --textconv :tests/tests/5.desc [3ms]
2025-10-19 00:15:44.156 [info] > git ls-files --stage -- tests/tests/5.desc [0ms]
2025-10-19 00:15:44.159 [info] > git cat-file -s e39827927c7ddee3784f6e5b6bdb59d074d04e84 [1ms]
2025-10-19 00:15:45.049 [info] > git config --get commit.template [3ms]
2025-10-19 00:15:45.053 [info] > git for-each-ref --format=%(refname)%00%(upstream:short)%00%(objectname)%00%(upstream:track)%00%(upstream:remotename)%00%(upstream:remoteref) refs/heads/main refs/remotes/main [2ms]
2025-10-19 00:15:45.053 [info] > git config --get commit.template [4ms]
2025-10-19 00:15:45.055 [warning] [Git][revParse] Unable to read file: ENOENT: no such file or directory, open '/home/kuroma/Storage/college/college-comp-sci/CS-537/.git/refs/remotes/origin/main'
2025-10-19 00:15:45.055 [info] > git for-each-ref --format=%(refname)%00%(upstream:short)%00%(objectname)%00%(upstream:track)%00%(upstream:remotename)%00%(upstream:remoteref) refs/heads/main refs/remotes/main [2ms]
2025-10-19 00:15:45.061 [info] > git status -z -uall [3ms]
2025-10-19 00:15:45.061 [info] > git for-each-ref --sort -committerdate --format %(refname)%00%(objectname)%00%(*objectname) [1ms]
2025-10-19 00:15:45.062 [info] > git rev-parse refs/remotes/origin/main [7ms]
2025-10-19 00:15:45.066 [info] > git status -z -uall [2ms]
2025-10-19 00:15:45.067 [info] > git for-each-ref --sort -committerdate --format %(refname)%00%(objectname)%00%(*objectname) [1ms]
2025-10-19 00:16:06.179 [info] > git check-ignore -v -z --stdin [1ms]
2025-10-19 00:16:18.249 [info] > git show --textconv :tests/tests/5.desc [2ms]
2025-10-19 00:16:18.250 [info] > git ls-files --stage -- tests/tests/5.desc [1ms]
2025-10-19 00:16:18.253 [info] > git cat-file -s e39827927c7ddee3784f6e5b6bdb59d074d04e84 [1ms]
2025-10-19 00:16:19.142 [info] > git config --get commit.template [3ms]
2025-10-19 00:16:19.146 [info] > git for-each-ref --format=%(refname)%00%(upstream:short)%00%(objectname)%00%(upstream:track)%00%(upstream:remotename)%00%(upstream:remoteref) refs/heads/main refs/remotes/main [2ms]
2025-10-19 00:16:19.146 [info] > git config --get commit.template [5ms]
2025-10-19 00:16:19.148 [warning] [Git][revParse] Unable to read file: ENOENT: no such file or directory, open '/home/kuroma/Storage/college/college-comp-sci/CS-537/.git/refs/remotes/origin/main'
2025-10-19 00:16:19.148 [info] > git for-each-ref --format=%(refname)%00%(upstream:short)%00%(objectname)%00%(upstream:track)%00%(upstream:remotename)%00%(upstream:remoteref) refs/heads/main refs/remotes/main [2ms]
2025-10-19 00:16:19.153 [info] > git rev-parse refs/remotes/origin/main [5ms]
2025-10-19 00:16:19.158 [info] > git status -z -uall [7ms]
2025-10-19 00:16:19.158 [info] > git status -z -uall [3ms]
2025-10-19 00:16:19.158 [info] > git for-each-ref --sort -committerdate --format %(refname)%00%(objectname)%00%(*objectname) [5ms]
2025-10-19 00:16:19.159 [info] > git for-each-ref --sort -committerdate --format %(refname)%00%(objectname)%00%(*objectname) [2ms]
2025-10-19 00:16:27.840 [info] > git check-ignore -v -z --stdin [1ms]
2025-10-19 00:16:33.644 [info] > git show --textconv :tests/tests/5.desc [3ms]
2025-10-19 00:16:33.644 [info] > git ls-files --stage -- tests/tests/5.desc [0ms]
2025-10-19 00:16:33.647 [info] > git cat-file -s e39827927c7ddee3784f6e5b6bdb59d074d04e84 [1ms]
2025-10-19 00:16:34.538 [info] > git config --get commit.template [1ms]
2025-10-19 00:16:34.538 [info] > git config --get commit.template [3ms]
2025-10-19 00:16:34.542 [info] > git for-each-ref --format=%(refname)%00%(upstream:short)%00%(objectname)%00%(upstream:track)%00%(upstream:remotename)%00%(upstream:remoteref) refs/heads/main refs/remotes/main [2ms]
2025-10-19 00:16:34.544 [warning] [Git][revParse] Unable to read file: ENOENT: no such file or directory, open '/home/kuroma/Storage/college/college-comp-sci/CS-537/.git/refs/remotes/origin/main'
2025-10-19 00:16:34.544 [info] > git for-each-ref --format=%(refname)%00%(upstream:short)%00%(objectname)%00%(upstream:track)%00%(upstream:remotename)%00%(upstream:remoteref) refs/heads/main refs/remotes/main [2ms]
2025-10-19 00:16:34.549 [info] > git rev-parse refs/remotes/origin/main [4ms]
2025-10-19 00:16:34.553 [info] > git status -z -uall [7ms]
2025-10-19 00:16:34.553 [info] > git status -z -uall [2ms]
2025-10-19 00:16:34.553 [info] > git for-each-ref --sort -committerdate --format %(refname)%00%(objectname)%00%(*objectname) [5ms]
2025-10-19 00:16:34.555 [info] > git for-each-ref --sort -committerdate --format %(refname)%00%(objectname)%00%(*objectname) [2ms]
2025-10-19 00:16:40.471 [info] > git config --get commit.template [3ms]
2025-10-19 00:16:40.471 [info] > git config --get commit.template [1ms]
2025-10-19 00:16:40.475 [info] > git for-each-ref --format=%(refname)%00%(upstream:short)%00%(objectname)%00%(upstream:track)%00%(upstream:remotename)%00%(upstream:remoteref) refs/heads/main refs/remotes/main [2ms]
2025-10-19 00:16:40.477 [warning] [Git][revParse] Unable to read file: ENOENT: no such file or directory, open '/home/kuroma/Storage/college/college-comp-sci/CS-537/.git/refs/remotes/origin/main'
2025-10-19 00:16:40.478 [info] > git for-each-ref --format=%(refname)%00%(upstream:short)%00%(objectname)%00%(upstream:track)%00%(upstream:remotename)%00%(upstream:remoteref) refs/heads/main refs/remotes/main [3ms]
2025-10-19 00:16:40.482 [info] > git rev-parse refs/remotes/origin/main [5ms]
2025-10-19 00:16:40.486 [info] > git status -z -uall [6ms]
2025-10-19 00:16:40.486 [info] > git status -z -uall [2ms]
2025-10-19 00:16:40.487 [info] > git for-each-ref --sort -committerdate --format %(refname)%00%(objectname)%00%(*objectname) [5ms]
2025-10-19 00:16:40.488 [info] > git for-each-ref --sort -committerdate --format %(refname)%00%(objectname)%00%(*objectname) [2ms]
2025-10-19 00:16:55.527 [info] > git config --get commit.template [3ms]
2025-10-19 00:16:55.531 [info] > git for-each-ref --format=%(refname)%00%(upstream:short)%00%(objectname)%00%(upstream:track)%00%(upstream:remotename)%00%(upstream:remoteref) refs/heads/main refs/remotes/main [2ms]
2025-10-19 00:16:55.531 [info] > git config --get commit.template [5ms]
2025-10-19 00:16:55.533 [warning] [Git][revParse] Unable to read file: ENOENT: no such file or directory, open '/home/kuroma/Storage/college/college-comp-sci/CS-537/.git/refs/remotes/origin/main'
2025-10-19 00:16:55.533 [info] > git for-each-ref --format=%(refname)%00%(upstream:short)%00%(objectname)%00%(upstream:track)%00%(upstream:remotename)%00%(upstream:remoteref) refs/heads/main refs/remotes/main [3ms]
2025-10-19 00:16:55.537 [info] > git rev-parse refs/remotes/origin/main [4ms]
2025-10-19 00:16:55.541 [info] > git status -z -uall [6ms]
2025-10-19 00:16:55.541 [info] > git status -z -uall [2ms]
2025-10-19 00:16:55.541 [info] > git for-each-ref --sort -committerdate --format %(refname)%00%(objectname)%00%(*objectname) [4ms]
2025-10-19 00:16:55.542 [info] > git for-each-ref --sort -committerdate --format %(refname)%00%(objectname)%00%(*objectname) [1ms]
2025-10-19 00:18:02.248 [info] > git check-ignore -v -z --stdin [2ms]
2025-10-19 00:18:02.249 [info] > git check-ignore -v -z --stdin [1ms]
2025-10-19 00:18:03.398 [info] > git check-ignore -v -z --stdin [4ms]
2025-10-19 00:18:03.398 [info] > git check-ignore -v -z --stdin [2ms]
2025-10-19 00:18:03.398 [info] > git check-ignore -v -z --stdin [0ms]
2025-10-19 00:18:05.216 [info] > git check-ignore -v -z --stdin [1ms]
2025-10-19 00:18:07.161 [info] > git check-ignore -v -z --stdin [0ms]
2025-10-19 00:18:10.849 [info] > git show --textconv :tests/tests/5.run [2ms]
2025-10-19 00:18:10.850 [info] > git ls-files --stage -- tests/tests/5.run [1ms]
2025-10-19 00:18:10.852 [info] > git cat-file -s 2c81649c0205156b1dd96583cdb182498d1e0dbc [1ms]
2025-10-19 00:18:12.234 [info] > git check-ignore -v -z --stdin [1ms]
2025-10-19 00:21:49.792 [info] > git check-ignore -v -z --stdin [1ms]
2025-10-19 00:21:52.847 [info] > git check-ignore -v -z --stdin [1ms]
2025-10-19 00:23:02.694 [info] > git config --get commit.template [3ms]
2025-10-19 00:23:02.694 [info] > git for-each-ref --format=%(refname)%00%(upstream:short)%00%(objectname)%00%(upstream:track)%00%(upstream:remotename)%00%(upstream:remoteref) refs/heads/main refs/remotes/main [1ms]
2025-10-19 00:23:02.696 [warning] [Git][revParse] Unable to read file: ENOENT: no such file or directory, open '/home/kuroma/Storage/college/college-comp-sci/CS-537/.git/refs/remotes/origin/main'
2025-10-19 00:23:02.697 [info] > git rev-parse refs/remotes/origin/main [1ms]
2025-10-19 00:23:02.701 [info] > git status -z -uall [2ms]
2025-10-19 00:23:02.702 [info] > git for-each-ref --sort -committerdate --format %(refname)%00%(objectname)%00%(*objectname) [1ms]
2025-10-19 00:25:39.395 [info] > git config --get commit.template [2ms]
2025-10-19 00:25:39.400 [info] > git config --get commit.template [5ms]
2025-10-19 00:25:39.400 [info] > git for-each-ref --format=%(refname)%00%(upstream:short)%00%(objectname)%00%(upstream:track)%00%(upstream:remotename)%00%(upstream:remoteref) refs/heads/main refs/remotes/main [2ms]
2025-10-19 00:25:39.402 [warning] [Git][revParse] Unable to read file: ENOENT: no such file or directory, open '/home/kuroma/Storage/college/college-comp-sci/CS-537/.git/refs/remotes/origin/main'
2025-10-19 00:25:39.402 [info] > git for-each-ref --format=%(refname)%00%(upstream:short)%00%(objectname)%00%(upstream:track)%00%(upstream:remotename)%00%(upstream:remoteref) refs/heads/main refs/remotes/main [2ms]
2025-10-19 00:25:39.407 [info] > git status -z -uall [3ms]
2025-10-19 00:25:39.407 [info] > git rev-parse refs/remotes/origin/main [5ms]
2025-10-19 00:25:39.411 [info] > git status -z -uall [2ms]
2025-10-19 00:25:39.412 [info] > git for-each-ref --sort -committerdate --format %(refname)%00%(objectname)%00%(*objectname) [6ms]
2025-10-19 00:25:39.413 [info] > git for-each-ref --sort -committerdate --format %(refname)%00%(objectname)%00%(*objectname) [2ms]
2025-10-19 00:25:48.087 [info] > git config --get commit.template [3ms]
2025-10-19 00:25:48.091 [info] > git for-each-ref --format=%(refname)%00%(upstream:short)%00%(objectname)%00%(upstream:track)%00%(upstream:remotename)%00%(upstream:remoteref) refs/heads/main refs/remotes/main [2ms]
2025-10-19 00:25:48.091 [info] > git config --get commit.template [5ms]
2025-10-19 00:25:48.093 [warning] [Git][revParse] Unable to read file: ENOENT: no such file or directory, open '/home/kuroma/Storage/college/college-comp-sci/CS-537/.git/refs/remotes/origin/main'
2025-10-19 00:25:48.093 [info] > git for-each-ref --format=%(refname)%00%(upstream:short)%00%(objectname)%00%(upstream:track)%00%(upstream:remotename)%00%(upstream:remoteref) refs/heads/main refs/remotes/main [2ms]
2025-10-19 00:25:48.098 [info] > git rev-parse refs/remotes/origin/main [5ms]
2025-10-19 00:25:48.102 [info] > git status -z -uall [7ms]
2025-10-19 00:25:48.102 [info] > git status -z -uall [2ms]
2025-10-19 00:25:48.102 [info] > git for-each-ref --sort -committerdate --format %(refname)%00%(objectname)%00%(*objectname) [4ms]
2025-10-19 00:25:48.103 [info] > git for-each-ref --sort -committerdate --format %(refname)%00%(objectname)%00%(*objectname) [1ms]
2025-10-19 00:25:48.675 [info] > git show --textconv :tests/tests/5.run [3ms]
2025-10-19 00:25:48.675 [info] > git ls-files --stage -- tests/tests/5.run [1ms]
2025-10-19 00:25:48.678 [info] > git cat-file -s 2c81649c0205156b1dd96583cdb182498d1e0dbc [1ms]
2025-10-19 00:25:53.111 [info] > git config --get commit.template [3ms]
2025-10-19 00:25:53.111 [info] > git config --get commit.template [1ms]
2025-10-19 00:25:53.115 [info] > git for-each-ref --format=%(refname)%00%(upstream:short)%00%(objectname)%00%(upstream:track)%00%(upstream:remotename)%00%(upstream:remoteref) refs/heads/main refs/remotes/main [2ms]
2025-10-19 00:25:53.119 [info] > git for-each-ref --format=%(refname)%00%(upstream:short)%00%(objectname)%00%(upstream:track)%00%(upstream:remotename)%00%(upstream:remoteref) refs/heads/main refs/remotes/main [4ms]
2025-10-19 00:25:53.121 [warning] [Git][revParse] Unable to read file: ENOENT: no such file or directory, open '/home/kuroma/Storage/college/college-comp-sci/CS-537/.git/refs/remotes/origin/main'
2025-10-19 00:25:53.121 [info] > git status -z -uall [4ms]
2025-10-19 00:25:53.121 [info] > git for-each-ref --sort -committerdate --format %(refname)%00%(objectname)%00%(*objectname) [2ms]
2025-10-19 00:25:53.122 [info] > git rev-parse refs/remotes/origin/main [1ms]
2025-10-19 00:25:53.127 [info] > git status -z -uall [3ms]
2025-10-19 00:25:53.127 [info] > git for-each-ref --sort -committerdate --format %(refname)%00%(objectname)%00%(*objectname) [1ms]
2025-10-19 00:26:17.896 [info] > git check-ignore -v -z --stdin [1ms]
2025-10-19 00:26:25.902 [info] > git check-ignore -v -z --stdin [1ms]
2025-10-19 00:26:27.141 [info] > git check-ignore -v -z --stdin [0ms]
2025-10-19 00:26:27.950 [info] > git show --textconv :tests/tests/5.run [3ms]
2025-10-19 00:26:27.950 [info] > git ls-files --stage -- tests/tests/5.run [1ms]
2025-10-19 00:26:27.953 [info] > git cat-file -s 2c81649c0205156b1dd96583cdb182498d1e0dbc [1ms]
2025-10-19 00:26:45.646 [info] > git config --get commit.template [3ms]
2025-10-19 00:26:45.650 [info] > git config --get commit.template [5ms]
2025-10-19 00:26:45.650 [info] > git for-each-ref --format=%(refname)%00%(upstream:short)%00%(objectname)%00%(upstream:track)%00%(upstream:remotename)%00%(upstream:remoteref) refs/heads/main refs/remotes/main [2ms]
2025-10-19 00:26:45.652 [warning] [Git][revParse] Unable to read file: ENOENT: no such file or directory, open '/home/kuroma/Storage/college/college-comp-sci/CS-537/.git/refs/remotes/origin/main'
2025-10-19 00:26:45.652 [info] > git for-each-ref --format=%(refname)%00%(upstream:short)%00%(objectname)%00%(upstream:track)%00%(upstream:remotename)%00%(upstream:remoteref) refs/heads/main refs/remotes/main [2ms]
2025-10-19 00:26:45.657 [info] > git rev-parse refs/remotes/origin/main [5ms]
2025-10-19 00:26:45.661 [info] > git status -z -uall [7ms]
2025-10-19 00:26:45.661 [info] > git status -z -uall [2ms]
2025-10-19 00:26:45.661 [info] > git for-each-ref --sort -committerdate --format %(refname)%00%(objectname)%00%(*objectname) [5ms]
2025-10-19 00:26:45.662 [info] > git for-each-ref --sort -committerdate --format %(refname)%00%(objectname)%00%(*objectname) [1ms]
2025-10-19 00:26:45.747 [info] > git ls-files --stage -- tests/tests/5.run [0ms]
2025-10-19 00:26:45.750 [info] > git cat-file -s 2c81649c0205156b1dd96583cdb182498d1e0dbc [1ms]
2025-10-19 00:26:45.753 [info] > git show --textconv :tests/tests/5.run [1ms]
2025-10-19 00:27:16.283 [info] > git ls-files --stage -- tests/tests/5.run [1ms]
2025-10-19 00:27:16.286 [info] > git cat-file -s 2c81649c0205156b1dd96583cdb182498d1e0dbc [1ms]
2025-10-19 00:27:16.289 [info] > git show --textconv :tests/tests/5.run [0ms]
2025-10-19 00:27:16.373 [info] > git config --get commit.template [2ms]
2025-10-19 00:27:16.377 [info] > git config --get commit.template [5ms]
2025-10-19 00:27:16.377 [info] > git for-each-ref --format=%(refname)%00%(upstream:short)%00%(objectname)%00%(upstream:track)%00%(upstream:remotename)%00%(upstream:remoteref) refs/heads/main refs/remotes/main [3ms]
2025-10-19 00:27:16.379 [warning] [Git][revParse] Unable to read file: ENOENT: no such file or directory, open '/home/kuroma/Storage/college/college-comp-sci/CS-537/.git/refs/remotes/origin/main'
2025-10-19 00:27:16.379 [info] > git for-each-ref --format=%(refname)%00%(upstream:short)%00%(objectname)%00%(upstream:track)%00%(upstream:remotename)%00%(upstream:remoteref) refs/heads/main refs/remotes/main [3ms]
2025-10-19 00:27:16.383 [info] > git rev-parse refs/remotes/origin/main [4ms]
2025-10-19 00:27:16.387 [info] > git status -z -uall [6ms]
2025-10-19 00:27:16.387 [info] > git status -z -uall [2ms]
2025-10-19 00:27:16.387 [info] > git for-each-ref --sort -committerdate --format %(refname)%00%(objectname)%00%(*objectname) [4ms]
2025-10-19 00:27:16.389 [info] > git for-each-ref --sort -committerdate --format %(refname)%00%(objectname)%00%(*objectname) [2ms]
2025-10-19 00:27:51.710 [info] > git config --get commit.template [3ms]
2025-10-19 00:27:51.711 [info] > git for-each-ref --format=%(refname)%00%(upstream:short)%00%(objectname)%00%(upstream:track)%00%(upstream:remotename)%00%(upstream:remoteref) refs/heads/main refs/remotes/main [1ms]
2025-10-19 00:27:51.713 [warning] [Git][revParse] Unable to read file: ENOENT: no such file or directory, open '/home/kuroma/Storage/college/college-comp-sci/CS-537/.git/refs/remotes/origin/main'
2025-10-19 00:27:51.713 [info] > git rev-parse refs/remotes/origin/main [0ms]
2025-10-19 00:27:51.718 [info] > git status -z -uall [3ms]
2025-10-19 00:27:51.718 [info] > git for-each-ref --sort -committerdate --format %(refname)%00%(objectname)%00%(*objectname) [1ms]
2025-10-19 00:27:55.383 [info] > git show --textconv :tests/tests/5.run [2ms]
2025-10-19 00:27:55.383 [info] > git ls-files --stage -- tests/tests/5.run [0ms]
2025-10-19 00:27:55.386 [info] > git cat-file -s 2c81649c0205156b1dd96583cdb182498d1e0dbc [1ms]
2025-10-19 00:27:57.282 [info] > git config --get commit.template [3ms]
2025-10-19 00:27:57.282 [info] > git for-each-ref --format=%(refname)%00%(upstream:short)%00%(objectname)%00%(upstream:track)%00%(upstream:remotename)%00%(upstream:remoteref) refs/heads/main refs/remotes/main [1ms]
2025-10-19 00:27:57.284 [warning] [Git][revParse] Unable to read file: ENOENT: no such file or directory, open '/home/kuroma/Storage/college/college-comp-sci/CS-537/.git/refs/remotes/origin/main'
2025-10-19 00:27:57.285 [info] > git rev-parse refs/remotes/origin/main [1ms]
2025-10-19 00:27:57.289 [info] > git status -z -uall [2ms]
2025-10-19 00:27:57.290 [info] > git for-each-ref --sort -committerdate --format %(refname)%00%(objectname)%00%(*objectname) [1ms]
2025-10-19 00:27:57.796 [info] > git show --textconv :tests/tests/5.run [2ms]
2025-10-19 00:27:57.796 [info] > git ls-files --stage -- tests/tests/5.run [0ms]
2025-10-19 00:27:57.799 [info] > git cat-file -s 2c81649c0205156b1dd96583cdb182498d1e0dbc [1ms]
2025-10-19 00:27:59.951 [info] > git show --textconv :tests/tests/5.run [2ms]
2025-10-19 00:27:59.952 [info] > git ls-files --stage -- tests/tests/5.run [1ms]
2025-10-19 00:27:59.954 [info] > git cat-file -s 2c81649c0205156b1dd96583cdb182498d1e0dbc [0ms]
2025-10-19 00:28:02.297 [info] > git config --get commit.template [3ms]
2025-10-19 00:28:02.297 [info] > git for-each-ref --format=%(refname)%00%(upstream:short)%00%(objectname)%00%(upstream:track)%00%(upstream:remotename)%00%(upstream:remoteref) refs/heads/main refs/remotes/main [1ms]
2025-10-19 00:28:02.299 [warning] [Git][revParse] Unable to read file: ENOENT: no such file or directory, open '/home/kuroma/Storage/college/college-comp-sci/CS-537/.git/refs/remotes/origin/main'
2025-10-19 00:28:02.300 [info] > git rev-parse refs/remotes/origin/main [1ms]
2025-10-19 00:28:02.304 [info] > git status -z -uall [2ms]
2025-10-19 00:28:02.305 [info] > git for-each-ref --sort -committerdate --format %(refname)%00%(objectname)%00%(*objectname) [1ms]
2025-10-19 00:28:09.651 [info] > git check-ignore -v -z --stdin [1ms]
2025-10-19 00:28:10.621 [info] > git show --textconv :tests/tests/5.run [2ms]
2025-10-19 00:28:10.622 [info] > git ls-files --stage -- tests/tests/5.run [1ms]
2025-10-19 00:28:10.625 [info] > git cat-file -s 2c81649c0205156b1dd96583cdb182498d1e0dbc [0ms]
2025-10-19 00:28:31.383 [info] > git check-ignore -v -z --stdin [1ms]
2025-10-19 00:28:36.346 [info] > git check-ignore -v -z --stdin [1ms]
2025-10-19 00:28:41.969 [info] > git config --get commit.template [2ms]
2025-10-19 00:28:41.974 [info] > git for-each-ref --format=%(refname)%00%(upstream:short)%00%(objectname)%00%(upstream:track)%00%(upstream:remotename)%00%(upstream:remoteref) refs/heads/main refs/remotes/main [3ms]
2025-10-19 00:28:41.974 [info] > git config --get commit.template [5ms]
2025-10-19 00:28:41.975 [warning] [Git][revParse] Unable to read file: ENOENT: no such file or directory, open '/home/kuroma/Storage/college/college-comp-sci/CS-537/.git/refs/remotes/origin/main'
2025-10-19 00:28:41.976 [info] > git for-each-ref --format=%(refname)%00%(upstream:short)%00%(objectname)%00%(upstream:track)%00%(upstream:remotename)%00%(upstream:remoteref) refs/heads/main refs/remotes/main [3ms]
2025-10-19 00:28:41.980 [info] > git status -z -uall [2ms]
2025-10-19 00:28:41.980 [info] > git rev-parse refs/remotes/origin/main [5ms]
2025-10-19 00:28:41.985 [info] > git status -z -uall [3ms]
2025-10-19 00:28:41.985 [info] > git for-each-ref --sort -committerdate --format %(refname)%00%(objectname)%00%(*objectname) [5ms]
2025-10-19 00:28:41.986 [info] > git for-each-ref --sort -committerdate --format %(refname)%00%(objectname)%00%(*objectname) [2ms]
2025-10-19 00:29:04.968 [info] > git show --textconv :solution/Makefile [3ms]
2025-10-19 00:29:04.968 [info] > git ls-files --stage -- solution/Makefile [1ms]
2025-10-19 00:29:04.971 [info] > git cat-file -s 0422c7af1fcb57b50982e51c4016fa3556849e31 [1ms]
2025-10-19 00:29:19.193 [info] > git show --textconv :solution/sysproc.c [2ms]
2025-10-19 00:29:19.194 [info] > git ls-files --stage -- solution/sysproc.c [1ms]
2025-10-19 00:29:19.196 [info] > git cat-file -s a9639cb1a449f83544a2d931d40f897f6712ef00 [0ms]
2025-10-19 00:29:31.727 [info] > git show --textconv :solution/Makefile [2ms]
2025-10-19 00:29:31.728 [info] > git ls-files --stage -- solution/Makefile [1ms]
2025-10-19 00:29:31.731 [info] > git cat-file -s 0422c7af1fcb57b50982e51c4016fa3556849e31 [1ms]
2025-10-19 00:29:34.639 [info] > git blame --root --incremental 8efc184ea1ed03e434b257b2490d50791abdc799 -- solution/Makefile [31ms]
2025-10-19 00:29:47.643 [info] > git config --get commit.template [2ms]
2025-10-19 00:29:47.647 [info] > git config --get commit.template [4ms]
2025-10-19 00:29:47.647 [info] > git for-each-ref --format=%(refname)%00%(upstream:short)%00%(objectname)%00%(upstream:track)%00%(upstream:remotename)%00%(upstream:remoteref) refs/heads/main refs/remotes/main [2ms]
2025-10-19 00:29:47.649 [warning] [Git][revParse] Unable to read file: ENOENT: no such file or directory, open '/home/kuroma/Storage/college/college-comp-sci/CS-537/.git/refs/remotes/origin/main'
2025-10-19 00:29:47.649 [info] > git for-each-ref --format=%(refname)%00%(upstream:short)%00%(objectname)%00%(upstream:track)%00%(upstream:remotename)%00%(upstream:remoteref) refs/heads/main refs/remotes/main [2ms]
2025-10-19 00:29:47.654 [info] > git rev-parse refs/remotes/origin/main [5ms]
2025-10-19 00:29:47.658 [info] > git status -z -uall [7ms]
2025-10-19 00:29:47.658 [info] > git status -z -uall [2ms]
2025-10-19 00:29:47.658 [info] > git for-each-ref --sort -committerdate --format %(refname)%00%(objectname)%00%(*objectname) [5ms]
2025-10-19 00:29:47.659 [info] > git for-each-ref --sort -committerdate --format %(refname)%00%(objectname)%00%(*objectname) [2ms]
2025-10-19 00:31:09.225 [info] > git check-ignore -v -z --stdin [0ms]
2025-10-19 00:31:12.114 [info] > git show --textconv :solution/Makefile [4ms]
2025-10-19 00:31:12.114 [info] > git ls-files --stage -- solution/Makefile [1ms]
2025-10-19 00:31:12.118 [info] > git cat-file -s 0422c7af1fcb57b50982e51c4016fa3556849e31 [1ms]
2025-10-19 00:31:13.463 [info] > git check-ignore -v -z --stdin [1ms]
2025-10-19 00:31:14.546 [info] > git show --textconv :solution/Makefile [3ms]
2025-10-19 00:31:14.546 [info] > git ls-files --stage -- solution/Makefile [1ms]
2025-10-19 00:31:14.549 [info] > git cat-file -s 0422c7af1fcb57b50982e51c4016fa3556849e31 [1ms]
2025-10-19 00:31:23.665 [info] > git config --get commit.template [2ms]
2025-10-19 00:31:23.665 [info] > git for-each-ref --format=%(refname)%00%(upstream:short)%00%(objectname)%00%(upstream:track)%00%(upstream:remotename)%00%(upstream:remoteref) refs/heads/main refs/remotes/main [0ms]
2025-10-19 00:31:23.667 [warning] [Git][revParse] Unable to read file: ENOENT: no such file or directory, open '/home/kuroma/Storage/college/college-comp-sci/CS-537/.git/refs/remotes/origin/main'
2025-10-19 00:31:23.668 [info] > git rev-parse refs/remotes/origin/main [1ms]
2025-10-19 00:31:23.672 [info] > git status -z -uall [3ms]
2025-10-19 00:31:23.672 [info] > git for-each-ref --sort -committerdate --format %(refname)%00%(objectname)%00%(*objectname) [1ms]
2025-10-19 00:31:24.585 [info] > git show --textconv :solution/Makefile [2ms]
2025-10-19 00:31:24.585 [info] > git ls-files --stage -- solution/Makefile [0ms]
2025-10-19 00:31:24.588 [info] > git cat-file -s 0422c7af1fcb57b50982e51c4016fa3556849e31 [1ms]
2025-10-19 00:33:06.726 [info] > git show --textconv :solution/sysproc.c [3ms]
2025-10-19 00:33:06.726 [info] > git ls-files --stage -- solution/sysproc.c [1ms]
2025-10-19 00:33:06.729 [info] > git cat-file -s a9639cb1a449f83544a2d931d40f897f6712ef00 [1ms]
2025-10-19 00:33:06.895 [info] > git blame --root --incremental 8efc184ea1ed03e434b257b2490d50791abdc799 -- solution/sysproc.c [1ms]
2025-10-19 00:33:24.368 [info] > git check-ignore -v -z --stdin [1ms]
2025-10-19 00:33:27.730 [info] > git check-ignore -v -z --stdin [0ms]
2025-10-19 00:33:29.397 [info] > git check-ignore -v -z --stdin [1ms]
2025-10-19 00:33:30.548 [info] > git check-ignore -v -z --stdin [1ms]
2025-10-19 00:33:33.783 [info] > git check-ignore -v -z --stdin [1ms]
2025-10-19 00:33:35.469 [info] > git check-ignore -v -z --stdin [0ms]
2025-10-19 00:33:36.563 [info] > git check-ignore -v -z --stdin [1ms]
2025-10-19 00:33:37.381 [info] > git check-ignore -v -z --stdin [0ms]
2025-10-19 00:33:40.061 [info] > git check-ignore -v -z --stdin [0ms]
2025-10-19 00:33:41.010 [info] > git show --textconv :cs537-projects/p3-old/solution/sysproc.c [2ms]
2025-10-19 00:33:41.012 [info] > git ls-files --stage -- cs537-projects/p3-old/solution/sysproc.c [2ms]
2025-10-19 00:33:41.015 [info] > git hash-object -t tree /dev/null [3ms]
2025-10-19 00:33:41.015 [warning] [GitFileSystemProvider][readFile] File not found - git:/home/kuroma/Storage/college/college-comp-sci/CS-537/cs537-projects/p3-old/solution/sysproc.c.git?%7B%22path%22%3A%22%2Fhome%2Fkuroma%2FStorage%2Fcollege%2Fcollege-comp-sci%2FCS-537%2Fcs537-projects%2Fp3-old%2Fsolution%2Fsysproc.c%22%2C%22ref%22%3A%22%22%7D
2025-10-19 00:33:41.015 [info] > git hash-object -t tree /dev/null [1ms]
2025-10-19 00:33:41.015 [warning] [GitFileSystemProvider][stat] File not found - git:/home/kuroma/Storage/college/college-comp-sci/CS-537/cs537-projects/p3-old/solution/sysproc.c.git?%7B%22path%22%3A%22%2Fhome%2Fkuroma%2FStorage%2Fcollege%2Fcollege-comp-sci%2FCS-537%2Fcs537-projects%2Fp3-old%2Fsolution%2Fsysproc.c%22%2C%22ref%22%3A%22%22%7D
2025-10-19 00:33:41.206 [info] > git blame --root --incremental c3ae25634fcf61888b67b8dd736e9011e571cb36 -- cs537-projects/p3-old/solution/sysproc.c [1ms]
2025-10-19 00:33:41.206 [info] fatal: no such path cs537-projects/p3-old/solution/sysproc.c in c3ae25634fcf61888b67b8dd736e9011e571cb36
2025-10-19 00:36:15.988 [info] > git show --textconv :solution/Makefile [4ms]
2025-10-19 00:36:15.989 [info] > git ls-files --stage -- solution/Makefile [1ms]
2025-10-19 00:36:15.992 [info] > git cat-file -s 0422c7af1fcb57b50982e51c4016fa3556849e31 [1ms]
2025-10-19 00:36:19.984 [info] > git config --get commit.template [3ms]
2025-10-19 00:36:19.984 [info] > git config --get commit.template [1ms]
2025-10-19 00:36:19.988 [info] > git for-each-ref --format=%(refname)%00%(upstream:short)%00%(objectname)%00%(upstream:track)%00%(upstream:remotename)%00%(upstream:remoteref) refs/heads/main refs/remotes/main [2ms]
2025-10-19 00:36:19.990 [warning] [Git][revParse] Unable to read file: ENOENT: no such file or directory, open '/home/kuroma/Storage/college/college-comp-sci/CS-537/.git/refs/remotes/origin/main'
2025-10-19 00:36:19.990 [info] > git for-each-ref --format=%(refname)%00%(upstream:short)%00%(objectname)%00%(upstream:track)%00%(upstream:remotename)%00%(upstream:remoteref) refs/heads/main refs/remotes/main [2ms]
2025-10-19 00:36:19.995 [info] > git rev-parse refs/remotes/origin/main [5ms]
2025-10-19 00:36:19.999 [info] > git status -z -uall [7ms]
2025-10-19 00:36:19.999 [info] > git status -z -uall [2ms]
2025-10-19 00:36:19.999 [info] > git for-each-ref --sort -committerdate --format %(refname)%00%(objectname)%00%(*objectname) [4ms]
2025-10-19 00:36:20.000 [info] > git for-each-ref --sort -committerdate --format %(refname)%00%(objectname)%00%(*objectname) [1ms]
2025-10-19 00:36:21.956 [info] > git show --textconv :cs537-projects/p3-old/solution/sysproc.c [3ms]
2025-10-19 00:36:21.957 [warning] [GitFileSystemProvider][readFile] File not found - git:/home/kuroma/Storage/college/college-comp-sci/CS-537/cs537-projects/p3-old/solution/sysproc.c.git?%7B%22path%22%3A%22%2Fhome%2Fkuroma%2FStorage%2Fcollege%2Fcollege-comp-sci%2FCS-537%2Fcs537-projects%2Fp3-old%2Fsolution%2Fsysproc.c%22%2C%22ref%22%3A%22%22%7D
2025-10-19 00:36:21.957 [info] > git ls-files --stage -- cs537-projects/p3-old/solution/sysproc.c [1ms]
2025-10-19 00:36:21.957 [warning] [GitFileSystemProvider][stat] File not found - git:/home/kuroma/Storage/college/college-comp-sci/CS-537/cs537-projects/p3-old/solution/sysproc.c.git?%7B%22path%22%3A%22%2Fhome%2Fkuroma%2FStorage%2Fcollege%2Fcollege-comp-sci%2FCS-537%2Fcs537-projects%2Fp3-old%2Fsolution%2Fsysproc.c%22%2C%22ref%22%3A%22%22%7D
2025-10-19 00:36:24.231 [info] > git check-ignore -v -z --stdin [1ms]
2025-10-19 00:37:02.329 [info] > git config --get commit.template [2ms]
2025-10-19 00:37:02.329 [info] > git config --get commit.template [0ms]
2025-10-19 00:37:02.333 [info] > git for-each-ref --format=%(refname)%00%(upstream:short)%00%(objectname)%00%(upstream:track)%00%(upstream:remotename)%00%(upstream:remoteref) refs/heads/main refs/remotes/main [2ms]
2025-10-19 00:37:02.336 [warning] [Git][revParse] Unable to read file: ENOENT: no such file or directory, open '/home/kuroma/Storage/college/college-comp-sci/CS-537/.git/refs/remotes/origin/main'
2025-10-19 00:37:02.336 [info] > git for-each-ref --format=%(refname)%00%(upstream:short)%00%(objectname)%00%(upstream:track)%00%(upstream:remotename)%00%(upstream:remoteref) refs/heads/main refs/remotes/main [3ms]
2025-10-19 00:37:02.341 [info] > git status -z -uall [2ms]
2025-10-19 00:37:02.341 [info] > git rev-parse refs/remotes/origin/main [5ms]
2025-10-19 00:37:02.345 [info] > git status -z -uall [3ms]
2025-10-19 00:37:02.345 [info] > git for-each-ref --sort -committerdate --format %(refname)%00%(objectname)%00%(*objectname) [5ms]
2025-10-19 00:37:02.346 [info] > git for-each-ref --sort -committerdate --format %(refname)%00%(objectname)%00%(*objectname) [2ms]
2025-10-19 00:37:07.353 [info] > git config --get commit.template [3ms]
2025-10-19 00:37:07.357 [info] > git for-each-ref --format=%(refname)%00%(upstream:short)%00%(objectname)%00%(upstream:track)%00%(upstream:remotename)%00%(upstream:remoteref) refs/heads/main refs/remotes/main [2ms]
2025-10-19 00:37:07.357 [info] > git config --get commit.template [5ms]
2025-10-19 00:37:07.361 [info] > git for-each-ref --format=%(refname)%00%(upstream:short)%00%(objectname)%00%(upstream:track)%00%(upstream:remotename)%00%(upstream:remoteref) refs/heads/main refs/remotes/main [5ms]
2025-10-19 00:37:07.363 [warning] [Git][revParse] Unable to read file: ENOENT: no such file or directory, open '/home/kuroma/Storage/college/college-comp-sci/CS-537/.git/refs/remotes/origin/main'
2025-10-19 00:37:07.363 [info] > git status -z -uall [5ms]
2025-10-19 00:37:07.363 [info] > git for-each-ref --sort -committerdate --format %(refname)%00%(objectname)%00%(*objectname) [3ms]
2025-10-19 00:37:07.364 [info] > git rev-parse refs/remotes/origin/main [1ms]
2025-10-19 00:37:07.368 [info] > git status -z -uall [2ms]
2025-10-19 00:37:07.369 [info] > git for-each-ref --sort -committerdate --format %(refname)%00%(objectname)%00%(*objectname) [1ms]
2025-10-19 00:37:18.684 [info] > git config --get commit.template [2ms]
2025-10-19 00:37:18.688 [info] > git for-each-ref --format=%(refname)%00%(upstream:short)%00%(objectname)%00%(upstream:track)%00%(upstream:remotename)%00%(upstream:remoteref) refs/heads/main refs/remotes/main [2ms]
2025-10-19 00:37:18.688 [info] > git config --get commit.template [4ms]
2025-10-19 00:37:18.690 [warning] [Git][revParse] Unable to read file: ENOENT: no such file or directory, open '/home/kuroma/Storage/college/college-comp-sci/CS-537/.git/refs/remotes/origin/main'
2025-10-19 00:37:18.690 [info] > git for-each-ref --format=%(refname)%00%(upstream:short)%00%(objectname)%00%(upstream:track)%00%(upstream:remotename)%00%(upstream:remoteref) refs/heads/main refs/remotes/main [2ms]
2025-10-19 00:37:18.694 [info] > git rev-parse refs/remotes/origin/main [4ms]
2025-10-19 00:37:18.698 [info] > git status -z -uall [6ms]
2025-10-19 00:37:18.698 [info] > git status -z -uall [2ms]
2025-10-19 00:37:18.699 [info] > git for-each-ref --sort -committerdate --format %(refname)%00%(objectname)%00%(*objectname) [5ms]
2025-10-19 00:37:18.700 [info] > git for-each-ref --sort -committerdate --format %(refname)%00%(objectname)%00%(*objectname) [2ms]
2025-10-19 00:37:23.706 [info] > git config --get commit.template [2ms]
2025-10-19 00:37:23.709 [info] > git config --get commit.template [4ms]
2025-10-19 00:37:23.710 [info] > git for-each-ref --format=%(refname)%00%(upstream:short)%00%(objectname)%00%(upstream:track)%00%(upstream:remotename)%00%(upstream:remoteref) refs/heads/main refs/remotes/main [3ms]
2025-10-19 00:37:23.714 [info] > git for-each-ref --format=%(refname)%00%(upstream:short)%00%(objectname)%00%(upstream:track)%00%(upstream:remotename)%00%(upstream:remoteref) refs/heads/main refs/remotes/main [5ms]
2025-10-19 00:37:23.716 [warning] [Git][revParse] Unable to read file: ENOENT: no such file or directory, open '/home/kuroma/Storage/college/college-comp-sci/CS-537/.git/refs/remotes/origin/main'
2025-10-19 00:37:23.716 [info] > git status -z -uall [4ms]
2025-10-19 00:37:23.716 [info] > git for-each-ref --sort -committerdate --format %(refname)%00%(objectname)%00%(*objectname) [3ms]
2025-10-19 00:37:23.717 [info] > git rev-parse refs/remotes/origin/main [1ms]
2025-10-19 00:37:23.721 [info] > git status -z -uall [2ms]
2025-10-19 00:37:23.721 [info] > git for-each-ref --sort -committerdate --format %(refname)%00%(objectname)%00%(*objectname) [0ms]
2025-10-19 00:37:37.043 [info] > git config --get commit.template [2ms]
2025-10-19 00:37:37.043 [info] > git config --get commit.template [0ms]
2025-10-19 00:37:37.047 [info] > git for-each-ref --format=%(refname)%00%(upstream:short)%00%(objectname)%00%(upstream:track)%00%(upstream:remotename)%00%(upstream:remoteref) refs/heads/main refs/remotes/main [2ms]
2025-10-19 00:37:37.049 [warning] [Git][revParse] Unable to read file: ENOENT: no such file or directory, open '/home/kuroma/Storage/college/college-comp-sci/CS-537/.git/refs/remotes/origin/main'
2025-10-19 00:37:37.049 [info] > git for-each-ref --format=%(refname)%00%(upstream:short)%00%(objectname)%00%(upstream:track)%00%(upstream:remotename)%00%(upstream:remoteref) refs/heads/main refs/remotes/main [2ms]
2025-10-19 00:37:37.054 [info] > git status -z -uall [3ms]
2025-10-19 00:37:37.054 [info] > git rev-parse refs/remotes/origin/main [5ms]
2025-10-19 00:37:37.059 [info] > git status -z -uall [3ms]
2025-10-19 00:37:37.059 [info] > git for-each-ref --sort -committerdate --format %(refname)%00%(objectname)%00%(*objectname) [5ms]
2025-10-19 00:37:37.060 [info] > git for-each-ref --sort -committerdate --format %(refname)%00%(objectname)%00%(*objectname) [1ms]
2025-10-19 00:37:49.788 [info] > git config --get commit.template [2ms]
2025-10-19 00:37:49.789 [info] > git for-each-ref --format=%(refname)%00%(upstream:short)%00%(objectname)%00%(upstream:track)%00%(upstream:remotename)%00%(upstream:remoteref) refs/heads/main refs/remotes/main [1ms]
2025-10-19 00:37:49.794 [info] > git status -z -uall [3ms]
2025-10-19 00:37:49.794 [info] > git for-each-ref --sort -committerdate --format %(refname)%00%(objectname)%00%(*objectname) [1ms]
2025-10-19 00:39:21.541 [info] > git check-ignore -v -z --stdin [1ms]
2025-10-19 00:40:31.322 [info] > git show --textconv :cs537-projects/p3-old/solution/sysproc.c [2ms]
2025-10-19 00:40:31.322 [warning] [GitFileSystemProvider][readFile] File not found - git:/home/kuroma/Storage/college/college-comp-sci/CS-537/cs537-projects/p3-old/solution/sysproc.c.git?%7B%22path%22%3A%22%2Fhome%2Fkuroma%2FStorage%2Fcollege%2Fcollege-comp-sci%2FCS-537%2Fcs537-projects%2Fp3-old%2Fsolution%2Fsysproc.c%22%2C%22ref%22%3A%22%22%7D
2025-10-19 00:40:31.322 [info] > git ls-files --stage -- cs537-projects/p3-old/solution/sysproc.c [0ms]
2025-10-19 00:40:31.323 [warning] [GitFileSystemProvider][stat] File not found - git:/home/kuroma/Storage/college/college-comp-sci/CS-537/cs537-projects/p3-old/solution/sysproc.c.git?%7B%22path%22%3A%22%2Fhome%2Fkuroma%2FStorage%2Fcollege%2Fcollege-comp-sci%2FCS-537%2Fcs537-projects%2Fp3-old%2Fsolution%2Fsysproc.c%22%2C%22ref%22%3A%22%22%7D
2025-10-19 00:40:32.775 [info] > git check-ignore -v -z --stdin [1ms]
2025-10-19 00:40:34.364 [info] > git show --textconv :cs537-projects/p3-old/solution/sysproc.c [2ms]
2025-10-19 00:40:34.365 [warning] [GitFileSystemProvider][readFile] File not found - git:/home/kuroma/Storage/college/college-comp-sci/CS-537/cs537-projects/p3-old/solution/sysproc.c.git?%7B%22path%22%3A%22%2Fhome%2Fkuroma%2FStorage%2Fcollege%2Fcollege-comp-sci%2FCS-537%2Fcs537-projects%2Fp3-old%2Fsolution%2Fsysproc.c%22%2C%22ref%22%3A%22%22%7D
2025-10-19 00:40:34.365 [info] > git ls-files --stage -- cs537-projects/p3-old/solution/sysproc.c [1ms]
2025-10-19 00:40:34.365 [warning] [GitFileSystemProvider][stat] File not found - git:/home/kuroma/Storage/college/college-comp-sci/CS-537/cs537-projects/p3-old/solution/sysproc.c.git?%7B%22path%22%3A%22%2Fhome%2Fkuroma%2FStorage%2Fcollege%2Fcollege-comp-sci%2FCS-537%2Fcs537-projects%2Fp3-old%2Fsolution%2Fsysproc.c%22%2C%22ref%22%3A%22%22%7D
2025-10-19 00:40:35.780 [info] > git check-ignore -v -z --stdin [0ms]
2025-10-19 00:40:37.861 [info] > git show --textconv :cs537-projects/p3-old/solution/sysproc.c [3ms]
2025-10-19 00:40:37.861 [warning] [GitFileSystemProvider][readFile] File not found - git:/home/kuroma/Storage/college/college-comp-sci/CS-537/cs537-projects/p3-old/solution/sysproc.c.git?%7B%22path%22%3A%22%2Fhome%2Fkuroma%2FStorage%2Fcollege%2Fcollege-comp-sci%2FCS-537%2Fcs537-projects%2Fp3-old%2Fsolution%2Fsysproc.c%22%2C%22ref%22%3A%22%22%7D
2025-10-19 00:40:37.861 [info] > git ls-files --stage -- cs537-projects/p3-old/solution/sysproc.c [0ms]
2025-10-19 00:40:37.861 [warning] [GitFileSystemProvider][stat] File not found - git:/home/kuroma/Storage/college/college-comp-sci/CS-537/cs537-projects/p3-old/solution/sysproc.c.git?%7B%22path%22%3A%22%2Fhome%2Fkuroma%2FStorage%2Fcollege%2Fcollege-comp-sci%2FCS-537%2Fcs537-projects%2Fp3-old%2Fsolution%2Fsysproc.c%22%2C%22ref%22%3A%22%22%7D
2025-10-19 00:40:39.212 [info] > git check-ignore -v -z --stdin [1ms]
2025-10-19 00:40:40.742 [info] > git show --textconv :cs537-projects/p3-old/solution/sysproc.c [2ms]
2025-10-19 00:40:40.742 [warning] [GitFileSystemProvider][readFile] File not found - git:/home/kuroma/Storage/college/college-comp-sci/CS-537/cs537-projects/p3-old/solution/sysproc.c.git?%7B%22path%22%3A%22%2Fhome%2Fkuroma%2FStorage%2Fcollege%2Fcollege-comp-sci%2FCS-537%2Fcs537-projects%2Fp3-old%2Fsolution%2Fsysproc.c%22%2C%22ref%22%3A%22%22%7D
2025-10-19 00:40:40.743 [info] > git ls-files --stage -- cs537-projects/p3-old/solution/sysproc.c [1ms]
2025-10-19 00:40:40.743 [warning] [GitFileSystemProvider][stat] File not found - git:/home/kuroma/Storage/college/college-comp-sci/CS-537/cs537-projects/p3-old/solution/sysproc.c.git?%7B%22path%22%3A%22%2Fhome%2Fkuroma%2FStorage%2Fcollege%2Fcollege-comp-sci%2FCS-537%2Fcs537-projects%2Fp3-old%2Fsolution%2Fsysproc.c%22%2C%22ref%22%3A%22%22%7D
2025-10-19 00:40:42.159 [info] > git check-ignore -v -z --stdin [0ms]
2025-10-19 00:40:43.597 [info] > git show --textconv :cs537-projects/p3-old/solution/sysproc.c [2ms]
2025-10-19 00:40:43.597 [warning] [GitFileSystemProvider][readFile] File not found - git:/home/kuroma/Storage/college/college-comp-sci/CS-537/cs537-projects/p3-old/solution/sysproc.c.git?%7B%22path%22%3A%22%2Fhome%2Fkuroma%2FStorage%2Fcollege%2Fcollege-comp-sci%2FCS-537%2Fcs537-projects%2Fp3-old%2Fsolution%2Fsysproc.c%22%2C%22ref%22%3A%22%22%7D
2025-10-19 00:40:43.598 [info] > git ls-files --stage -- cs537-projects/p3-old/solution/sysproc.c [1ms]
2025-10-19 00:40:43.598 [warning] [GitFileSystemProvider][stat] File not found - git:/home/kuroma/Storage/college/college-comp-sci/CS-537/cs537-projects/p3-old/solution/sysproc.c.git?%7B%22path%22%3A%22%2Fhome%2Fkuroma%2FStorage%2Fcollege%2Fcollege-comp-sci%2FCS-537%2Fcs537-projects%2Fp3-old%2Fsolution%2Fsysproc.c%22%2C%22ref%22%3A%22%22%7D
2025-10-19 00:40:44.949 [info] > git check-ignore -v -z --stdin [1ms]
2025-10-19 00:40:46.445 [info] > git show --textconv :cs537-projects/p3-old/solution/sysproc.c [3ms]
2025-10-19 00:40:46.445 [warning] [GitFileSystemProvider][readFile] File not found - git:/home/kuroma/Storage/college/college-comp-sci/CS-537/cs537-projects/p3-old/solution/sysproc.c.git?%7B%22path%22%3A%22%2Fhome%2Fkuroma%2FStorage%2Fcollege%2Fcollege-comp-sci%2FCS-537%2Fcs537-projects%2Fp3-old%2Fsolution%2Fsysproc.c%22%2C%22ref%22%3A%22%22%7D
2025-10-19 00:40:46.445 [info] > git ls-files --stage -- cs537-projects/p3-old/solution/sysproc.c [0ms]
2025-10-19 00:40:46.445 [warning] [GitFileSystemProvider][stat] File not found - git:/home/kuroma/Storage/college/college-comp-sci/CS-537/cs537-projects/p3-old/solution/sysproc.c.git?%7B%22path%22%3A%22%2Fhome%2Fkuroma%2FStorage%2Fcollege%2Fcollege-comp-sci%2FCS-537%2Fcs537-projects%2Fp3-old%2Fsolution%2Fsysproc.c%22%2C%22ref%22%3A%22%22%7D
2025-10-19 00:40:53.941 [info] > git show --textconv :cs537-projects/p3-old/solution/test_stcf_stress.c [3ms]
2025-10-19 00:40:53.942 [warning] [GitFileSystemProvider][readFile] File not found - git:/home/kuroma/Storage/college/college-comp-sci/CS-537/cs537-projects/p3-old/solution/test_stcf_stress.c.git?%7B%22path%22%3A%22%2Fhome%2Fkuroma%2FStorage%2Fcollege%2Fcollege-comp-sci%2FCS-537%2Fcs537-projects%2Fp3-old%2Fsolution%2Ftest_stcf_stress.c%22%2C%22ref%22%3A%22%22%7D
2025-10-19 00:40:53.942 [info] > git ls-files --stage -- cs537-projects/p3-old/solution/test_stcf_stress.c [1ms]
2025-10-19 00:40:53.942 [warning] [GitFileSystemProvider][stat] File not found - git:/home/kuroma/Storage/college/college-comp-sci/CS-537/cs537-projects/p3-old/solution/test_stcf_stress.c.git?%7B%22path%22%3A%22%2Fhome%2Fkuroma%2FStorage%2Fcollege%2Fcollege-comp-sci%2FCS-537%2Fcs537-projects%2Fp3-old%2Fsolution%2Ftest_stcf_stress.c%22%2C%22ref%22%3A%22%22%7D
2025-10-19 00:40:54.292 [info] > git check-ignore -v -z --stdin [0ms]
2025-10-19 00:40:56.520 [info] > git config --get commit.template [2ms]
2025-10-19 00:40:56.521 [info] > git for-each-ref --format=%(refname)%00%(upstream:short)%00%(objectname)%00%(upstream:track)%00%(upstream:remotename)%00%(upstream:remoteref) refs/heads/main refs/remotes/main [1ms]
2025-10-19 00:40:56.522 [warning] [Git][revParse] Unable to read file: ENOENT: no such file or directory, open '/home/kuroma/Storage/college/college-comp-sci/CS-537/.git/refs/remotes/origin/main'
2025-10-19 00:40:56.523 [info] > git rev-parse refs/remotes/origin/main [1ms]
2025-10-19 00:40:56.527 [info] > git status -z -uall [2ms]
2025-10-19 00:40:56.528 [info] > git for-each-ref --sort -committerdate --format %(refname)%00%(objectname)%00%(*objectname) [1ms]
2025-10-19 00:41:44.187 [info] > git show --textconv :cs537-projects/p3-old/solution/sysproc.c [2ms]
2025-10-19 00:41:44.187 [warning] [GitFileSystemProvider][readFile] File not found - git:/home/kuroma/Storage/college/college-comp-sci/CS-537/cs537-projects/p3-old/solution/sysproc.c.git?%7B%22path%22%3A%22%2Fhome%2Fkuroma%2FStorage%2Fcollege%2Fcollege-comp-sci%2FCS-537%2Fcs537-projects%2Fp3-old%2Fsolution%2Fsysproc.c%22%2C%22ref%22%3A%22%22%7D
2025-10-19 00:41:44.188 [info] > git ls-files --stage -- cs537-projects/p3-old/solution/sysproc.c [1ms]
2025-10-19 00:41:44.188 [warning] [GitFileSystemProvider][stat] File not found - git:/home/kuroma/Storage/college/college-comp-sci/CS-537/cs537-projects/p3-old/solution/sysproc.c.git?%7B%22path%22%3A%22%2Fhome%2Fkuroma%2FStorage%2Fcollege%2Fcollege-comp-sci%2FCS-537%2Fcs537-projects%2Fp3-old%2Fsolution%2Fsysproc.c%22%2C%22ref%22%3A%22%22%7D
2025-10-19 00:41:54.965 [info] > git config --get commit.template [2ms]
2025-10-19 00:41:54.966 [info] > git for-each-ref --format=%(refname)%00%(upstream:short)%00%(objectname)%00%(upstream:track)%00%(upstream:remotename)%00%(upstream:remoteref) refs/heads/main refs/remotes/main [1ms]
2025-10-19 00:41:54.970 [info] > git status -z -uall [2ms]
2025-10-19 00:41:54.971 [info] > git for-each-ref --sort -committerdate --format %(refname)%00%(objectname)%00%(*objectname) [1ms]
2025-10-19 00:41:54.975 [info] > git merge-base refs/heads/main refs/remotes/origin/main [1ms]
2025-10-19 00:41:54.978 [info] > git diff --name-status -z --diff-filter=ADMR 8efc184ea1ed03e434b257b2490d50791abdc799...refs/remotes/origin/main [1ms]
2025-10-19 00:42:07.972 [info] > git config --get commit.template [3ms]
2025-10-19 00:42:07.973 [info] > git for-each-ref --format=%(refname)%00%(upstream:short)%00%(objectname)%00%(upstream:track)%00%(upstream:remotename)%00%(upstream:remoteref) refs/heads/main refs/remotes/main [1ms]
2025-10-19 00:42:07.977 [info] > git status -z -uall [2ms]
2025-10-19 00:42:07.978 [info] > git for-each-ref --sort -committerdate --format %(refname)%00%(objectname)%00%(*objectname) [1ms]
2025-10-19 00:42:07.982 [info] > git merge-base refs/heads/main refs/remotes/origin/main [0ms]
2025-10-19 00:42:07.985 [info] > git diff --name-status -z --diff-filter=ADMR 1397b97e5f9d55bfa24d99d5932232b9c08bc4c2...refs/remotes/origin/main [1ms]
2025-10-19 00:42:23.122 [info] > git check-ignore -v -z --stdin [0ms]
2025-10-19 00:44:23.319 [info] > git show --textconv :cs537-projects/p3-old/solution/sysproc.c [2ms]
2025-10-19 00:44:23.319 [warning] [GitFileSystemProvider][readFile] File not found - git:/home/kuroma/Storage/college/college-comp-sci/CS-537/cs537-projects/p3-old/solution/sysproc.c.git?%7B%22path%22%3A%22%2Fhome%2Fkuroma%2FStorage%2Fcollege%2Fcollege-comp-sci%2FCS-537%2Fcs537-projects%2Fp3-old%2Fsolution%2Fsysproc.c%22%2C%22ref%22%3A%22%22%7D
2025-10-19 00:44:23.320 [info] > git ls-files --stage -- cs537-projects/p3-old/solution/sysproc.c [1ms]
2025-10-19 00:44:23.320 [warning] [GitFileSystemProvider][stat] File not found - git:/home/kuroma/Storage/college/college-comp-sci/CS-537/cs537-projects/p3-old/solution/sysproc.c.git?%7B%22path%22%3A%22%2Fhome%2Fkuroma%2FStorage%2Fcollege%2Fcollege-comp-sci%2FCS-537%2Fcs537-projects%2Fp3-old%2Fsolution%2Fsysproc.c%22%2C%22ref%22%3A%22%22%7D
2025-10-19 00:44:29.203 [info] > git show --textconv :cs537-projects/p3-old/ADVANCED_TESTS.md [3ms]
2025-10-19 00:44:29.203 [warning] [GitFileSystemProvider][readFile] File not found - git:/home/kuroma/Storage/college/college-comp-sci/CS-537/cs537-projects/p3-old/ADVANCED_TESTS.md.git?%7B%22path%22%3A%22%2Fhome%2Fkuroma%2FStorage%2Fcollege%2Fcollege-comp-sci%2FCS-537%2Fcs537-projects%2Fp3-old%2FADVANCED_TESTS.md%22%2C%22ref%22%3A%22%22%7D
2025-10-19 00:44:29.203 [info] > git ls-files --stage -- cs537-projects/p3-old/ADVANCED_TESTS.md [0ms]
2025-10-19 00:44:29.203 [warning] [GitFileSystemProvider][stat] File not found - git:/home/kuroma/Storage/college/college-comp-sci/CS-537/cs537-projects/p3-old/ADVANCED_TESTS.md.git?%7B%22path%22%3A%22%2Fhome%2Fkuroma%2FStorage%2Fcollege%2Fcollege-comp-sci%2FCS-537%2Fcs537-projects%2Fp3-old%2FADVANCED_TESTS.md%22%2C%22ref%22%3A%22%22%7D
2025-10-19 00:44:29.522 [info] > git check-ignore -v -z --stdin [1ms]
2025-10-19 00:44:52.323 [info] > git show --textconv :cs537-projects/p3-old/solution/sysproc.c [2ms]
2025-10-19 00:44:52.324 [warning] [GitFileSystemProvider][readFile] File not found - git:/home/kuroma/Storage/college/college-comp-sci/CS-537/cs537-projects/p3-old/solution/sysproc.c.git?%7B%22path%22%3A%22%2Fhome%2Fkuroma%2FStorage%2Fcollege%2Fcollege-comp-sci%2FCS-537%2Fcs537-projects%2Fp3-old%2Fsolution%2Fsysproc.c%22%2C%22ref%22%3A%22%22%7D
2025-10-19 00:44:52.324 [info] > git ls-files --stage -- cs537-projects/p3-old/solution/sysproc.c [1ms]
2025-10-19 00:44:52.324 [warning] [GitFileSystemProvider][stat] File not found - git:/home/kuroma/Storage/college/college-comp-sci/CS-537/cs537-projects/p3-old/solution/sysproc.c.git?%7B%22path%22%3A%22%2Fhome%2Fkuroma%2FStorage%2Fcollege%2Fcollege-comp-sci%2FCS-537%2Fcs537-projects%2Fp3-old%2Fsolution%2Fsysproc.c%22%2C%22ref%22%3A%22%22%7D
2025-10-19 00:46:39.973 [info] > git check-ignore -v -z --stdin [1ms]
2025-10-19 00:48:10.655 [info] > git config --get commit.template [1ms]
2025-10-19 00:48:10.659 [info] > git for-each-ref --format=%(refname)%00%(upstream:short)%00%(objectname)%00%(upstream:track)%00%(upstream:remotename)%00%(upstream:remoteref) refs/heads/main refs/remotes/main [1ms]
2025-10-19 00:48:10.662 [warning] [Git][revParse] Unable to read file: ENOENT: no such file or directory, open '/home/kuroma/Storage/college/college-comp-sci/CS-537/.git/refs/remotes/origin/main'
2025-10-19 00:48:10.662 [info] > git rev-parse refs/remotes/origin/main [0ms]
2025-10-19 00:48:10.667 [info] > git status -z -uall [2ms]
2025-10-19 00:48:10.668 [info] > git for-each-ref --sort -committerdate --format %(refname)%00%(objectname)%00%(*objectname) [1ms]
2025-10-19 00:48:14.679 [info] > git show --textconv :cs537-projects/p3-old/solution/sysproc.c [2ms]
2025-10-19 00:48:14.679 [warning] [GitFileSystemProvider][readFile] File not found - git:/home/kuroma/Storage/college/college-comp-sci/CS-537/cs537-projects/p3-old/solution/sysproc.c.git?%7B%22path%22%3A%22%2Fhome%2Fkuroma%2FStorage%2Fcollege%2Fcollege-comp-sci%2FCS-537%2Fcs537-projects%2Fp3-old%2Fsolution%2Fsysproc.c%22%2C%22ref%22%3A%22%22%7D
2025-10-19 00:48:14.680 [info] > git ls-files --stage -- cs537-projects/p3-old/solution/sysproc.c [1ms]
2025-10-19 00:48:14.680 [warning] [GitFileSystemProvider][stat] File not found - git:/home/kuroma/Storage/college/college-comp-sci/CS-537/cs537-projects/p3-old/solution/sysproc.c.git?%7B%22path%22%3A%22%2Fhome%2Fkuroma%2FStorage%2Fcollege%2Fcollege-comp-sci%2FCS-537%2Fcs537-projects%2Fp3-old%2Fsolution%2Fsysproc.c%22%2C%22ref%22%3A%22%22%7D
2025-10-19 00:52:15.294 [info] > git check-ignore -v -z --stdin [1ms]
2025-10-19 00:54:09.365 [info] > git config --get commit.template [2ms]
2025-10-19 00:54:09.370 [info] > git for-each-ref --format=%(refname)%00%(upstream:short)%00%(objectname)%00%(upstream:track)%00%(upstream:remotename)%00%(upstream:remoteref) refs/heads/main refs/remotes/main [3ms]
2025-10-19 00:54:09.370 [info] > git config --get commit.template [5ms]
2025-10-19 00:54:09.372 [warning] [Git][revParse] Unable to read file: ENOENT: no such file or directory, open '/home/kuroma/Storage/college/college-comp-sci/CS-537/.git/refs/remotes/origin/main'
2025-10-19 00:54:09.372 [info] > git for-each-ref --format=%(refname)%00%(upstream:short)%00%(objectname)%00%(upstream:track)%00%(upstream:remotename)%00%(upstream:remoteref) refs/heads/main refs/remotes/main [3ms]
2025-10-19 00:54:09.376 [info] > git status -z -uall [2ms]
2025-10-19 00:54:09.377 [info] > git rev-parse refs/remotes/origin/main [5ms]
2025-10-19 00:54:09.381 [info] > git status -z -uall [2ms]
2025-10-19 00:54:09.381 [info] > git for-each-ref --sort -committerdate --format %(refname)%00%(objectname)%00%(*objectname) [5ms]
2025-10-19 00:54:09.382 [info] > git for-each-ref --sort -committerdate --format %(refname)%00%(objectname)%00%(*objectname) [1ms]
2025-10-19 00:54:14.389 [info] > git config --get commit.template [3ms]
2025-10-19 00:54:14.393 [info] > git for-each-ref --format=%(refname)%00%(upstream:short)%00%(objectname)%00%(upstream:track)%00%(upstream:remotename)%00%(upstream:remoteref) refs/heads/main refs/remotes/main [2ms]
2025-10-19 00:54:14.393 [info] > git config --get commit.template [5ms]
2025-10-19 00:54:14.394 [warning] [Git][revParse] Unable to read file: ENOENT: no such file or directory, open '/home/kuroma/Storage/college/college-comp-sci/CS-537/.git/refs/remotes/origin/main'
2025-10-19 00:54:14.395 [info] > git for-each-ref --format=%(refname)%00%(upstream:short)%00%(objectname)%00%(upstream:track)%00%(upstream:remotename)%00%(upstream:remoteref) refs/heads/main refs/remotes/main [3ms]
2025-10-19 00:54:14.399 [info] > git status -z -uall [2ms]
2025-10-19 00:54:14.399 [info] > git rev-parse refs/remotes/origin/main [5ms]
2025-10-19 00:54:14.403 [info] > git status -z -uall [2ms]
2025-10-19 00:54:14.403 [info] > git for-each-ref --sort -committerdate --format %(refname)%00%(objectname)%00%(*objectname) [4ms]
2025-10-19 00:54:14.404 [info] > git for-each-ref --sort -committerdate --format %(refname)%00%(objectname)%00%(*objectname) [1ms]
2025-10-19 00:54:16.503 [info] > git show --textconv :tests/tests/5.run [2ms]
2025-10-19 00:54:16.503 [info] > git ls-files --stage -- tests/tests/5.run [0ms]
2025-10-19 00:54:16.506 [info] > git cat-file -s 2c81649c0205156b1dd96583cdb182498d1e0dbc [0ms]
2025-10-19 00:54:16.512 [info] > git blame --root --incremental 1397b97e5f9d55bfa24d99d5932232b9c08bc4c2 -- tests/tests/5.run [1ms]
2025-10-19 00:54:19.102 [info] > git check-ignore -v -z --stdin [0ms]
2025-10-19 00:54:27.610 [info] > git config --get commit.template [2ms]
2025-10-19 00:54:27.614 [info] > git for-each-ref --format=%(refname)%00%(upstream:short)%00%(objectname)%00%(upstream:track)%00%(upstream:remotename)%00%(upstream:remoteref) refs/heads/main refs/remotes/main [2ms]
2025-10-19 00:54:27.614 [info] > git config --get commit.template [4ms]
2025-10-19 00:54:27.617 [warning] [Git][revParse] Unable to read file: ENOENT: no such file or directory, open '/home/kuroma/Storage/college/college-comp-sci/CS-537/.git/refs/remotes/origin/main'
2025-10-19 00:54:27.617 [info] > git for-each-ref --format=%(refname)%00%(upstream:short)%00%(objectname)%00%(upstream:track)%00%(upstream:remotename)%00%(upstream:remoteref) refs/heads/main refs/remotes/main [3ms]
2025-10-19 00:54:27.621 [info] > git status -z -uall [2ms]
2025-10-19 00:54:27.621 [info] > git rev-parse refs/remotes/origin/main [4ms]
2025-10-19 00:54:27.625 [info] > git status -z -uall [2ms]
2025-10-19 00:54:27.625 [info] > git for-each-ref --sort -committerdate --format %(refname)%00%(objectname)%00%(*objectname) [4ms]
2025-10-19 00:54:27.626 [info] > git for-each-ref --sort -committerdate --format %(refname)%00%(objectname)%00%(*objectname) [1ms]
2025-10-19 00:54:32.632 [info] > git config --get commit.template [3ms]
2025-10-19 00:54:32.636 [info] > git for-each-ref --format=%(refname)%00%(upstream:short)%00%(objectname)%00%(upstream:track)%00%(upstream:remotename)%00%(upstream:remoteref) refs/heads/main refs/remotes/main [2ms]
2025-10-19 00:54:32.636 [info] > git config --get commit.template [4ms]
2025-10-19 00:54:32.640 [info] > git status -z -uall [2ms]
2025-10-19 00:54:32.640 [info] > git for-each-ref --format=%(refname)%00%(upstream:short)%00%(objectname)%00%(upstream:track)%00%(upstream:remotename)%00%(upstream:remoteref) refs/heads/main refs/remotes/main [4ms]
2025-10-19 00:54:32.642 [warning] [Git][revParse] Unable to read file: ENOENT: no such file or directory, open '/home/kuroma/Storage/college/college-comp-sci/CS-537/.git/refs/remotes/origin/main'
2025-10-19 00:54:32.642 [info] > git for-each-ref --sort -committerdate --format %(refname)%00%(objectname)%00%(*objectname) [2ms]
2025-10-19 00:54:32.643 [info] > git rev-parse refs/remotes/origin/main [1ms]
2025-10-19 00:54:32.647 [info] > git status -z -uall [2ms]
2025-10-19 00:54:32.648 [info] > git for-each-ref --sort -committerdate --format %(refname)%00%(objectname)%00%(*objectname) [1ms]
2025-10-19 00:56:13.348 [info] > git config --get commit.template [3ms]
2025-10-19 00:56:13.352 [info] > git for-each-ref --format=%(refname)%00%(upstream:short)%00%(objectname)%00%(upstream:track)%00%(upstream:remotename)%00%(upstream:remoteref) refs/heads/main refs/remotes/main [2ms]
2025-10-19 00:56:13.352 [info] > git config --get commit.template [5ms]
2025-10-19 00:56:13.354 [warning] [Git][revParse] Unable to read file: ENOENT: no such file or directory, open '/home/kuroma/Storage/college/college-comp-sci/CS-537/.git/refs/remotes/origin/main'
2025-10-19 00:56:13.355 [info] > git for-each-ref --format=%(refname)%00%(upstream:short)%00%(objectname)%00%(upstream:track)%00%(upstream:remotename)%00%(upstream:remoteref) refs/heads/main refs/remotes/main [3ms]
2025-10-19 00:56:13.360 [info] > git status -z -uall [3ms]
2025-10-19 00:56:13.360 [info] > git rev-parse refs/remotes/origin/main [6ms]
2025-10-19 00:56:13.364 [info] > git status -z -uall [2ms]
2025-10-19 00:56:13.364 [info] > git for-each-ref --sort -committerdate --format %(refname)%00%(objectname)%00%(*objectname) [5ms]
2025-10-19 00:56:13.365 [info] > git for-each-ref --sort -committerdate --format %(refname)%00%(objectname)%00%(*objectname) [1ms]
2025-10-19 00:56:19.478 [info] > git config --get commit.template [3ms]
2025-10-19 00:56:19.478 [info] > git config --get commit.template [1ms]
2025-10-19 00:56:19.483 [info] > git for-each-ref --format=%(refname)%00%(upstream:short)%00%(objectname)%00%(upstream:track)%00%(upstream:remotename)%00%(upstream:remoteref) refs/heads/main refs/remotes/main [2ms]
2025-10-19 00:56:19.488 [info] > git status -z -uall [3ms]
2025-10-19 00:56:19.488 [info] > git for-each-ref --format=%(refname)%00%(upstream:short)%00%(objectname)%00%(upstream:track)%00%(upstream:remotename)%00%(upstream:remoteref) refs/heads/main refs/remotes/main [5ms]
2025-10-19 00:56:19.491 [warning] [Git][revParse] Unable to read file: ENOENT: no such file or directory, open '/home/kuroma/Storage/college/college-comp-sci/CS-537/.git/refs/remotes/origin/main'
2025-10-19 00:56:19.491 [info] > git for-each-ref --sort -committerdate --format %(refname)%00%(objectname)%00%(*objectname) [3ms]
2025-10-19 00:56:19.492 [info] > git rev-parse refs/remotes/origin/main [1ms]
2025-10-19 00:56:19.497 [info] > git status -z -uall [3ms]
2025-10-19 00:56:19.497 [info] > git for-each-ref --sort -committerdate --format %(refname)%00%(objectname)%00%(*objectname) [0ms]
2025-10-19 00:56:34.936 [info] > git config --get commit.template [2ms]
2025-10-19 00:56:34.940 [info] > git for-each-ref --format=%(refname)%00%(upstream:short)%00%(objectname)%00%(upstream:track)%00%(upstream:remotename)%00%(upstream:remoteref) refs/heads/main refs/remotes/main [2ms]
2025-10-19 00:56:34.940 [info] > git config --get commit.template [4ms]
2025-10-19 00:56:34.942 [warning] [Git][revParse] Unable to read file: ENOENT: no such file or directory, open '/home/kuroma/Storage/college/college-comp-sci/CS-537/.git/refs/remotes/origin/main'
2025-10-19 00:56:34.943 [info] > git for-each-ref --format=%(refname)%00%(upstream:short)%00%(objectname)%00%(upstream:track)%00%(upstream:remotename)%00%(upstream:remoteref) refs/heads/main refs/remotes/main [3ms]
2025-10-19 00:56:34.947 [info] > git status -z -uall [2ms]
2025-10-19 00:56:34.947 [info] > git rev-parse refs/remotes/origin/main [5ms]
2025-10-19 00:56:34.951 [info] > git status -z -uall [2ms]
2025-10-19 00:56:34.951 [info] > git for-each-ref --sort -committerdate --format %(refname)%00%(objectname)%00%(*objectname) [4ms]
2025-10-19 00:56:34.952 [info] > git for-each-ref --sort -committerdate --format %(refname)%00%(objectname)%00%(*objectname) [1ms]
2025-10-19 00:56:39.957 [info] > git config --get commit.template [3ms]
2025-10-19 00:56:39.961 [info] > git config --get commit.template [4ms]
2025-10-19 00:56:39.961 [info] > git for-each-ref --format=%(refname)%00%(upstream:short)%00%(objectname)%00%(upstream:track)%00%(upstream:remotename)%00%(upstream:remoteref) refs/heads/main refs/remotes/main [2ms]
2025-10-19 00:56:39.966 [info] > git status -z -uall [2ms]
2025-10-19 00:56:39.966 [info] > git for-each-ref --format=%(refname)%00%(upstream:short)%00%(objectname)%00%(upstream:track)%00%(upstream:remotename)%00%(upstream:remoteref) refs/heads/main refs/remotes/main [5ms]
2025-10-19 00:56:39.968 [warning] [Git][revParse] Unable to read file: ENOENT: no such file or directory, open '/home/kuroma/Storage/college/college-comp-sci/CS-537/.git/refs/remotes/origin/main'
2025-10-19 00:56:39.968 [info] > git for-each-ref --sort -committerdate --format %(refname)%00%(objectname)%00%(*objectname) [2ms]
2025-10-19 00:56:39.969 [info] > git rev-parse refs/remotes/origin/main [1ms]
2025-10-19 00:56:39.973 [info] > git status -z -uall [2ms]
2025-10-19 00:56:39.973 [info] > git for-each-ref --sort -committerdate --format %(refname)%00%(objectname)%00%(*objectname) [1ms]
2025-10-19 00:56:53.160 [info] > git config --get commit.template [3ms]
2025-10-19 00:56:53.164 [info] > git for-each-ref --format=%(refname)%00%(upstream:short)%00%(objectname)%00%(upstream:track)%00%(upstream:remotename)%00%(upstream:remoteref) refs/heads/main refs/remotes/main [2ms]
2025-10-19 00:56:53.164 [info] > git config --get commit.template [4ms]
2025-10-19 00:56:53.166 [warning] [Git][revParse] Unable to read file: ENOENT: no such file or directory, open '/home/kuroma/Storage/college/college-comp-sci/CS-537/.git/refs/remotes/origin/main'
2025-10-19 00:56:53.166 [info] > git for-each-ref --format=%(refname)%00%(upstream:short)%00%(objectname)%00%(upstream:track)%00%(upstream:remotename)%00%(upstream:remoteref) refs/heads/main refs/remotes/main [2ms]
2025-10-19 00:56:53.170 [info] > git status -z -uall [2ms]
2025-10-19 00:56:53.170 [info] > git rev-parse refs/remotes/origin/main [4ms]
2025-10-19 00:56:53.174 [info] > git status -z -uall [2ms]
2025-10-19 00:56:53.174 [info] > git for-each-ref --sort -committerdate --format %(refname)%00%(objectname)%00%(*objectname) [4ms]
2025-10-19 00:56:53.175 [info] > git for-each-ref --sort -committerdate --format %(refname)%00%(objectname)%00%(*objectname) [1ms]
2025-10-19 00:57:07.700 [info] > git config --get commit.template [3ms]
2025-10-19 00:57:07.700 [info] > git config --get commit.template [1ms]
2025-10-19 00:57:07.706 [info] > git for-each-ref --format=%(refname)%00%(upstream:short)%00%(objectname)%00%(upstream:track)%00%(upstream:remotename)%00%(upstream:remoteref) refs/heads/main refs/remotes/main [3ms]
2025-10-19 00:57:07.709 [warning] [Git][revParse] Unable to read file: ENOENT: no such file or directory, open '/home/kuroma/Storage/college/college-comp-sci/CS-537/.git/refs/remotes/origin/main'
2025-10-19 00:57:07.709 [info] > git for-each-ref --format=%(refname)%00%(upstream:short)%00%(objectname)%00%(upstream:track)%00%(upstream:remotename)%00%(upstream:remoteref) refs/heads/main refs/remotes/main [3ms]
2025-10-19 00:57:07.715 [info] > git status -z -uall [4ms]
2025-10-19 00:57:07.715 [info] > git rev-parse refs/remotes/origin/main [6ms]
2025-10-19 00:57:07.722 [info] > git status -z -uall [4ms]
2025-10-19 00:57:07.722 [info] > git for-each-ref --sort -committerdate --format %(refname)%00%(objectname)%00%(*objectname) [7ms]
2025-10-19 00:57:07.723 [info] > git for-each-ref --sort -committerdate --format %(refname)%00%(objectname)%00%(*objectname) [1ms]
2025-10-19 00:59:06.976 [info] > git config --get commit.template [3ms]
2025-10-19 00:59:06.980 [info] > git config --get commit.template [5ms]
2025-10-19 00:59:06.981 [info] > git for-each-ref --format=%(refname)%00%(upstream:short)%00%(objectname)%00%(upstream:track)%00%(upstream:remotename)%00%(upstream:remoteref) refs/heads/main refs/remotes/main [3ms]
2025-10-19 00:59:06.983 [warning] [Git][revParse] Unable to read file: ENOENT: no such file or directory, open '/home/kuroma/Storage/college/college-comp-sci/CS-537/.git/refs/remotes/origin/main'
2025-10-19 00:59:06.983 [info] > git for-each-ref --format=%(refname)%00%(upstream:short)%00%(objectname)%00%(upstream:track)%00%(upstream:remotename)%00%(upstream:remoteref) refs/heads/main refs/remotes/main [3ms]
2025-10-19 00:59:06.989 [info] > git status -z -uall [4ms]
2025-10-19 00:59:06.989 [info] > git rev-parse refs/remotes/origin/main [6ms]
2025-10-19 00:59:06.994 [info] > git status -z -uall [2ms]
2025-10-19 00:59:06.994 [info] > git for-each-ref --sort -committerdate --format %(refname)%00%(objectname)%00%(*objectname) [5ms]
2025-10-19 00:59:06.995 [info] > git for-each-ref --sort -committerdate --format %(refname)%00%(objectname)%00%(*objectname) [1ms]
2025-10-19 01:02:39.863 [info] > git config --get commit.template [3ms]
2025-10-19 01:02:39.863 [info] > git config --get commit.template [1ms]
2025-10-19 01:02:39.867 [info] > git for-each-ref --format=%(refname)%00%(upstream:short)%00%(objectname)%00%(upstream:track)%00%(upstream:remotename)%00%(upstream:remoteref) refs/heads/main refs/remotes/main [2ms]
2025-10-19 01:02:39.871 [info] > git status -z -uall [2ms]
2025-10-19 01:02:39.871 [info] > git for-each-ref --format=%(refname)%00%(upstream:short)%00%(objectname)%00%(upstream:track)%00%(upstream:remotename)%00%(upstream:remoteref) refs/heads/main refs/remotes/main [5ms]
2025-10-19 01:02:39.873 [warning] [Git][revParse] Unable to read file: ENOENT: no such file or directory, open '/home/kuroma/Storage/college/college-comp-sci/CS-537/.git/refs/remotes/origin/main'
2025-10-19 01:02:39.874 [info] > git for-each-ref --sort -committerdate --format %(refname)%00%(objectname)%00%(*objectname) [3ms]
2025-10-19 01:02:39.875 [info] > git rev-parse refs/remotes/origin/main [2ms]
2025-10-19 01:02:39.879 [info] > git status -z -uall [2ms]
2025-10-19 01:02:39.879 [info] > git for-each-ref --sort -committerdate --format %(refname)%00%(objectname)%00%(*objectname) [0ms]
2025-10-19 01:02:44.880 [info] > git config --get commit.template [3ms]
2025-10-19 01:02:44.882 [info] > git for-each-ref --format=%(refname)%00%(upstream:short)%00%(objectname)%00%(upstream:track)%00%(upstream:remotename)%00%(upstream:remoteref) refs/heads/main refs/remotes/main [3ms]
2025-10-19 01:02:44.888 [info] > git status -z -uall [2ms]
2025-10-19 01:02:44.888 [info] > git config --get commit.template [6ms]
2025-10-19 01:02:44.889 [info] > git for-each-ref --format=%(refname)%00%(upstream:short)%00%(objectname)%00%(upstream:track)%00%(upstream:remotename)%00%(upstream:remoteref) refs/heads/main refs/remotes/main [5ms]
2025-10-19 01:02:44.891 [warning] [Git][revParse] Unable to read file: ENOENT: no such file or directory, open '/home/kuroma/Storage/college/college-comp-sci/CS-537/.git/refs/remotes/origin/main'
2025-10-19 01:02:44.891 [info] > git for-each-ref --sort -committerdate --format %(refname)%00%(objectname)%00%(*objectname) [3ms]
2025-10-19 01:02:44.892 [info] > git rev-parse refs/remotes/origin/main [1ms]
2025-10-19 01:02:44.896 [info] > git status -z -uall [2ms]
2025-10-19 01:02:44.896 [info] > git for-each-ref --sort -committerdate --format %(refname)%00%(objectname)%00%(*objectname) [0ms]
2025-10-19 01:03:32.343 [info] > git config --get commit.template [1ms]
2025-10-19 01:03:32.343 [info] > git config --get commit.template [3ms]
2025-10-19 01:03:32.347 [info] > git for-each-ref --format=%(refname)%00%(upstream:short)%00%(objectname)%00%(upstream:track)%00%(upstream:remotename)%00%(upstream:remoteref) refs/heads/main refs/remotes/main [2ms]
2025-10-19 01:03:32.350 [warning] [Git][revParse] Unable to read file: ENOENT: no such file or directory, open '/home/kuroma/Storage/college/college-comp-sci/CS-537/.git/refs/remotes/origin/main'
2025-10-19 01:03:32.350 [info] > git for-each-ref --format=%(refname)%00%(upstream:short)%00%(objectname)%00%(upstream:track)%00%(upstream:remotename)%00%(upstream:remoteref) refs/heads/main refs/remotes/main [3ms]
2025-10-19 01:03:32.355 [info] > git status -z -uall [3ms]
2025-10-19 01:03:32.355 [info] > git rev-parse refs/remotes/origin/main [5ms]
2025-10-19 01:03:32.359 [info] > git status -z -uall [2ms]
2025-10-19 01:03:32.359 [info] > git for-each-ref --sort -committerdate --format %(refname)%00%(objectname)%00%(*objectname) [5ms]
2025-10-19 01:03:32.360 [info] > git for-each-ref --sort -committerdate --format %(refname)%00%(objectname)%00%(*objectname) [1ms]
2025-10-19 01:04:39.705 [info] > git config --get commit.template [3ms]
2025-10-19 01:04:39.709 [info] > git for-each-ref --format=%(refname)%00%(upstream:short)%00%(objectname)%00%(upstream:track)%00%(upstream:remotename)%00%(upstream:remoteref) refs/heads/main refs/remotes/main [2ms]
2025-10-19 01:04:39.709 [info] > git config --get commit.template [5ms]
2025-10-19 01:04:39.714 [info] > git status -z -uall [2ms]
2025-10-19 01:04:39.714 [info] > git for-each-ref --format=%(refname)%00%(upstream:short)%00%(objectname)%00%(upstream:track)%00%(upstream:remotename)%00%(upstream:remoteref) refs/heads/main refs/remotes/main [5ms]
2025-10-19 01:04:39.716 [warning] [Git][revParse] Unable to read file: ENOENT: no such file or directory, open '/home/kuroma/Storage/college/college-comp-sci/CS-537/.git/refs/remotes/origin/main'
2025-10-19 01:04:39.716 [info] > git for-each-ref --sort -committerdate --format %(refname)%00%(objectname)%00%(*objectname) [3ms]
2025-10-19 01:04:39.717 [info] > git rev-parse refs/remotes/origin/main [1ms]
2025-10-19 01:04:39.722 [info] > git status -z -uall [3ms]
2025-10-19 01:04:39.722 [info] > git for-each-ref --sort -committerdate --format %(refname)%00%(objectname)%00%(*objectname) [1ms]
2025-10-19 01:04:45.480 [info] > git config --get commit.template [4ms]
2025-10-19 01:04:45.480 [info] > git config --get commit.template [1ms]
2025-10-19 01:04:45.484 [info] > git for-each-ref --format=%(refname)%00%(upstream:short)%00%(objectname)%00%(upstream:track)%00%(upstream:remotename)%00%(upstream:remoteref) refs/heads/main refs/remotes/main [2ms]
2025-10-19 01:04:45.488 [info] > git status -z -uall [2ms]
2025-10-19 01:04:45.488 [info] > git for-each-ref --format=%(refname)%00%(upstream:short)%00%(objectname)%00%(upstream:track)%00%(upstream:remotename)%00%(upstream:remoteref) refs/heads/main refs/remotes/main [4ms]
2025-10-19 01:04:45.490 [warning] [Git][revParse] Unable to read file: ENOENT: no such file or directory, open '/home/kuroma/Storage/college/college-comp-sci/CS-537/.git/refs/remotes/origin/main'
2025-10-19 01:04:45.490 [info] > git for-each-ref --sort -committerdate --format %(refname)%00%(objectname)%00%(*objectname) [2ms]
2025-10-19 01:04:45.491 [info] > git rev-parse refs/remotes/origin/main [1ms]
2025-10-19 01:04:45.496 [info] > git status -z -uall [3ms]
2025-10-19 01:04:45.496 [info] > git for-each-ref --sort -committerdate --format %(refname)%00%(objectname)%00%(*objectname) [1ms]
2025-10-19 01:11:01.114 [info] > git config --get commit.template [3ms]
2025-10-19 01:11:01.114 [info] > git config --get commit.template [1ms]
2025-10-19 01:11:01.119 [info] > git for-each-ref --format=%(refname)%00%(upstream:short)%00%(objectname)%00%(upstream:track)%00%(upstream:remotename)%00%(upstream:remoteref) refs/heads/main refs/remotes/main [2ms]
2025-10-19 01:11:01.124 [info] > git status -z -uall [3ms]
2025-10-19 01:11:01.124 [info] > git for-each-ref --sort -committerdate --format %(refname)%00%(objectname)%00%(*objectname) [1ms]
2025-10-19 01:11:01.126 [info] > git for-each-ref --format=%(refname)%00%(upstream:short)%00%(objectname)%00%(upstream:track)%00%(upstream:remotename)%00%(upstream:remoteref) refs/heads/main refs/remotes/main [7ms]
2025-10-19 01:11:01.128 [warning] [Git][revParse] Unable to read file: ENOENT: no such file or directory, open '/home/kuroma/Storage/college/college-comp-sci/CS-537/.git/refs/remotes/origin/main'
2025-10-19 01:11:01.129 [info] > git rev-parse refs/remotes/origin/main [1ms]
2025-10-19 01:11:01.133 [info] > git status -z -uall [2ms]
2025-10-19 01:11:01.134 [info] > git for-each-ref --sort -committerdate --format %(refname)%00%(objectname)%00%(*objectname) [1ms]
2025-10-19 01:11:39.053 [info] > git config --get commit.template [3ms]
2025-10-19 01:11:39.058 [info] > git for-each-ref --format=%(refname)%00%(upstream:short)%00%(objectname)%00%(upstream:track)%00%(upstream:remotename)%00%(upstream:remoteref) refs/heads/main refs/remotes/main [2ms]
2025-10-19 01:11:39.058 [info] > git config --get commit.template [5ms]
2025-10-19 01:11:39.063 [info] > git status -z -uall [3ms]
2025-10-19 01:11:39.063 [info] > git for-each-ref --format=%(refname)%00%(upstream:short)%00%(objectname)%00%(upstream:track)%00%(upstream:remotename)%00%(upstream:remoteref) refs/heads/main refs/remotes/main [5ms]
2025-10-19 01:11:39.065 [warning] [Git][revParse] Unable to read file: ENOENT: no such file or directory, open '/home/kuroma/Storage/college/college-comp-sci/CS-537/.git/refs/remotes/origin/main'
2025-10-19 01:11:39.065 [info] > git for-each-ref --sort -committerdate --format %(refname)%00%(objectname)%00%(*objectname) [2ms]
2025-10-19 01:11:39.066 [info] > git rev-parse refs/remotes/origin/main [1ms]
2025-10-19 01:11:39.071 [info] > git status -z -uall [3ms]
2025-10-19 01:11:39.071 [info] > git for-each-ref --sort -committerdate --format %(refname)%00%(objectname)%00%(*objectname) [1ms]
