2025-10-20 00:03:03.737 [info] [main] Log level: Info
2025-10-20 00:03:03.737 [info] [main] Validating found git in: "git"
2025-10-20 00:03:03.737 [info] [main] Using git "2.51.1.dirty" from "git"
2025-10-20 00:03:03.737 [info] [Model][doInitialScan] Initial repository scan started
2025-10-20 00:03:03.737 [info] [Model][doInitialScan] Initial repository scan completed - repositories (0), closed repositories (0), parent repositories (0), unsafe repositories (0)
2025-10-20 00:03:10.105 [info] [main] Log level: Info
2025-10-20 00:03:10.105 [info] [main] Validating found git in: "git"
2025-10-20 00:03:10.105 [info] [main] Using git "2.51.1.dirty" from "git"
2025-10-20 00:03:10.105 [info] [Model][doInitialScan] Initial repository scan started
2025-10-20 00:03:10.105 [info] > git rev-parse --show-toplevel [4ms]
2025-10-20 00:03:10.105 [info] fatal: not a git repository (or any parent up to mount point /)
Stopping at filesystem boundary (GIT_DISCOVERY_ACROSS_FILESYSTEM not set).
2025-10-20 00:03:10.105 [info] > git rev-parse --show-toplevel [4ms]
2025-10-20 00:03:10.105 [info] fatal: not a git repository (or any parent up to mount point /)
Stopping at filesystem boundary (GIT_DISCOVERY_ACROSS_FILESYSTEM not set).
2025-10-20 00:03:10.114 [info] > git rev-parse --show-toplevel [1ms]
2025-10-20 00:03:10.114 [info] fatal: not a git repository (or any parent up to mount point /)
Stopping at filesystem boundary (GIT_DISCOVERY_ACROSS_FILESYSTEM not set).
2025-10-20 00:03:10.118 [info] > git rev-parse --show-toplevel [1ms]
2025-10-20 00:03:10.118 [info] fatal: not a git repository (or any parent up to mount point /)
Stopping at filesystem boundary (GIT_DISCOVERY_ACROSS_FILESYSTEM not set).
2025-10-20 00:03:10.120 [info] > git rev-parse --show-toplevel [0ms]
2025-10-20 00:03:10.120 [info] fatal: not a git repository (or any parent up to mount point /)
Stopping at filesystem boundary (GIT_DISCOVERY_ACROSS_FILESYSTEM not set).
2025-10-20 00:03:10.123 [info] > git rev-parse --show-toplevel [1ms]
2025-10-20 00:03:10.123 [info] fatal: not a git repository (or any parent up to mount point /)
Stopping at filesystem boundary (GIT_DISCOVERY_ACROSS_FILESYSTEM not set).
2025-10-20 00:03:10.126 [info] > git rev-parse --show-toplevel [1ms]
2025-10-20 00:03:10.126 [info] fatal: not a git repository (or any parent up to mount point /)
Stopping at filesystem boundary (GIT_DISCOVERY_ACROSS_FILESYSTEM not set).
2025-10-20 00:03:10.131 [info] > git rev-parse --show-toplevel [3ms]
2025-10-20 00:03:10.131 [info] fatal: not a git repository (or any parent up to mount point /)
Stopping at filesystem boundary (GIT_DISCOVERY_ACROSS_FILESYSTEM not set).
2025-10-20 00:03:10.134 [info] > git rev-parse --show-toplevel [1ms]
2025-10-20 00:03:10.134 [info] fatal: not a git repository (or any parent up to mount point /)
Stopping at filesystem boundary (GIT_DISCOVERY_ACROSS_FILESYSTEM not set).
2025-10-20 00:03:10.137 [info] > git rev-parse --show-toplevel [1ms]
2025-10-20 00:03:10.137 [info] fatal: not a git repository (or any parent up to mount point /)
Stopping at filesystem boundary (GIT_DISCOVERY_ACROSS_FILESYSTEM not set).
2025-10-20 00:03:10.139 [info] > git rev-parse --show-toplevel [0ms]
2025-10-20 00:03:10.139 [info] fatal: not a git repository (or any parent up to mount point /)
Stopping at filesystem boundary (GIT_DISCOVERY_ACROSS_FILESYSTEM not set).
2025-10-20 00:03:10.142 [info] > git rev-parse --show-toplevel [1ms]
2025-10-20 00:03:10.142 [info] fatal: not a git repository (or any parent up to mount point /)
Stopping at filesystem boundary (GIT_DISCOVERY_ACROSS_FILESYSTEM not set).
2025-10-20 00:03:10.144 [info] > git rev-parse --show-toplevel [1ms]
2025-10-20 00:03:10.144 [info] fatal: not a git repository (or any parent up to mount point /)
Stopping at filesystem boundary (GIT_DISCOVERY_ACROSS_FILESYSTEM not set).
2025-10-20 00:03:10.146 [info] > git rev-parse --show-toplevel [0ms]
2025-10-20 00:03:10.146 [info] fatal: not a git repository (or any parent up to mount point /)
Stopping at filesystem boundary (GIT_DISCOVERY_ACROSS_FILESYSTEM not set).
2025-10-20 00:03:10.149 [info] > git rev-parse --show-toplevel [1ms]
2025-10-20 00:03:10.153 [info] > git rev-parse --git-dir --git-common-dir --show-superproject-working-tree [2ms]
2025-10-20 00:03:10.158 [info] [Model][openRepository] Opened repository (path): /home/kuroma/.oh-my-zsh
2025-10-20 00:03:10.158 [info] [Model][openRepository] Opened repository (real path): /home/kuroma/.oh-my-zsh
2025-10-20 00:03:10.158 [info] [Model][openRepository] Opened repository (kind): repository
2025-10-20 00:03:10.164 [info] > git config --get commit.template [2ms]
2025-10-20 00:03:10.164 [info] > git rev-parse --show-toplevel [1ms]
2025-10-20 00:03:10.164 [info] fatal: not a git repository (or any parent up to mount point /)
Stopping at filesystem boundary (GIT_DISCOVERY_ACROSS_FILESYSTEM not set).
2025-10-20 00:03:10.169 [info] > git for-each-ref --format=%(refname)%00%(upstream:short)%00%(objectname)%00%(upstream:track)%00%(upstream:remotename)%00%(upstream:remoteref) refs/heads/master refs/remotes/master [3ms]
2025-10-20 00:03:10.170 [info] > git rev-parse --show-toplevel [1ms]
2025-10-20 00:03:10.170 [info] fatal: not a git repository (or any parent up to mount point /)
Stopping at filesystem boundary (GIT_DISCOVERY_ACROSS_FILESYSTEM not set).
2025-10-20 00:03:10.177 [info] > git rev-parse --show-toplevel [5ms]
2025-10-20 00:03:10.177 [info] fatal: not a git repository (or any parent up to mount point /)
Stopping at filesystem boundary (GIT_DISCOVERY_ACROSS_FILESYSTEM not set).
2025-10-20 00:03:10.181 [info] > git for-each-ref --sort -committerdate --format %(refname)%00%(objectname)%00%(*objectname) [4ms]
2025-10-20 00:03:10.182 [info] > git rev-parse --show-toplevel [1ms]
2025-10-20 00:03:10.182 [info] fatal: not a git repository (or any parent up to mount point /)
Stopping at filesystem boundary (GIT_DISCOVERY_ACROSS_FILESYSTEM not set).
2025-10-20 00:03:10.184 [info] > git rev-parse --show-toplevel [0ms]
2025-10-20 00:03:10.184 [info] fatal: not a git repository (or any parent up to mount point /)
Stopping at filesystem boundary (GIT_DISCOVERY_ACROSS_FILESYSTEM not set).
2025-10-20 00:03:10.187 [info] > git rev-parse --show-toplevel [1ms]
2025-10-20 00:03:10.187 [info] fatal: not a git repository (or any parent up to mount point /)
Stopping at filesystem boundary (GIT_DISCOVERY_ACROSS_FILESYSTEM not set).
2025-10-20 00:03:10.189 [info] > git rev-parse --show-toplevel [1ms]
2025-10-20 00:03:10.189 [info] fatal: not a git repository (or any parent up to mount point /)
Stopping at filesystem boundary (GIT_DISCOVERY_ACROSS_FILESYSTEM not set).
2025-10-20 00:03:10.191 [info] > git rev-parse --show-toplevel [0ms]
2025-10-20 00:03:10.191 [info] fatal: not a git repository (or any parent up to mount point /)
Stopping at filesystem boundary (GIT_DISCOVERY_ACROSS_FILESYSTEM not set).
2025-10-20 00:03:10.193 [info] > git rev-parse --show-toplevel [0ms]
2025-10-20 00:03:10.193 [info] fatal: not a git repository (or any parent up to mount point /)
Stopping at filesystem boundary (GIT_DISCOVERY_ACROSS_FILESYSTEM not set).
2025-10-20 00:03:10.196 [info] > git status -z -uall [21ms]
2025-10-20 00:03:10.196 [info] > git rev-parse --show-toplevel [1ms]
2025-10-20 00:03:10.196 [info] fatal: not a git repository (or any parent up to mount point /)
Stopping at filesystem boundary (GIT_DISCOVERY_ACROSS_FILESYSTEM not set).
2025-10-20 00:03:10.211 [info] > git for-each-ref --format=%(refname)%00%(upstream:short)%00%(objectname)%00%(upstream:track)%00%(upstream:remotename)%00%(upstream:remoteref) refs/heads/master refs/remotes/master [5ms]
2025-10-20 00:03:10.213 [info] > git config --get --local branch.master.vscode-merge-base [0ms]
2025-10-20 00:03:10.216 [info] > git config --get commit.template [4ms]
2025-10-20 00:03:10.216 [info] > git rev-parse --show-toplevel [7ms]
2025-10-20 00:03:10.216 [info] fatal: not a git repository (or any parent up to mount point /)
Stopping at filesystem boundary (GIT_DISCOVERY_ACROSS_FILESYSTEM not set).
2025-10-20 00:03:10.220 [info] > git for-each-ref --format=%(refname)%00%(upstream:short)%00%(objectname)%00%(upstream:track)%00%(upstream:remotename)%00%(upstream:remoteref) refs/heads/origin/master refs/remotes/origin/master [5ms]
2025-10-20 00:03:10.233 [info] > git merge-base refs/heads/master refs/remotes/origin/master [11ms]
2025-10-20 00:03:10.236 [info] > git for-each-ref --format=%(refname)%00%(upstream:short)%00%(objectname)%00%(upstream:track)%00%(upstream:remotename)%00%(upstream:remoteref) refs/heads/master refs/remotes/master [17ms]
2025-10-20 00:03:10.236 [info] > git rev-parse --show-toplevel [18ms]
2025-10-20 00:03:10.236 [info] fatal: not a git repository (or any parent up to mount point /)
Stopping at filesystem boundary (GIT_DISCOVERY_ACROSS_FILESYSTEM not set).
2025-10-20 00:03:10.239 [info] > git diff --name-status -z --diff-filter=ADMR d1c04d8a33f9127d03b69617c5367db5ceebc8a7...refs/remotes/origin/master [3ms]
2025-10-20 00:03:10.240 [info] > git rev-parse --show-toplevel [1ms]
2025-10-20 00:03:10.240 [info] fatal: not a git repository (or any parent up to mount point /)
Stopping at filesystem boundary (GIT_DISCOVERY_ACROSS_FILESYSTEM not set).
2025-10-20 00:03:10.247 [info] > git for-each-ref --sort -committerdate --format %(refname)%00%(objectname)%00%(*objectname) [3ms]
2025-10-20 00:03:10.247 [info] > git rev-parse --show-toplevel [1ms]
2025-10-20 00:03:10.247 [info] fatal: not a git repository (or any parent up to mount point /)
Stopping at filesystem boundary (GIT_DISCOVERY_ACROSS_FILESYSTEM not set).
2025-10-20 00:03:10.248 [info] [Model][doInitialScan] Initial repository scan completed - repositories (1), closed repositories (0), parent repositories (0), unsafe repositories (0)
2025-10-20 00:03:10.263 [info] > git status -z -uall [21ms]
2025-10-20 00:03:10.390 [info] > git rev-parse --show-toplevel [1ms]
2025-10-20 00:03:10.390 [info] fatal: not a git repository (or any parent up to mount point /)
Stopping at filesystem boundary (GIT_DISCOVERY_ACROSS_FILESYSTEM not set).
2025-10-20 00:03:10.490 [info] > git rev-parse --show-toplevel [1ms]
2025-10-20 00:03:10.490 [info] fatal: not a git repository (or any parent up to mount point /)
Stopping at filesystem boundary (GIT_DISCOVERY_ACROSS_FILESYSTEM not set).
2025-10-20 00:03:10.502 [info] > git rev-parse --show-toplevel [0ms]
2025-10-20 00:03:10.502 [info] fatal: not a git repository (or any parent up to mount point /)
Stopping at filesystem boundary (GIT_DISCOVERY_ACROSS_FILESYSTEM not set).
2025-10-20 00:03:10.539 [info] > git rev-parse --show-toplevel [1ms]
2025-10-20 00:03:10.539 [info] fatal: not a git repository (or any parent up to mount point /)
Stopping at filesystem boundary (GIT_DISCOVERY_ACROSS_FILESYSTEM not set).
2025-10-20 00:03:11.313 [info] > git rev-parse --show-toplevel [1ms]
2025-10-20 00:03:11.313 [info] fatal: not a git repository (or any parent up to mount point /)
Stopping at filesystem boundary (GIT_DISCOVERY_ACROSS_FILESYSTEM not set).
2025-10-20 00:03:12.894 [info] > git rev-parse --show-toplevel [0ms]
2025-10-20 00:03:12.894 [info] fatal: not a git repository (or any parent up to mount point /)
Stopping at filesystem boundary (GIT_DISCOVERY_ACROSS_FILESYSTEM not set).
2025-10-20 00:04:15.562 [info] > git rev-parse --show-toplevel [1ms]
2025-10-20 00:04:15.562 [info] fatal: not a git repository (or any parent up to mount point /)
Stopping at filesystem boundary (GIT_DISCOVERY_ACROSS_FILESYSTEM not set).
2025-10-20 00:04:44.431 [info] > git rev-parse --show-toplevel [1ms]
2025-10-20 00:04:44.431 [info] fatal: not a git repository (or any parent up to mount point /)
Stopping at filesystem boundary (GIT_DISCOVERY_ACROSS_FILESYSTEM not set).
2025-10-20 00:05:06.148 [info] > git rev-parse --show-toplevel [1ms]
2025-10-20 00:05:06.148 [info] fatal: not a git repository (or any parent up to mount point /)
Stopping at filesystem boundary (GIT_DISCOVERY_ACROSS_FILESYSTEM not set).
2025-10-20 00:05:06.153 [info] > git rev-parse --show-toplevel [0ms]
2025-10-20 00:05:06.153 [info] fatal: not a git repository (or any parent up to mount point /)
Stopping at filesystem boundary (GIT_DISCOVERY_ACROSS_FILESYSTEM not set).
2025-10-20 00:05:09.387 [info] > git rev-parse --show-toplevel [1ms]
2025-10-20 00:05:09.387 [info] fatal: not a git repository (or any parent up to mount point /)
Stopping at filesystem boundary (GIT_DISCOVERY_ACROSS_FILESYSTEM not set).
2025-10-20 00:05:55.281 [info] > git rev-parse --show-toplevel [1ms]
2025-10-20 00:05:55.281 [info] fatal: not a git repository (or any parent up to mount point /)
Stopping at filesystem boundary (GIT_DISCOVERY_ACROSS_FILESYSTEM not set).
2025-10-20 00:05:55.284 [info] > git rev-parse --show-toplevel [1ms]
2025-10-20 00:05:55.284 [info] fatal: not a git repository (or any parent up to mount point /)
Stopping at filesystem boundary (GIT_DISCOVERY_ACROSS_FILESYSTEM not set).
2025-10-20 00:06:02.860 [info] > git rev-parse --show-toplevel [1ms]
2025-10-20 00:06:02.860 [info] fatal: not a git repository (or any parent up to mount point /)
Stopping at filesystem boundary (GIT_DISCOVERY_ACROSS_FILESYSTEM not set).
2025-10-20 00:06:04.628 [info] > git rev-parse --show-toplevel [1ms]
2025-10-20 00:06:04.628 [info] fatal: not a git repository (or any parent up to mount point /)
Stopping at filesystem boundary (GIT_DISCOVERY_ACROSS_FILESYSTEM not set).
2025-10-20 00:06:18.910 [info] > git rev-parse --show-toplevel [1ms]
2025-10-20 00:06:18.910 [info] fatal: not a git repository (or any parent up to mount point /)
Stopping at filesystem boundary (GIT_DISCOVERY_ACROSS_FILESYSTEM not set).
2025-10-20 00:08:12.305 [info] > git rev-parse --show-toplevel [1ms]
2025-10-20 00:08:12.306 [info] fatal: not a git repository (or any parent up to mount point /)
Stopping at filesystem boundary (GIT_DISCOVERY_ACROSS_FILESYSTEM not set).
2025-10-20 00:08:12.310 [info] > git rev-parse --show-toplevel [1ms]
2025-10-20 00:08:12.310 [info] fatal: not a git repository (or any parent up to mount point /)
Stopping at filesystem boundary (GIT_DISCOVERY_ACROSS_FILESYSTEM not set).
2025-10-20 00:08:39.763 [info] > git rev-parse --show-toplevel [1ms]
2025-10-20 00:08:39.763 [info] fatal: not a git repository (or any parent up to mount point /)
Stopping at filesystem boundary (GIT_DISCOVERY_ACROSS_FILESYSTEM not set).
2025-10-20 00:10:37.973 [info] [main] Log level: Info
2025-10-20 00:10:37.973 [info] [main] Validating found git in: "git"
2025-10-20 00:10:37.973 [info] [main] Using git "2.51.1.dirty" from "git"
2025-10-20 00:10:37.973 [info] [Model][doInitialScan] Initial repository scan started
2025-10-20 00:10:37.973 [info] > git rev-parse --show-toplevel [1ms]
2025-10-20 00:10:37.973 [info] > git rev-parse --git-dir --git-common-dir --show-superproject-working-tree [2ms]
2025-10-20 00:10:37.973 [info] [Model][openRepository] Opened repository (path): /home/kuroma/Storage/Projects/dotfiles
2025-10-20 00:10:37.973 [info] [Model][openRepository] Opened repository (real path): /home/kuroma/Storage/Projects/dotfiles
2025-10-20 00:10:37.973 [info] [Model][openRepository] Opened repository (kind): repository
2025-10-20 00:10:37.973 [info] > git rev-parse --show-toplevel [1ms]
2025-10-20 00:10:37.973 [info] > git config --get commit.template [3ms]
2025-10-20 00:10:37.973 [info] > git rev-parse --show-toplevel [4ms]
2025-10-20 00:10:37.973 [info] [Model][doInitialScan] Initial repository scan completed - repositories (1), closed repositories (0), parent repositories (0), unsafe repositories (0)
2025-10-20 00:10:37.973 [info] > git for-each-ref --format=%(refname)%00%(upstream:short)%00%(objectname)%00%(upstream:track)%00%(upstream:remotename)%00%(upstream:remoteref) refs/heads/main refs/remotes/main [1ms]
2025-10-20 00:10:37.973 [warning] [Git][revParse] Unable to read file: ENOENT: no such file or directory, open '/home/kuroma/Storage/Projects/dotfiles/.git/refs/remotes/origin/main'
2025-10-20 00:10:37.973 [info] > git rev-parse refs/remotes/origin/main [1ms]
2025-10-20 00:10:37.978 [info] > git status -z -uall [7ms]
2025-10-20 00:10:37.980 [info] > git for-each-ref --sort -committerdate --format %(refname)%00%(objectname)%00%(*objectname) [7ms]
2025-10-20 00:10:37.994 [info] > git for-each-ref --format=%(refname)%00%(upstream:short)%00%(objectname)%00%(upstream:track)%00%(upstream:remotename)%00%(upstream:remoteref) refs/heads/main refs/remotes/main [4ms]
2025-10-20 00:10:38.057 [info] > git config --get --local branch.main.vscode-merge-base [61ms]
2025-10-20 00:10:38.060 [info] > git config --get commit.template [66ms]
2025-10-20 00:10:38.072 [info] > git for-each-ref --format=%(refname)%00%(upstream:short)%00%(objectname)%00%(upstream:track)%00%(upstream:remotename)%00%(upstream:remoteref) refs/heads/origin/main refs/remotes/origin/main [13ms]
2025-10-20 00:10:38.079 [info] > git merge-base refs/heads/main refs/remotes/origin/main [4ms]
2025-10-20 00:10:38.081 [info] > git for-each-ref --format=%(refname)%00%(upstream:short)%00%(objectname)%00%(upstream:track)%00%(upstream:remotename)%00%(upstream:remoteref) refs/heads/main refs/remotes/main [3ms]
2025-10-20 00:10:38.083 [warning] [Git][revParse] Unable to read file: ENOENT: no such file or directory, open '/home/kuroma/Storage/Projects/dotfiles/.git/refs/remotes/origin/main'
2025-10-20 00:10:38.083 [info] > git diff --name-status -z --diff-filter=ADMR faef8b02ac5966e25aabc3df2cdde4aea934708f...refs/remotes/origin/main [2ms]
2025-10-20 00:10:38.084 [info] > git rev-parse refs/remotes/origin/main [1ms]
2025-10-20 00:10:38.088 [info] > git status -z -uall [2ms]
2025-10-20 00:10:38.089 [info] > git for-each-ref --sort -committerdate --format %(refname)%00%(objectname)%00%(*objectname) [1ms]
2025-10-20 00:10:38.482 [info] > git check-ignore -v -z --stdin [1ms]
2025-10-20 00:10:39.776 [info] > git show --textconv :README.md [3ms]
2025-10-20 00:10:39.776 [info] > git ls-files --stage -- README.md [1ms]
2025-10-20 00:10:39.787 [info] > git cat-file -s 3e6aa9e5e551d08c1c06654750629d22e3b45bda [8ms]
2025-10-20 00:10:40.629 [info] > git blame --root --incremental faef8b02ac5966e25aabc3df2cdde4aea934708f -- README.md [1ms]
2025-10-20 00:11:09.252 [info] > git check-ignore -v -z --stdin [1ms]
2025-10-20 00:11:52.854 [info] > git config --get commit.template [3ms]
2025-10-20 00:11:52.854 [info] > git for-each-ref --format=%(refname)%00%(upstream:short)%00%(objectname)%00%(upstream:track)%00%(upstream:remotename)%00%(upstream:remoteref) refs/heads/main refs/remotes/main [1ms]
2025-10-20 00:11:52.856 [warning] [Git][revParse] Unable to read file: ENOENT: no such file or directory, open '/home/kuroma/Storage/Projects/dotfiles/.git/refs/remotes/origin/main'
2025-10-20 00:11:52.857 [info] > git rev-parse refs/remotes/origin/main [1ms]
2025-10-20 00:11:52.861 [info] > git status -z -uall [2ms]
2025-10-20 00:11:52.862 [info] > git for-each-ref --sort -committerdate --format %(refname)%00%(objectname)%00%(*objectname) [1ms]
2025-10-20 00:12:19.519 [info] > git show --textconv :README.md [3ms]
2025-10-20 00:12:19.519 [info] > git ls-files --stage -- README.md [1ms]
2025-10-20 00:12:19.522 [info] > git cat-file -s 3e6aa9e5e551d08c1c06654750629d22e3b45bda [1ms]
2025-10-20 00:14:33.191 [info] > git config --get commit.template [3ms]
2025-10-20 00:14:33.191 [info] > git for-each-ref --format=%(refname)%00%(upstream:short)%00%(objectname)%00%(upstream:track)%00%(upstream:remotename)%00%(upstream:remoteref) refs/heads/main refs/remotes/main [1ms]
2025-10-20 00:14:33.193 [warning] [Git][revParse] Unable to read file: ENOENT: no such file or directory, open '/home/kuroma/Storage/Projects/dotfiles/.git/refs/remotes/origin/main'
2025-10-20 00:14:33.194 [info] > git rev-parse refs/remotes/origin/main [1ms]
2025-10-20 00:14:33.199 [info] > git status -z -uall [3ms]
2025-10-20 00:14:33.199 [info] > git for-each-ref --sort -committerdate --format %(refname)%00%(objectname)%00%(*objectname) [1ms]
2025-10-20 00:14:44.514 [info] > git check-ignore -v -z --stdin [1ms]
2025-10-20 00:14:48.239 [info] > git show --textconv :README.md [2ms]
2025-10-20 00:14:48.240 [info] > git ls-files --stage -- README.md [1ms]
2025-10-20 00:14:48.243 [info] > git cat-file -s 3e6aa9e5e551d08c1c06654750629d22e3b45bda [1ms]
2025-10-20 00:14:49.319 [info] > git config --get commit.template [3ms]
2025-10-20 00:14:49.320 [info] > git for-each-ref --format=%(refname)%00%(upstream:short)%00%(objectname)%00%(upstream:track)%00%(upstream:remotename)%00%(upstream:remoteref) refs/heads/main refs/remotes/main [1ms]
2025-10-20 00:14:49.322 [warning] [Git][revParse] Unable to read file: ENOENT: no such file or directory, open '/home/kuroma/Storage/Projects/dotfiles/.git/refs/remotes/origin/main'
2025-10-20 00:14:49.322 [info] > git rev-parse refs/remotes/origin/main [0ms]
2025-10-20 00:14:49.327 [info] > git status -z -uall [2ms]
2025-10-20 00:14:49.328 [info] > git for-each-ref --sort -committerdate --format %(refname)%00%(objectname)%00%(*objectname) [1ms]
2025-10-20 00:14:54.334 [info] > git config --get commit.template [2ms]
2025-10-20 00:14:54.335 [info] > git for-each-ref --format=%(refname)%00%(upstream:short)%00%(objectname)%00%(upstream:track)%00%(upstream:remotename)%00%(upstream:remoteref) refs/heads/main refs/remotes/main [1ms]
2025-10-20 00:14:54.337 [warning] [Git][revParse] Unable to read file: ENOENT: no such file or directory, open '/home/kuroma/Storage/Projects/dotfiles/.git/refs/remotes/origin/main'
2025-10-20 00:14:54.337 [info] > git rev-parse refs/remotes/origin/main [0ms]
2025-10-20 00:14:54.342 [info] > git status -z -uall [3ms]
2025-10-20 00:14:54.342 [info] > git for-each-ref --sort -committerdate --format %(refname)%00%(objectname)%00%(*objectname) [1ms]
2025-10-20 00:14:56.756 [info] > git show --textconv :README.md [3ms]
2025-10-20 00:14:56.756 [info] > git ls-files --stage -- README.md [0ms]
2025-10-20 00:14:56.760 [info] > git cat-file -s 3e6aa9e5e551d08c1c06654750629d22e3b45bda [1ms]
2025-10-20 00:14:59.350 [info] > git config --get commit.template [2ms]
2025-10-20 00:14:59.351 [info] > git for-each-ref --format=%(refname)%00%(upstream:short)%00%(objectname)%00%(upstream:track)%00%(upstream:remotename)%00%(upstream:remoteref) refs/heads/main refs/remotes/main [1ms]
2025-10-20 00:14:59.353 [warning] [Git][revParse] Unable to read file: ENOENT: no such file or directory, open '/home/kuroma/Storage/Projects/dotfiles/.git/refs/remotes/origin/main'
2025-10-20 00:14:59.354 [info] > git rev-parse refs/remotes/origin/main [1ms]
2025-10-20 00:14:59.358 [info] > git status -z -uall [2ms]
2025-10-20 00:14:59.359 [info] > git for-each-ref --sort -committerdate --format %(refname)%00%(objectname)%00%(*objectname) [1ms]
2025-10-20 00:15:07.381 [info] > git config --get commit.template [3ms]
2025-10-20 00:15:07.381 [info] > git for-each-ref --format=%(refname)%00%(upstream:short)%00%(objectname)%00%(upstream:track)%00%(upstream:remotename)%00%(upstream:remoteref) refs/heads/main refs/remotes/main [1ms]
2025-10-20 00:15:07.383 [warning] [Git][revParse] Unable to read file: ENOENT: no such file or directory, open '/home/kuroma/Storage/Projects/dotfiles/.git/refs/remotes/origin/main'
2025-10-20 00:15:07.384 [info] > git rev-parse refs/remotes/origin/main [1ms]
2025-10-20 00:15:07.388 [info] > git status -z -uall [2ms]
2025-10-20 00:15:07.389 [info] > git for-each-ref --sort -committerdate --format %(refname)%00%(objectname)%00%(*objectname) [1ms]
2025-10-20 00:15:11.672 [info] > git show --textconv :README.md [3ms]
2025-10-20 00:15:11.673 [info] > git ls-files --stage -- README.md [1ms]
2025-10-20 00:15:11.676 [info] > git cat-file -s 3e6aa9e5e551d08c1c06654750629d22e3b45bda [1ms]
2025-10-20 00:15:12.688 [info] > git config --get commit.template [3ms]
2025-10-20 00:15:12.688 [info] > git for-each-ref --format=%(refname)%00%(upstream:short)%00%(objectname)%00%(upstream:track)%00%(upstream:remotename)%00%(upstream:remoteref) refs/heads/main refs/remotes/main [1ms]
2025-10-20 00:15:12.690 [warning] [Git][revParse] Unable to read file: ENOENT: no such file or directory, open '/home/kuroma/Storage/Projects/dotfiles/.git/refs/remotes/origin/main'
2025-10-20 00:15:12.691 [info] > git rev-parse refs/remotes/origin/main [1ms]
2025-10-20 00:15:12.696 [info] > git status -z -uall [3ms]
2025-10-20 00:15:12.696 [info] > git for-each-ref --sort -committerdate --format %(refname)%00%(objectname)%00%(*objectname) [0ms]
2025-10-20 00:15:20.376 [info] > git check-ignore -v -z --stdin [1ms]
2025-10-20 00:15:21.848 [info] > git config --get commit.template [3ms]
2025-10-20 00:15:21.848 [info] > git for-each-ref --format=%(refname)%00%(upstream:short)%00%(objectname)%00%(upstream:track)%00%(upstream:remotename)%00%(upstream:remoteref) refs/heads/main refs/remotes/main [1ms]
2025-10-20 00:15:21.850 [warning] [Git][revParse] Unable to read file: ENOENT: no such file or directory, open '/home/kuroma/Storage/Projects/dotfiles/.git/refs/remotes/origin/main'
2025-10-20 00:15:21.851 [info] > git rev-parse refs/remotes/origin/main [1ms]
2025-10-20 00:15:21.856 [info] > git status -z -uall [3ms]
2025-10-20 00:15:21.857 [info] > git for-each-ref --sort -committerdate --format %(refname)%00%(objectname)%00%(*objectname) [1ms]
2025-10-20 00:15:33.617 [info] > git check-ignore -v -z --stdin [1ms]
2025-10-20 00:15:38.669 [info] > git show --textconv :README.md [5ms]
2025-10-20 00:15:38.669 [info] > git ls-files --stage -- README.md [1ms]
2025-10-20 00:15:38.675 [info] > git cat-file -s 3e6aa9e5e551d08c1c06654750629d22e3b45bda [1ms]
2025-10-20 00:15:39.685 [info] > git config --get commit.template [3ms]
2025-10-20 00:15:39.685 [info] > git for-each-ref --format=%(refname)%00%(upstream:short)%00%(objectname)%00%(upstream:track)%00%(upstream:remotename)%00%(upstream:remoteref) refs/heads/main refs/remotes/main [0ms]
2025-10-20 00:15:39.688 [warning] [Git][revParse] Unable to read file: ENOENT: no such file or directory, open '/home/kuroma/Storage/Projects/dotfiles/.git/refs/remotes/origin/main'
2025-10-20 00:15:39.688 [info] > git rev-parse refs/remotes/origin/main [0ms]
2025-10-20 00:15:39.693 [info] > git status -z -uall [3ms]
2025-10-20 00:15:39.693 [info] > git for-each-ref --sort -committerdate --format %(refname)%00%(objectname)%00%(*objectname) [0ms]
2025-10-20 00:17:12.718 [info] > git config --get commit.template [3ms]
2025-10-20 00:17:12.718 [info] > git for-each-ref --format=%(refname)%00%(upstream:short)%00%(objectname)%00%(upstream:track)%00%(upstream:remotename)%00%(upstream:remoteref) refs/heads/main refs/remotes/main [1ms]
2025-10-20 00:17:12.720 [warning] [Git][revParse] Unable to read file: ENOENT: no such file or directory, open '/home/kuroma/Storage/Projects/dotfiles/.git/refs/remotes/origin/main'
2025-10-20 00:17:12.721 [info] > git rev-parse refs/remotes/origin/main [1ms]
2025-10-20 00:17:12.726 [info] > git status -z -uall [3ms]
2025-10-20 00:17:12.726 [info] > git for-each-ref --sort -committerdate --format %(refname)%00%(objectname)%00%(*objectname) [1ms]
2025-10-20 00:17:32.305 [info] > git config --get commit.template [2ms]
2025-10-20 00:17:32.306 [info] > git for-each-ref --format=%(refname)%00%(upstream:short)%00%(objectname)%00%(upstream:track)%00%(upstream:remotename)%00%(upstream:remoteref) refs/heads/main refs/remotes/main [1ms]
2025-10-20 00:17:32.308 [warning] [Git][revParse] Unable to read file: ENOENT: no such file or directory, open '/home/kuroma/Storage/Projects/dotfiles/.git/refs/remotes/origin/main'
2025-10-20 00:17:32.309 [info] > git rev-parse refs/remotes/origin/main [1ms]
2025-10-20 00:17:32.313 [info] > git status -z -uall [2ms]
2025-10-20 00:17:32.314 [info] > git for-each-ref --sort -committerdate --format %(refname)%00%(objectname)%00%(*objectname) [1ms]
2025-10-20 00:18:54.249 [info] > git check-ignore -v -z --stdin [1ms]
2025-10-20 00:18:54.898 [info] > git config --get commit.template [4ms]
2025-10-20 00:18:54.898 [info] > git for-each-ref --format=%(refname)%00%(upstream:short)%00%(objectname)%00%(upstream:track)%00%(upstream:remotename)%00%(upstream:remoteref) refs/heads/main refs/remotes/main [1ms]
2025-10-20 00:18:54.901 [warning] [Git][revParse] Unable to read file: ENOENT: no such file or directory, open '/home/kuroma/Storage/Projects/dotfiles/.git/refs/remotes/origin/main'
2025-10-20 00:18:54.901 [info] > git rev-parse refs/remotes/origin/main [0ms]
2025-10-20 00:18:54.906 [info] > git status -z -uall [3ms]
2025-10-20 00:18:54.906 [info] > git for-each-ref --sort -committerdate --format %(refname)%00%(objectname)%00%(*objectname) [0ms]
2025-10-20 00:19:00.165 [info] > git check-ignore -v -z --stdin [1ms]
2025-10-20 00:19:00.741 [info] > git config --get commit.template [3ms]
2025-10-20 00:19:00.741 [info] > git for-each-ref --format=%(refname)%00%(upstream:short)%00%(objectname)%00%(upstream:track)%00%(upstream:remotename)%00%(upstream:remoteref) refs/heads/main refs/remotes/main [0ms]
2025-10-20 00:19:00.744 [warning] [Git][revParse] Unable to read file: ENOENT: no such file or directory, open '/home/kuroma/Storage/Projects/dotfiles/.git/refs/remotes/origin/main'
2025-10-20 00:19:00.744 [info] > git rev-parse refs/remotes/origin/main [0ms]
2025-10-20 00:19:00.748 [info] > git status -z -uall [2ms]
2025-10-20 00:19:00.749 [info] > git for-each-ref --sort -committerdate --format %(refname)%00%(objectname)%00%(*objectname) [1ms]
2025-10-20 00:19:26.220 [info] > git config --get commit.template [3ms]
2025-10-20 00:19:26.220 [info] > git for-each-ref --format=%(refname)%00%(upstream:short)%00%(objectname)%00%(upstream:track)%00%(upstream:remotename)%00%(upstream:remoteref) refs/heads/main refs/remotes/main [0ms]
2025-10-20 00:19:26.223 [warning] [Git][revParse] Unable to read file: ENOENT: no such file or directory, open '/home/kuroma/Storage/Projects/dotfiles/.git/refs/remotes/origin/main'
2025-10-20 00:19:26.223 [info] > git rev-parse refs/remotes/origin/main [0ms]
2025-10-20 00:19:26.228 [info] > git status -z -uall [3ms]
2025-10-20 00:19:26.229 [info] > git for-each-ref --sort -committerdate --format %(refname)%00%(objectname)%00%(*objectname) [1ms]
2025-10-20 00:19:35.651 [info] > git config --get commit.template [3ms]
2025-10-20 00:19:35.651 [info] > git for-each-ref --format=%(refname)%00%(upstream:short)%00%(objectname)%00%(upstream:track)%00%(upstream:remotename)%00%(upstream:remoteref) refs/heads/main refs/remotes/main [0ms]
2025-10-20 00:19:35.653 [warning] [Git][revParse] Unable to read file: ENOENT: no such file or directory, open '/home/kuroma/Storage/Projects/dotfiles/.git/refs/remotes/origin/main'
2025-10-20 00:19:35.654 [info] > git rev-parse refs/remotes/origin/main [1ms]
2025-10-20 00:19:35.658 [info] > git status -z -uall [2ms]
2025-10-20 00:19:35.659 [info] > git for-each-ref --sort -committerdate --format %(refname)%00%(objectname)%00%(*objectname) [1ms]
2025-10-20 00:19:48.172 [info] > git config --get commit.template [3ms]
2025-10-20 00:19:48.173 [info] > git for-each-ref --format=%(refname)%00%(upstream:short)%00%(objectname)%00%(upstream:track)%00%(upstream:remotename)%00%(upstream:remoteref) refs/heads/main refs/remotes/main [1ms]
2025-10-20 00:19:48.175 [warning] [Git][revParse] Unable to read file: ENOENT: no such file or directory, open '/home/kuroma/Storage/Projects/dotfiles/.git/refs/remotes/origin/main'
2025-10-20 00:19:48.175 [info] > git rev-parse refs/remotes/origin/main [0ms]
2025-10-20 00:19:48.180 [info] > git status -z -uall [3ms]
2025-10-20 00:19:48.180 [info] > git for-each-ref --sort -committerdate --format %(refname)%00%(objectname)%00%(*objectname) [0ms]
2025-10-20 00:19:48.489 [info] > git show --textconv HEAD:README.md [3ms]
2025-10-20 00:19:48.490 [info] > git ls-tree -l HEAD -- README.md [1ms]
2025-10-20 00:19:49.291 [info] > git config --get commit.template [2ms]
2025-10-20 00:19:49.292 [info] > git for-each-ref --format=%(refname)%00%(upstream:short)%00%(objectname)%00%(upstream:track)%00%(upstream:remotename)%00%(upstream:remoteref) refs/heads/main refs/remotes/main [1ms]
2025-10-20 00:19:49.294 [warning] [Git][revParse] Unable to read file: ENOENT: no such file or directory, open '/home/kuroma/Storage/Projects/dotfiles/.git/refs/remotes/origin/main'
2025-10-20 00:19:49.294 [info] > git rev-parse refs/remotes/origin/main [0ms]
2025-10-20 00:19:49.299 [info] > git status -z -uall [3ms]
2025-10-20 00:19:49.300 [info] > git for-each-ref --sort -committerdate --format %(refname)%00%(objectname)%00%(*objectname) [1ms]
2025-10-20 00:19:49.392 [info] > git ls-files --stage -- README.md [3ms]
2025-10-20 00:19:49.394 [info] > git ls-tree -l HEAD -- README.md [2ms]
2025-10-20 00:19:49.395 [info] > git cat-file -s 2851e326859d59d21d8bc01a338ea87dd51e4db2 [1ms]
2025-10-20 00:19:49.400 [info] > git show --textconv HEAD:README.md [3ms]
2025-10-20 00:19:49.401 [info] > git show --textconv :README.md [1ms]
2025-10-20 00:20:30.901 [info] > git config --get commit.template [3ms]
2025-10-20 00:20:30.902 [info] > git for-each-ref --format=%(refname)%00%(upstream:short)%00%(objectname)%00%(upstream:track)%00%(upstream:remotename)%00%(upstream:remoteref) refs/heads/main refs/remotes/main [1ms]
2025-10-20 00:20:30.904 [warning] [Git][revParse] Unable to read file: ENOENT: no such file or directory, open '/home/kuroma/Storage/Projects/dotfiles/.git/refs/remotes/origin/main'
2025-10-20 00:20:30.904 [info] > git rev-parse refs/remotes/origin/main [0ms]
2025-10-20 00:20:30.909 [info] > git status -z -uall [2ms]
2025-10-20 00:20:30.910 [info] > git for-each-ref --sort -committerdate --format %(refname)%00%(objectname)%00%(*objectname) [1ms]
2025-10-20 00:20:30.916 [info] > git blame --root --incremental 9dca30b0fa8f9778639165c54e18fb06193dfc63 -- README.md [2ms]
2025-10-20 00:20:30.917 [info] > git merge-base refs/heads/main refs/remotes/origin/main [1ms]
2025-10-20 00:20:30.921 [info] > git diff --name-status -z --diff-filter=ADMR faef8b02ac5966e25aabc3df2cdde4aea934708f...refs/remotes/origin/main [1ms]
2025-10-20 00:20:31.966 [info] > git config --get commit.template [1ms]
2025-10-20 00:20:31.969 [info] > git for-each-ref --format=%(refname)%00%(upstream:short)%00%(objectname)%00%(upstream:track)%00%(upstream:remotename)%00%(upstream:remoteref) refs/heads/main refs/remotes/main [1ms]
2025-10-20 00:20:31.971 [warning] [Git][revParse] Unable to read file: ENOENT: no such file or directory, open '/home/kuroma/Storage/Projects/dotfiles/.git/refs/remotes/origin/main'
2025-10-20 00:20:31.972 [info] > git rev-parse refs/remotes/origin/main [1ms]
2025-10-20 00:20:31.976 [info] > git status -z -uall [2ms]
2025-10-20 00:20:31.977 [info] > git for-each-ref --sort -committerdate --format %(refname)%00%(objectname)%00%(*objectname) [1ms]
2025-10-20 00:20:32.065 [info] > git ls-files --stage -- README.md [0ms]
2025-10-20 00:20:32.068 [info] > git cat-file -s 2851e326859d59d21d8bc01a338ea87dd51e4db2 [0ms]
2025-10-20 00:20:32.072 [info] > git show --textconv :README.md [1ms]
2025-10-20 00:22:30.193 [info] > git config --get commit.template [3ms]
2025-10-20 00:22:30.193 [info] > git for-each-ref --format=%(refname)%00%(upstream:short)%00%(objectname)%00%(upstream:track)%00%(upstream:remotename)%00%(upstream:remoteref) refs/heads/main refs/remotes/main [1ms]
2025-10-20 00:22:30.199 [info] > git status -z -uall [3ms]
2025-10-20 00:22:30.200 [info] > git for-each-ref --sort -committerdate --format %(refname)%00%(objectname)%00%(*objectname) [1ms]
2025-10-20 00:22:30.205 [info] > git merge-base refs/heads/main refs/remotes/origin/main [1ms]
2025-10-20 00:22:30.209 [info] > git diff --name-status -z --diff-filter=ADMR 9dca30b0fa8f9778639165c54e18fb06193dfc63...refs/remotes/origin/main [1ms]
2025-10-20 00:22:53.755 [info] > git config --get commit.template [3ms]
2025-10-20 00:22:53.758 [info] > git ls-files --stage -- README.md [3ms]
2025-10-20 00:22:53.761 [info] > git for-each-ref --format=%(refname)%00%(upstream:short)%00%(objectname)%00%(upstream:track)%00%(upstream:remotename)%00%(upstream:remoteref) refs/heads/main refs/remotes/main [4ms]
2025-10-20 00:22:53.767 [info] > git status -z -uall [4ms]
2025-10-20 00:22:53.767 [info] > git for-each-ref --sort -committerdate --format %(refname)%00%(objectname)%00%(*objectname) [1ms]
2025-10-20 00:22:53.768 [info] > git cat-file -s 2851e326859d59d21d8bc01a338ea87dd51e4db2 [8ms]
2025-10-20 00:22:53.773 [info] > git show --textconv :README.md [1ms]
2025-10-20 00:28:34.825 [info] > git config --get commit.template [1ms]
2025-10-20 00:28:34.828 [info] > git for-each-ref --format=%(refname)%00%(upstream:short)%00%(objectname)%00%(upstream:track)%00%(upstream:remotename)%00%(upstream:remoteref) refs/heads/main refs/remotes/main [0ms]
2025-10-20 00:28:34.833 [info] > git status -z -uall [2ms]
2025-10-20 00:28:34.834 [info] > git for-each-ref --sort -committerdate --format %(refname)%00%(objectname)%00%(*objectname) [1ms]
2025-10-20 00:28:36.169 [info] > git show --textconv :README.md [3ms]
2025-10-20 00:28:36.169 [info] > git ls-files --stage -- README.md [0ms]
2025-10-20 00:28:36.173 [info] > git cat-file -s 2851e326859d59d21d8bc01a338ea87dd51e4db2 [1ms]
2025-10-20 00:28:37.772 [info] > git show --textconv :README.md [3ms]
2025-10-20 00:28:37.773 [info] > git ls-files --stage -- README.md [1ms]
2025-10-20 00:28:37.777 [info] > git cat-file -s 2851e326859d59d21d8bc01a338ea87dd51e4db2 [1ms]
2025-10-20 00:29:29.730 [info] > git config --get commit.template [3ms]
2025-10-20 00:29:29.730 [info] > git for-each-ref --format=%(refname)%00%(upstream:short)%00%(objectname)%00%(upstream:track)%00%(upstream:remotename)%00%(upstream:remoteref) refs/heads/main refs/remotes/main [0ms]
2025-10-20 00:29:29.736 [info] > git status -z -uall [3ms]
2025-10-20 00:29:29.736 [info] > git for-each-ref --sort -committerdate --format %(refname)%00%(objectname)%00%(*objectname) [0ms]
2025-10-20 00:29:45.168 [info] > git config --get commit.template [3ms]
2025-10-20 00:29:45.168 [info] > git for-each-ref --format=%(refname)%00%(upstream:short)%00%(objectname)%00%(upstream:track)%00%(upstream:remotename)%00%(upstream:remoteref) refs/heads/main refs/remotes/main [1ms]
2025-10-20 00:29:45.174 [info] > git for-each-ref --sort -committerdate --format %(refname)%00%(objectname)%00%(*objectname) [1ms]
2025-10-20 00:29:45.181 [info] > git status -z -uall [11ms]
2025-10-20 00:29:48.326 [info] > git check-ignore -v -z --stdin [0ms]
2025-10-20 00:31:39.249 [info] > git config --get commit.template [4ms]
2025-10-20 00:31:39.250 [info] > git for-each-ref --format=%(refname)%00%(upstream:short)%00%(objectname)%00%(upstream:track)%00%(upstream:remotename)%00%(upstream:remoteref) refs/heads/main refs/remotes/main [2ms]
2025-10-20 00:31:39.257 [info] > git for-each-ref --sort -committerdate --format %(refname)%00%(objectname)%00%(*objectname) [2ms]
2025-10-20 00:31:39.261 [info] > git status -z -uall [9ms]
2025-10-20 00:31:39.634 [info] > git show --textconv :README.md [2ms]
2025-10-20 00:31:39.635 [info] > git ls-files --stage -- README.md [1ms]
2025-10-20 00:31:39.638 [info] > git cat-file -s 2851e326859d59d21d8bc01a338ea87dd51e4db2 [1ms]
2025-10-20 00:31:56.146 [info] > git config --get commit.template [2ms]
2025-10-20 00:31:56.146 [info] > git for-each-ref --format=%(refname)%00%(upstream:short)%00%(objectname)%00%(upstream:track)%00%(upstream:remotename)%00%(upstream:remoteref) refs/heads/main refs/remotes/main [1ms]
2025-10-20 00:31:56.152 [info] > git for-each-ref --sort -committerdate --format %(refname)%00%(objectname)%00%(*objectname) [1ms]
2025-10-20 00:31:56.157 [info] > git status -z -uall [8ms]
2025-10-20 00:33:09.316 [info] > git show --textconv :README.md [3ms]
2025-10-20 00:33:09.316 [info] > git ls-files --stage -- README.md [0ms]
2025-10-20 00:33:09.319 [info] > git cat-file -s 2851e326859d59d21d8bc01a338ea87dd51e4db2 [0ms]
2025-10-20 00:33:40.017 [info] > git config --get commit.template [3ms]
2025-10-20 00:33:40.018 [info] > git for-each-ref --format=%(refname)%00%(upstream:short)%00%(objectname)%00%(upstream:track)%00%(upstream:remotename)%00%(upstream:remoteref) refs/heads/main refs/remotes/main [1ms]
2025-10-20 00:33:40.023 [info] > git for-each-ref --sort -committerdate --format %(refname)%00%(objectname)%00%(*objectname) [1ms]
2025-10-20 00:33:40.029 [info] > git status -z -uall [9ms]
2025-10-20 00:33:51.953 [info] > git show --textconv :README.md [3ms]
2025-10-20 00:33:51.953 [info] > git ls-files --stage -- README.md [0ms]
2025-10-20 00:33:51.957 [info] > git cat-file -s 2851e326859d59d21d8bc01a338ea87dd51e4db2 [1ms]
2025-10-20 00:33:52.965 [info] > git config --get commit.template [2ms]
2025-10-20 00:33:52.965 [info] > git for-each-ref --format=%(refname)%00%(upstream:short)%00%(objectname)%00%(upstream:track)%00%(upstream:remotename)%00%(upstream:remoteref) refs/heads/main refs/remotes/main [1ms]
2025-10-20 00:33:52.971 [info] > git for-each-ref --sort -committerdate --format %(refname)%00%(objectname)%00%(*objectname) [1ms]
2025-10-20 00:33:52.976 [info] > git status -z -uall [8ms]
2025-10-20 00:34:13.458 [info] > git config --get commit.template [3ms]
2025-10-20 00:34:13.459 [info] > git for-each-ref --format=%(refname)%00%(upstream:short)%00%(objectname)%00%(upstream:track)%00%(upstream:remotename)%00%(upstream:remoteref) refs/heads/main refs/remotes/main [1ms]
2025-10-20 00:34:13.464 [info] > git status -z -uall [3ms]
2025-10-20 00:34:13.465 [info] > git for-each-ref --sort -committerdate --format %(refname)%00%(objectname)%00%(*objectname) [1ms]
2025-10-20 00:34:14.968 [info] > git check-ignore -v -z --stdin [1ms]
2025-10-20 00:34:18.476 [info] > git config --get commit.template [3ms]
2025-10-20 00:34:18.476 [info] > git for-each-ref --format=%(refname)%00%(upstream:short)%00%(objectname)%00%(upstream:track)%00%(upstream:remotename)%00%(upstream:remoteref) refs/heads/main refs/remotes/main [0ms]
2025-10-20 00:34:18.481 [info] > git status -z -uall [2ms]
2025-10-20 00:34:18.482 [info] > git for-each-ref --sort -committerdate --format %(refname)%00%(objectname)%00%(*objectname) [1ms]
2025-10-20 00:34:56.516 [info] > git config --get commit.template [3ms]
2025-10-20 00:34:56.516 [info] > git for-each-ref --format=%(refname)%00%(upstream:short)%00%(objectname)%00%(upstream:track)%00%(upstream:remotename)%00%(upstream:remoteref) refs/heads/main refs/remotes/main [0ms]
2025-10-20 00:34:56.521 [info] > git status -z -uall [2ms]
2025-10-20 00:34:56.522 [info] > git for-each-ref --sort -committerdate --format %(refname)%00%(objectname)%00%(*objectname) [1ms]
2025-10-20 00:34:59.958 [info] > git show --textconv :README.md [3ms]
2025-10-20 00:34:59.958 [info] > git ls-files --stage -- README.md [1ms]
2025-10-20 00:34:59.961 [info] > git cat-file -s 2851e326859d59d21d8bc01a338ea87dd51e4db2 [0ms]
2025-10-20 00:35:01.530 [info] > git config --get commit.template [3ms]
2025-10-20 00:35:01.530 [info] > git for-each-ref --format=%(refname)%00%(upstream:short)%00%(objectname)%00%(upstream:track)%00%(upstream:remotename)%00%(upstream:remoteref) refs/heads/main refs/remotes/main [0ms]
2025-10-20 00:35:01.536 [info] > git status -z -uall [3ms]
2025-10-20 00:35:01.536 [info] > git for-each-ref --sort -committerdate --format %(refname)%00%(objectname)%00%(*objectname) [0ms]
2025-10-20 00:35:15.651 [info] > git config --get commit.template [3ms]
2025-10-20 00:35:15.652 [info] > git for-each-ref --format=%(refname)%00%(upstream:short)%00%(objectname)%00%(upstream:track)%00%(upstream:remotename)%00%(upstream:remoteref) refs/heads/main refs/remotes/main [1ms]
2025-10-20 00:35:15.658 [info] > git status -z -uall [3ms]
2025-10-20 00:35:15.658 [info] > git for-each-ref --sort -committerdate --format %(refname)%00%(objectname)%00%(*objectname) [0ms]
2025-10-20 00:35:28.788 [info] > git config --get commit.template [3ms]
2025-10-20 00:35:28.789 [info] > git for-each-ref --format=%(refname)%00%(upstream:short)%00%(objectname)%00%(upstream:track)%00%(upstream:remotename)%00%(upstream:remoteref) refs/heads/main refs/remotes/main [1ms]
2025-10-20 00:35:28.794 [info] > git status -z -uall [3ms]
2025-10-20 00:35:28.794 [info] > git for-each-ref --sort -committerdate --format %(refname)%00%(objectname)%00%(*objectname) [1ms]
2025-10-20 00:35:29.499 [info] > git show --textconv :README.md [2ms]
2025-10-20 00:35:29.499 [info] > git ls-files --stage -- README.md [1ms]
2025-10-20 00:35:29.502 [info] > git cat-file -s 2851e326859d59d21d8bc01a338ea87dd51e4db2 [1ms]
2025-10-20 00:35:34.884 [info] > git check-ignore -v -z --stdin [1ms]
2025-10-20 00:35:45.373 [info] > git config --get commit.template [3ms]
2025-10-20 00:35:45.374 [info] > git for-each-ref --format=%(refname)%00%(upstream:short)%00%(objectname)%00%(upstream:track)%00%(upstream:remotename)%00%(upstream:remoteref) refs/heads/main refs/remotes/main [1ms]
2025-10-20 00:35:45.380 [info] > git for-each-ref --sort -committerdate --format %(refname)%00%(objectname)%00%(*objectname) [1ms]
2025-10-20 00:35:45.383 [info] > git status -z -uall [7ms]
2025-10-20 00:35:47.478 [info] > git show --textconv :.zshrc [3ms]
2025-10-20 00:35:47.479 [info] > git ls-files --stage -- .zshrc [1ms]
2025-10-20 00:35:47.482 [info] > git cat-file -s 7b22354ad560a6dda2738f75f784403a3be805dc [1ms]
2025-10-20 00:35:50.398 [info] > git config --get commit.template [3ms]
2025-10-20 00:35:50.398 [info] > git for-each-ref --format=%(refname)%00%(upstream:short)%00%(objectname)%00%(upstream:track)%00%(upstream:remotename)%00%(upstream:remoteref) refs/heads/main refs/remotes/main [1ms]
2025-10-20 00:35:50.404 [info] > git for-each-ref --sort -committerdate --format %(refname)%00%(objectname)%00%(*objectname) [1ms]
2025-10-20 00:35:50.406 [info] > git status -z -uall [5ms]
2025-10-20 00:36:10.691 [info] > git blame --root --incremental 9dca30b0fa8f9778639165c54e18fb06193dfc63 -- .zshrc [1ms]
2025-10-20 00:36:17.063 [info] > git show --textconv :README.md [3ms]
2025-10-20 00:36:17.063 [info] > git ls-files --stage -- README.md [0ms]
2025-10-20 00:36:17.066 [info] > git cat-file -s 2851e326859d59d21d8bc01a338ea87dd51e4db2 [0ms]
2025-10-20 00:36:17.923 [info] > git config --get commit.template [3ms]
2025-10-20 00:36:17.924 [info] > git for-each-ref --format=%(refname)%00%(upstream:short)%00%(objectname)%00%(upstream:track)%00%(upstream:remotename)%00%(upstream:remoteref) refs/heads/main refs/remotes/main [1ms]
2025-10-20 00:36:17.930 [info] > git for-each-ref --sort -committerdate --format %(refname)%00%(objectname)%00%(*objectname) [1ms]
2025-10-20 00:36:17.932 [info] > git status -z -uall [6ms]
2025-10-20 00:36:22.200 [info] > git show --textconv :.zshrc [3ms]
2025-10-20 00:36:22.200 [info] > git ls-files --stage -- .zshrc [1ms]
2025-10-20 00:36:22.203 [info] > git cat-file -s 7b22354ad560a6dda2738f75f784403a3be805dc [1ms]
2025-10-20 00:36:27.671 [info] > git show --textconv :README.md [3ms]
2025-10-20 00:36:27.671 [info] > git ls-files --stage -- README.md [0ms]
2025-10-20 00:36:27.675 [info] > git cat-file -s 2851e326859d59d21d8bc01a338ea87dd51e4db2 [1ms]
