2025-10-19 12:02:55.794 [info] [main] Log level: Info
2025-10-19 12:02:55.794 [info] [main] Validating found git in: "git"
2025-10-19 12:02:55.794 [info] [main] Using git "2.51.1.dirty" from "git"
2025-10-19 12:02:55.794 [info] [Model][doInitialScan] Initial repository scan started
2025-10-19 12:02:55.794 [info] > git rev-parse --show-toplevel [5ms]
2025-10-19 12:02:55.794 [info] fatal: not a git repository (or any parent up to mount point /)
Stopping at filesystem boundary (GIT_DISCOVERY_ACROSS_FILESYSTEM not set).
2025-10-19 12:02:55.794 [info] > git rev-parse --show-toplevel [1ms]
2025-10-19 12:02:55.794 [info] fatal: not a git repository (or any parent up to mount point /)
Stopping at filesystem boundary (GIT_DISCOVERY_ACROSS_FILESYSTEM not set).
2025-10-19 12:02:55.794 [info] > git rev-parse --show-toplevel [1ms]
2025-10-19 12:02:55.794 [info] fatal: not a git repository (or any parent up to mount point /)
Stopping at filesystem boundary (GIT_DISCOVERY_ACROSS_FILESYSTEM not set).
2025-10-19 12:02:55.794 [info] > git rev-parse --show-toplevel [0ms]
2025-10-19 12:02:55.794 [info] fatal: not a git repository (or any parent up to mount point /)
Stopping at filesystem boundary (GIT_DISCOVERY_ACROSS_FILESYSTEM not set).
2025-10-19 12:02:55.794 [info] > git rev-parse --show-toplevel [1ms]
2025-10-19 12:02:55.794 [info] fatal: not a git repository (or any parent up to mount point /)
Stopping at filesystem boundary (GIT_DISCOVERY_ACROSS_FILESYSTEM not set).
2025-10-19 12:02:55.799 [info] > git rev-parse --show-toplevel [3ms]
2025-10-19 12:02:55.799 [info] fatal: not a git repository (or any parent up to mount point /)
Stopping at filesystem boundary (GIT_DISCOVERY_ACROSS_FILESYSTEM not set).
2025-10-19 12:02:55.801 [info] > git rev-parse --show-toplevel [0ms]
2025-10-19 12:02:55.801 [info] fatal: not a git repository (or any parent up to mount point /)
Stopping at filesystem boundary (GIT_DISCOVERY_ACROSS_FILESYSTEM not set).
2025-10-19 12:02:55.804 [info] > git rev-parse --show-toplevel [1ms]
2025-10-19 12:02:55.804 [info] fatal: not a git repository (or any parent up to mount point /)
Stopping at filesystem boundary (GIT_DISCOVERY_ACROSS_FILESYSTEM not set).
2025-10-19 12:02:55.806 [info] > git rev-parse --show-toplevel [1ms]
2025-10-19 12:02:55.806 [info] fatal: not a git repository (or any parent up to mount point /)
Stopping at filesystem boundary (GIT_DISCOVERY_ACROSS_FILESYSTEM not set).
2025-10-19 12:02:55.808 [info] > git rev-parse --show-toplevel [1ms]
2025-10-19 12:02:55.808 [info] fatal: not a git repository (or any parent up to mount point /)
Stopping at filesystem boundary (GIT_DISCOVERY_ACROSS_FILESYSTEM not set).
2025-10-19 12:02:55.811 [info] > git rev-parse --show-toplevel [1ms]
2025-10-19 12:02:55.811 [info] fatal: not a git repository (or any parent up to mount point /)
Stopping at filesystem boundary (GIT_DISCOVERY_ACROSS_FILESYSTEM not set).
2025-10-19 12:02:55.813 [info] > git rev-parse --show-toplevel [1ms]
2025-10-19 12:02:55.813 [info] fatal: not a git repository (or any parent up to mount point /)
Stopping at filesystem boundary (GIT_DISCOVERY_ACROSS_FILESYSTEM not set).
2025-10-19 12:02:55.815 [info] > git rev-parse --show-toplevel [1ms]
2025-10-19 12:02:55.815 [info] fatal: not a git repository (or any parent up to mount point /)
Stopping at filesystem boundary (GIT_DISCOVERY_ACROSS_FILESYSTEM not set).
2025-10-19 12:02:55.817 [info] > git rev-parse --show-toplevel [1ms]
2025-10-19 12:02:55.820 [info] > git rev-parse --git-dir --git-common-dir --show-superproject-working-tree [1ms]
2025-10-19 12:02:55.825 [info] [Model][openRepository] Opened repository (path): /home/kuroma/.oh-my-zsh
2025-10-19 12:02:55.825 [info] [Model][openRepository] Opened repository (real path): /home/kuroma/.oh-my-zsh
2025-10-19 12:02:55.825 [info] [Model][openRepository] Opened repository (kind): repository
2025-10-19 12:02:55.831 [info] > git rev-parse --show-toplevel [1ms]
2025-10-19 12:02:55.831 [info] fatal: not a git repository (or any parent up to mount point /)
Stopping at filesystem boundary (GIT_DISCOVERY_ACROSS_FILESYSTEM not set).
2025-10-19 12:02:55.831 [info] > git config --get commit.template [3ms]
2025-10-19 12:02:55.836 [info] > git for-each-ref --format=%(refname)%00%(upstream:short)%00%(objectname)%00%(upstream:track)%00%(upstream:remotename)%00%(upstream:remoteref) refs/heads/master refs/remotes/master [1ms]
2025-10-19 12:02:55.836 [info] > git rev-parse --show-toplevel [3ms]
2025-10-19 12:02:55.837 [info] fatal: not a git repository (or any parent up to mount point /)
Stopping at filesystem boundary (GIT_DISCOVERY_ACROSS_FILESYSTEM not set).
2025-10-19 12:02:55.843 [info] > git rev-parse --show-toplevel [5ms]
2025-10-19 12:02:55.843 [info] fatal: not a git repository (or any parent up to mount point /)
Stopping at filesystem boundary (GIT_DISCOVERY_ACROSS_FILESYSTEM not set).
2025-10-19 12:02:55.845 [info] > git for-each-ref --sort -committerdate --format %(refname)%00%(objectname)%00%(*objectname) [3ms]
2025-10-19 12:02:55.845 [info] > git rev-parse --show-toplevel [1ms]
2025-10-19 12:02:55.845 [info] fatal: not a git repository (or any parent up to mount point /)
Stopping at filesystem boundary (GIT_DISCOVERY_ACROSS_FILESYSTEM not set).
2025-10-19 12:02:55.848 [info] > git rev-parse --show-toplevel [1ms]
2025-10-19 12:02:55.848 [info] fatal: not a git repository (or any parent up to mount point /)
Stopping at filesystem boundary (GIT_DISCOVERY_ACROSS_FILESYSTEM not set).
2025-10-19 12:02:55.850 [info] > git rev-parse --show-toplevel [1ms]
2025-10-19 12:02:55.850 [info] fatal: not a git repository (or any parent up to mount point /)
Stopping at filesystem boundary (GIT_DISCOVERY_ACROSS_FILESYSTEM not set).
2025-10-19 12:02:55.852 [info] > git rev-parse --show-toplevel [1ms]
2025-10-19 12:02:55.852 [info] fatal: not a git repository (or any parent up to mount point /)
Stopping at filesystem boundary (GIT_DISCOVERY_ACROSS_FILESYSTEM not set).
2025-10-19 12:02:55.854 [info] > git rev-parse --show-toplevel [1ms]
2025-10-19 12:02:55.854 [info] fatal: not a git repository (or any parent up to mount point /)
Stopping at filesystem boundary (GIT_DISCOVERY_ACROSS_FILESYSTEM not set).
2025-10-19 12:02:55.856 [info] > git rev-parse --show-toplevel [0ms]
2025-10-19 12:02:55.856 [info] fatal: not a git repository (or any parent up to mount point /)
Stopping at filesystem boundary (GIT_DISCOVERY_ACROSS_FILESYSTEM not set).
2025-10-19 12:02:55.858 [info] > git rev-parse --show-toplevel [0ms]
2025-10-19 12:02:55.858 [info] fatal: not a git repository (or any parent up to mount point /)
Stopping at filesystem boundary (GIT_DISCOVERY_ACROSS_FILESYSTEM not set).
2025-10-19 12:02:55.860 [info] > git rev-parse --show-toplevel [0ms]
2025-10-19 12:02:55.860 [info] fatal: not a git repository (or any parent up to mount point /)
Stopping at filesystem boundary (GIT_DISCOVERY_ACROSS_FILESYSTEM not set).
2025-10-19 12:02:55.862 [info] > git status -z -uall [22ms]
2025-10-19 12:02:55.874 [info] > git for-each-ref --format=%(refname)%00%(upstream:short)%00%(objectname)%00%(upstream:track)%00%(upstream:remotename)%00%(upstream:remoteref) refs/heads/master refs/remotes/master [2ms]
2025-10-19 12:02:55.877 [info] > git rev-parse --show-toplevel [15ms]
2025-10-19 12:02:55.877 [info] fatal: not a git repository (or any parent up to mount point /)
Stopping at filesystem boundary (GIT_DISCOVERY_ACROSS_FILESYSTEM not set).
2025-10-19 12:02:55.879 [info] > git config --get --local branch.master.vscode-merge-base [2ms]
2025-10-19 12:02:55.881 [info] > git config --get commit.template [7ms]
2025-10-19 12:02:55.882 [info] > git rev-parse --show-toplevel [3ms]
2025-10-19 12:02:55.882 [info] fatal: not a git repository (or any parent up to mount point /)
Stopping at filesystem boundary (GIT_DISCOVERY_ACROSS_FILESYSTEM not set).
2025-10-19 12:02:55.897 [info] > git for-each-ref --format=%(refname)%00%(upstream:short)%00%(objectname)%00%(upstream:track)%00%(upstream:remotename)%00%(upstream:remoteref) refs/heads/origin/master refs/remotes/origin/master [16ms]
2025-10-19 12:02:55.901 [info] > git merge-base refs/heads/master refs/remotes/origin/master [1ms]
2025-10-19 12:02:55.903 [info] > git rev-parse --show-toplevel [6ms]
2025-10-19 12:02:55.903 [info] fatal: not a git repository (or any parent up to mount point /)
Stopping at filesystem boundary (GIT_DISCOVERY_ACROSS_FILESYSTEM not set).
2025-10-19 12:02:55.903 [info] [Model][doInitialScan] Initial repository scan completed - repositories (1), closed repositories (0), parent repositories (0), unsafe repositories (0)
2025-10-19 12:02:55.903 [info] > git for-each-ref --format=%(refname)%00%(upstream:short)%00%(objectname)%00%(upstream:track)%00%(upstream:remotename)%00%(upstream:remoteref) refs/heads/master refs/remotes/master [8ms]
2025-10-19 12:02:55.904 [info] > git diff --name-status -z --diff-filter=ADMR d1c04d8a33f9127d03b69617c5367db5ceebc8a7...refs/remotes/origin/master [1ms]
2025-10-19 12:02:55.909 [info] > git for-each-ref --sort -committerdate --format %(refname)%00%(objectname)%00%(*objectname) [1ms]
2025-10-19 12:02:55.927 [info] > git status -z -uall [20ms]
2025-10-19 12:02:56.055 [info] > git rev-parse --show-toplevel [1ms]
2025-10-19 12:02:56.055 [info] fatal: not a git repository (or any parent up to mount point /)
Stopping at filesystem boundary (GIT_DISCOVERY_ACROSS_FILESYSTEM not set).
2025-10-19 12:02:56.145 [info] > git rev-parse --show-toplevel [3ms]
2025-10-19 12:02:56.146 [info] fatal: not a git repository (or any parent up to mount point /)
Stopping at filesystem boundary (GIT_DISCOVERY_ACROSS_FILESYSTEM not set).
2025-10-19 12:02:56.149 [info] > git rev-parse --show-toplevel [1ms]
2025-10-19 12:02:56.149 [info] fatal: not a git repository (or any parent up to mount point /)
Stopping at filesystem boundary (GIT_DISCOVERY_ACROSS_FILESYSTEM not set).
2025-10-19 12:02:56.527 [info] > git rev-parse --show-toplevel [1ms]
2025-10-19 12:02:56.527 [info] fatal: not a git repository (or any parent up to mount point /)
Stopping at filesystem boundary (GIT_DISCOVERY_ACROSS_FILESYSTEM not set).
2025-10-19 12:02:56.862 [info] > git rev-parse --show-toplevel [1ms]
2025-10-19 12:02:56.862 [info] fatal: not a git repository (or any parent up to mount point /)
Stopping at filesystem boundary (GIT_DISCOVERY_ACROSS_FILESYSTEM not set).
2025-10-19 12:02:58.557 [info] > git rev-parse --show-toplevel [0ms]
2025-10-19 12:02:58.557 [info] fatal: not a git repository (or any parent up to mount point /)
Stopping at filesystem boundary (GIT_DISCOVERY_ACROSS_FILESYSTEM not set).
2025-10-19 12:03:00.192 [info] > git rev-parse --show-toplevel [1ms]
2025-10-19 12:03:00.192 [info] fatal: not a git repository (or any parent up to mount point /)
Stopping at filesystem boundary (GIT_DISCOVERY_ACROSS_FILESYSTEM not set).
2025-10-19 12:03:01.874 [info] > git rev-parse --show-toplevel [1ms]
2025-10-19 12:03:01.874 [info] fatal: not a git repository (or any parent up to mount point /)
Stopping at filesystem boundary (GIT_DISCOVERY_ACROSS_FILESYSTEM not set).
2025-10-19 12:03:03.422 [info] > git check-ignore -v -z --stdin [1ms]
2025-10-19 12:03:09.880 [info] > git rev-parse --show-toplevel [1ms]
2025-10-19 12:03:09.880 [info] fatal: not a git repository (or any parent up to mount point /)
Stopping at filesystem boundary (GIT_DISCOVERY_ACROSS_FILESYSTEM not set).
2025-10-19 12:03:18.490 [info] > git rev-parse --show-toplevel [0ms]
2025-10-19 12:03:18.490 [info] fatal: not a git repository (or any parent up to mount point /)
Stopping at filesystem boundary (GIT_DISCOVERY_ACROSS_FILESYSTEM not set).
2025-10-19 12:03:20.697 [info] > git rev-parse --show-toplevel [0ms]
2025-10-19 12:03:20.698 [info] fatal: not a git repository (or any parent up to mount point /)
Stopping at filesystem boundary (GIT_DISCOVERY_ACROSS_FILESYSTEM not set).
2025-10-19 12:03:33.182 [info] > git rev-parse --show-toplevel [0ms]
2025-10-19 12:03:33.182 [info] fatal: not a git repository (or any parent up to mount point /)
Stopping at filesystem boundary (GIT_DISCOVERY_ACROSS_FILESYSTEM not set).
2025-10-19 12:03:36.911 [info] > git rev-parse --show-toplevel [1ms]
2025-10-19 12:03:36.911 [info] fatal: not a git repository (or any parent up to mount point /)
Stopping at filesystem boundary (GIT_DISCOVERY_ACROSS_FILESYSTEM not set).
2025-10-19 12:03:40.913 [info] > git rev-parse --show-toplevel [1ms]
2025-10-19 12:03:40.913 [info] fatal: not a git repository (or any parent up to mount point /)
Stopping at filesystem boundary (GIT_DISCOVERY_ACROSS_FILESYSTEM not set).
2025-10-19 12:03:53.853 [info] > git rev-parse --show-toplevel [0ms]
2025-10-19 12:03:53.853 [info] fatal: not a git repository (or any parent up to mount point /)
Stopping at filesystem boundary (GIT_DISCOVERY_ACROSS_FILESYSTEM not set).
2025-10-19 12:04:39.439 [info] > git rev-parse --show-toplevel [1ms]
2025-10-19 12:04:39.439 [info] fatal: not a git repository (or any parent up to mount point /)
Stopping at filesystem boundary (GIT_DISCOVERY_ACROSS_FILESYSTEM not set).
2025-10-19 12:04:52.335 [info] > git rev-parse --show-toplevel [1ms]
2025-10-19 12:04:52.335 [info] fatal: not a git repository (or any parent up to mount point /)
Stopping at filesystem boundary (GIT_DISCOVERY_ACROSS_FILESYSTEM not set).
2025-10-19 12:05:00.267 [info] > git rev-parse --show-toplevel [1ms]
2025-10-19 12:05:00.267 [info] fatal: not a git repository (or any parent up to mount point /)
Stopping at filesystem boundary (GIT_DISCOVERY_ACROSS_FILESYSTEM not set).
2025-10-19 12:05:14.766 [info] > git rev-parse --show-toplevel [0ms]
2025-10-19 12:05:14.766 [info] fatal: not a git repository (or any parent up to mount point /)
Stopping at filesystem boundary (GIT_DISCOVERY_ACROSS_FILESYSTEM not set).
2025-10-19 12:05:50.147 [info] > git rev-parse --show-toplevel [1ms]
2025-10-19 12:05:50.147 [info] fatal: not a git repository (or any parent up to mount point /)
Stopping at filesystem boundary (GIT_DISCOVERY_ACROSS_FILESYSTEM not set).
2025-10-19 12:05:53.088 [info] > git rev-parse --show-toplevel [1ms]
2025-10-19 12:05:53.088 [info] fatal: not a git repository (or any parent up to mount point /)
Stopping at filesystem boundary (GIT_DISCOVERY_ACROSS_FILESYSTEM not set).
2025-10-19 12:07:19.300 [info] > git rev-parse --show-toplevel [1ms]
2025-10-19 12:07:19.300 [info] fatal: not a git repository (or any parent up to mount point /)
Stopping at filesystem boundary (GIT_DISCOVERY_ACROSS_FILESYSTEM not set).
2025-10-19 12:07:21.683 [info] > git rev-parse --show-toplevel [1ms]
2025-10-19 12:07:21.683 [info] fatal: not a git repository (or any parent up to mount point /)
Stopping at filesystem boundary (GIT_DISCOVERY_ACROSS_FILESYSTEM not set).
2025-10-19 12:07:25.092 [info] > git rev-parse --show-toplevel [1ms]
2025-10-19 12:07:25.092 [info] fatal: not a git repository (or any parent up to mount point /)
Stopping at filesystem boundary (GIT_DISCOVERY_ACROSS_FILESYSTEM not set).
2025-10-19 12:07:28.953 [info] > git rev-parse --show-toplevel [1ms]
2025-10-19 12:07:28.953 [info] fatal: not a git repository (or any parent up to mount point /)
Stopping at filesystem boundary (GIT_DISCOVERY_ACROSS_FILESYSTEM not set).
2025-10-19 12:07:37.472 [info] > git rev-parse --show-toplevel [0ms]
2025-10-19 12:07:37.472 [info] fatal: not a git repository (or any parent up to mount point /)
Stopping at filesystem boundary (GIT_DISCOVERY_ACROSS_FILESYSTEM not set).
2025-10-19 12:08:02.779 [info] > git rev-parse --show-toplevel [1ms]
2025-10-19 12:08:02.779 [info] fatal: not a git repository (or any parent up to mount point /)
Stopping at filesystem boundary (GIT_DISCOVERY_ACROSS_FILESYSTEM not set).
