2025-10-19 23:00:08.954 [info] [main] Log level: Info
2025-10-19 23:00:08.954 [info] [main] Validating found git in: "git"
2025-10-19 23:00:08.954 [info] [main] Using git "2.51.1.dirty" from "git"
2025-10-19 23:00:08.954 [info] [Model][doInitialScan] Initial repository scan started
2025-10-19 23:00:08.954 [info] > git rev-parse --show-toplevel [3ms]
2025-10-19 23:00:08.954 [info] fatal: not a git repository (or any parent up to mount point /)
Stopping at filesystem boundary (GIT_DISCOVERY_ACROSS_FILESYSTEM not set).
2025-10-19 23:00:08.954 [info] > git rev-parse --show-toplevel [1ms]
2025-10-19 23:00:08.954 [info] fatal: not a git repository (or any parent up to mount point /)
Stopping at filesystem boundary (GIT_DISCOVERY_ACROSS_FILESYSTEM not set).
2025-10-19 23:00:08.954 [info] > git rev-parse --show-toplevel [1ms]
2025-10-19 23:00:08.954 [info] fatal: not a git repository (or any parent up to mount point /)
Stopping at filesystem boundary (GIT_DISCOVERY_ACROSS_FILESYSTEM not set).
2025-10-19 23:00:08.954 [info] > git rev-parse --show-toplevel [0ms]
2025-10-19 23:00:08.954 [info] fatal: not a git repository (or any parent up to mount point /)
Stopping at filesystem boundary (GIT_DISCOVERY_ACROSS_FILESYSTEM not set).
2025-10-19 23:00:08.961 [info] > git rev-parse --show-toplevel [6ms]
2025-10-19 23:00:08.961 [info] fatal: not a git repository (or any parent up to mount point /)
Stopping at filesystem boundary (GIT_DISCOVERY_ACROSS_FILESYSTEM not set).
2025-10-19 23:00:08.963 [info] > git rev-parse --show-toplevel [0ms]
2025-10-19 23:00:08.963 [info] fatal: not a git repository (or any parent up to mount point /)
Stopping at filesystem boundary (GIT_DISCOVERY_ACROSS_FILESYSTEM not set).
2025-10-19 23:00:08.966 [info] > git rev-parse --show-toplevel [1ms]
2025-10-19 23:00:08.966 [info] fatal: not a git repository (or any parent up to mount point /)
Stopping at filesystem boundary (GIT_DISCOVERY_ACROSS_FILESYSTEM not set).
2025-10-19 23:00:08.969 [info] > git rev-parse --show-toplevel [1ms]
2025-10-19 23:00:08.969 [info] fatal: not a git repository (or any parent up to mount point /)
Stopping at filesystem boundary (GIT_DISCOVERY_ACROSS_FILESYSTEM not set).
2025-10-19 23:00:08.972 [info] > git rev-parse --show-toplevel [1ms]
2025-10-19 23:00:08.972 [info] fatal: not a git repository (or any parent up to mount point /)
Stopping at filesystem boundary (GIT_DISCOVERY_ACROSS_FILESYSTEM not set).
2025-10-19 23:00:08.981 [info] > git rev-parse --show-toplevel [7ms]
2025-10-19 23:00:08.981 [info] fatal: not a git repository (or any parent up to mount point /)
Stopping at filesystem boundary (GIT_DISCOVERY_ACROSS_FILESYSTEM not set).
2025-10-19 23:00:08.984 [info] > git rev-parse --show-toplevel [0ms]
2025-10-19 23:00:08.984 [info] fatal: not a git repository (or any parent up to mount point /)
Stopping at filesystem boundary (GIT_DISCOVERY_ACROSS_FILESYSTEM not set).
2025-10-19 23:00:08.987 [info] > git rev-parse --show-toplevel [1ms]
2025-10-19 23:00:08.987 [info] fatal: not a git repository (or any parent up to mount point /)
Stopping at filesystem boundary (GIT_DISCOVERY_ACROSS_FILESYSTEM not set).
2025-10-19 23:00:08.989 [info] > git rev-parse --show-toplevel [0ms]
2025-10-19 23:00:08.989 [info] fatal: not a git repository (or any parent up to mount point /)
Stopping at filesystem boundary (GIT_DISCOVERY_ACROSS_FILESYSTEM not set).
2025-10-19 23:00:08.992 [info] > git rev-parse --show-toplevel [1ms]
2025-10-19 23:00:08.996 [info] > git rev-parse --git-dir --git-common-dir --show-superproject-working-tree [2ms]
2025-10-19 23:00:09.001 [info] [Model][openRepository] Opened repository (path): /home/kuroma/.oh-my-zsh
2025-10-19 23:00:09.001 [info] [Model][openRepository] Opened repository (real path): /home/kuroma/.oh-my-zsh
2025-10-19 23:00:09.001 [info] [Model][openRepository] Opened repository (kind): repository
2025-10-19 23:00:09.008 [info] > git rev-parse --show-toplevel [1ms]
2025-10-19 23:00:09.008 [info] fatal: not a git repository (or any parent up to mount point /)
Stopping at filesystem boundary (GIT_DISCOVERY_ACROSS_FILESYSTEM not set).
2025-10-19 23:00:09.008 [info] > git config --get commit.template [3ms]
2025-10-19 23:00:09.013 [info] > git rev-parse --show-toplevel [3ms]
2025-10-19 23:00:09.013 [info] fatal: not a git repository (or any parent up to mount point /)
Stopping at filesystem boundary (GIT_DISCOVERY_ACROSS_FILESYSTEM not set).
2025-10-19 23:00:09.013 [info] > git for-each-ref --format=%(refname)%00%(upstream:short)%00%(objectname)%00%(upstream:track)%00%(upstream:remotename)%00%(upstream:remoteref) refs/heads/master refs/remotes/master [1ms]
2025-10-19 23:00:09.021 [info] > git rev-parse --show-toplevel [6ms]
2025-10-19 23:00:09.021 [info] fatal: not a git repository (or any parent up to mount point /)
Stopping at filesystem boundary (GIT_DISCOVERY_ACROSS_FILESYSTEM not set).
2025-10-19 23:00:09.023 [info] > git for-each-ref --sort -committerdate --format %(refname)%00%(objectname)%00%(*objectname) [2ms]
2025-10-19 23:00:09.024 [info] > git rev-parse --show-toplevel [1ms]
2025-10-19 23:00:09.024 [info] fatal: not a git repository (or any parent up to mount point /)
Stopping at filesystem boundary (GIT_DISCOVERY_ACROSS_FILESYSTEM not set).
2025-10-19 23:00:09.027 [info] > git rev-parse --show-toplevel [1ms]
2025-10-19 23:00:09.027 [info] fatal: not a git repository (or any parent up to mount point /)
Stopping at filesystem boundary (GIT_DISCOVERY_ACROSS_FILESYSTEM not set).
2025-10-19 23:00:09.029 [info] > git rev-parse --show-toplevel [0ms]
2025-10-19 23:00:09.029 [info] fatal: not a git repository (or any parent up to mount point /)
Stopping at filesystem boundary (GIT_DISCOVERY_ACROSS_FILESYSTEM not set).
2025-10-19 23:00:09.031 [info] > git rev-parse --show-toplevel [0ms]
2025-10-19 23:00:09.031 [info] fatal: not a git repository (or any parent up to mount point /)
Stopping at filesystem boundary (GIT_DISCOVERY_ACROSS_FILESYSTEM not set).
2025-10-19 23:00:09.034 [info] > git rev-parse --show-toplevel [1ms]
2025-10-19 23:00:09.034 [info] fatal: not a git repository (or any parent up to mount point /)
Stopping at filesystem boundary (GIT_DISCOVERY_ACROSS_FILESYSTEM not set).
2025-10-19 23:00:09.036 [info] > git rev-parse --show-toplevel [0ms]
2025-10-19 23:00:09.036 [info] fatal: not a git repository (or any parent up to mount point /)
Stopping at filesystem boundary (GIT_DISCOVERY_ACROSS_FILESYSTEM not set).
2025-10-19 23:00:09.039 [info] > git rev-parse --show-toplevel [1ms]
2025-10-19 23:00:09.039 [info] fatal: not a git repository (or any parent up to mount point /)
Stopping at filesystem boundary (GIT_DISCOVERY_ACROSS_FILESYSTEM not set).
2025-10-19 23:00:09.041 [info] > git rev-parse --show-toplevel [1ms]
2025-10-19 23:00:09.041 [info] fatal: not a git repository (or any parent up to mount point /)
Stopping at filesystem boundary (GIT_DISCOVERY_ACROSS_FILESYSTEM not set).
2025-10-19 23:00:09.043 [info] > git rev-parse --show-toplevel [0ms]
2025-10-19 23:00:09.043 [info] fatal: not a git repository (or any parent up to mount point /)
Stopping at filesystem boundary (GIT_DISCOVERY_ACROSS_FILESYSTEM not set).
2025-10-19 23:00:09.045 [info] > git rev-parse --show-toplevel [0ms]
2025-10-19 23:00:09.045 [info] fatal: not a git repository (or any parent up to mount point /)
Stopping at filesystem boundary (GIT_DISCOVERY_ACROSS_FILESYSTEM not set).
2025-10-19 23:00:09.047 [info] > git rev-parse --show-toplevel [0ms]
2025-10-19 23:00:09.047 [info] fatal: not a git repository (or any parent up to mount point /)
Stopping at filesystem boundary (GIT_DISCOVERY_ACROSS_FILESYSTEM not set).
2025-10-19 23:00:09.048 [info] [Model][doInitialScan] Initial repository scan completed - repositories (1), closed repositories (0), parent repositories (0), unsafe repositories (0)
2025-10-19 23:00:09.050 [info] > git rev-parse --show-toplevel [0ms]
2025-10-19 23:00:09.050 [info] fatal: not a git repository (or any parent up to mount point /)
Stopping at filesystem boundary (GIT_DISCOVERY_ACROSS_FILESYSTEM not set).
2025-10-19 23:00:09.063 [info] > git status -z -uall [45ms]
2025-10-19 23:00:09.076 [info] > git for-each-ref --format=%(refname)%00%(upstream:short)%00%(objectname)%00%(upstream:track)%00%(upstream:remotename)%00%(upstream:remoteref) refs/heads/master refs/remotes/master [3ms]
2025-10-19 23:00:09.079 [info] > git config --get --local branch.master.vscode-merge-base [1ms]
2025-10-19 23:00:09.081 [info] > git config --get commit.template [5ms]
2025-10-19 23:00:09.096 [info] > git for-each-ref --format=%(refname)%00%(upstream:short)%00%(objectname)%00%(upstream:track)%00%(upstream:remotename)%00%(upstream:remoteref) refs/heads/origin/master refs/remotes/origin/master [15ms]
2025-10-19 23:00:09.101 [info] > git merge-base refs/heads/master refs/remotes/origin/master [1ms]
2025-10-19 23:00:09.102 [info] > git for-each-ref --format=%(refname)%00%(upstream:short)%00%(objectname)%00%(upstream:track)%00%(upstream:remotename)%00%(upstream:remoteref) refs/heads/master refs/remotes/master [6ms]
2025-10-19 23:00:09.103 [info] > git diff --name-status -z --diff-filter=ADMR d1c04d8a33f9127d03b69617c5367db5ceebc8a7...refs/remotes/origin/master [1ms]
2025-10-19 23:00:09.108 [info] > git for-each-ref --sort -committerdate --format %(refname)%00%(objectname)%00%(*objectname) [0ms]
2025-10-19 23:00:09.128 [info] > git status -z -uall [22ms]
2025-10-19 23:00:09.241 [info] > git rev-parse --show-toplevel [0ms]
2025-10-19 23:00:09.241 [info] fatal: not a git repository (or any parent up to mount point /)
Stopping at filesystem boundary (GIT_DISCOVERY_ACROSS_FILESYSTEM not set).
2025-10-19 23:00:09.325 [info] > git rev-parse --show-toplevel [1ms]
2025-10-19 23:00:09.325 [info] fatal: not a git repository (or any parent up to mount point /)
Stopping at filesystem boundary (GIT_DISCOVERY_ACROSS_FILESYSTEM not set).
2025-10-19 23:00:09.353 [info] > git rev-parse --show-toplevel [1ms]
2025-10-19 23:00:09.353 [info] fatal: not a git repository (or any parent up to mount point /)
Stopping at filesystem boundary (GIT_DISCOVERY_ACROSS_FILESYSTEM not set).
2025-10-19 23:00:09.408 [info] > git rev-parse --show-toplevel [1ms]
2025-10-19 23:00:09.408 [info] fatal: not a git repository (or any parent up to mount point /)
Stopping at filesystem boundary (GIT_DISCOVERY_ACROSS_FILESYSTEM not set).
2025-10-19 23:00:10.046 [info] > git rev-parse --show-toplevel [1ms]
2025-10-19 23:00:10.046 [info] fatal: not a git repository (or any parent up to mount point /)
Stopping at filesystem boundary (GIT_DISCOVERY_ACROSS_FILESYSTEM not set).
2025-10-19 23:00:10.707 [info] > git rev-parse --show-toplevel [1ms]
2025-10-19 23:00:10.707 [info] fatal: not a git repository (or any parent up to mount point /)
Stopping at filesystem boundary (GIT_DISCOVERY_ACROSS_FILESYSTEM not set).
2025-10-19 23:00:11.746 [info] > git rev-parse --show-toplevel [2ms]
2025-10-19 23:00:11.746 [info] fatal: not a git repository (or any parent up to mount point /)
Stopping at filesystem boundary (GIT_DISCOVERY_ACROSS_FILESYSTEM not set).
2025-10-19 23:00:16.081 [info] > git check-ignore -v -z --stdin [1ms]
2025-10-19 23:00:27.193 [info] > git rev-parse --show-toplevel [1ms]
2025-10-19 23:00:27.193 [info] fatal: not a git repository (or any parent up to mount point /)
Stopping at filesystem boundary (GIT_DISCOVERY_ACROSS_FILESYSTEM not set).
