2025-10-19 23:02:39.954 [info] Reading sessions from keychain...
2025-10-19 23:02:39.954 [info] Getting sessions for all scopes...
2025-10-19 23:02:39.954 [info] Got 0 sessions for ...
2025-10-19 23:02:39.954 [info] Getting sessions for all scopes...
2025-10-19 23:02:39.954 [info] Got 0 sessions for ...
2025-10-19 23:02:39.954 [info] Getting sessions for all scopes...
2025-10-19 23:02:39.954 [info] Got 0 sessions for ...
2025-10-19 23:02:39.954 [info] Getting sessions for read:user,repo,user:email,workflow...
2025-10-19 23:02:39.954 [info] Got 0 sessions for read:user,repo,user:email,workflow...
2025-10-19 23:02:40.159 [info] Getting sessions for all scopes...
2025-10-19 23:02:40.159 [info] Got 0 sessions for ...
2025-10-19 23:02:42.647 [info] Getting sessions for all scopes...
2025-10-19 23:02:42.647 [info] Got 0 sessions for ...
2025-10-19 23:02:42.647 [info] Getting sessions for all scopes...
2025-10-19 23:02:42.647 [info] Got 0 sessions for ...
2025-10-19 23:02:42.648 [info] Getting sessions for all scopes...
2025-10-19 23:02:42.648 [info] Got 0 sessions for ...
2025-10-19 23:04:16.546 [info] Getting sessions for read:user,repo,user:email,workflow...
2025-10-19 23:04:16.546 [info] Got 0 sessions for read:user,repo,user:email,workflow...
2025-10-19 23:42:43.864 [info] Reading sessions from keychain...
2025-10-19 23:42:43.864 [info] Getting sessions for all scopes...
2025-10-19 23:42:43.864 [info] Got 0 sessions for ...
2025-10-19 23:42:43.864 [info] Getting sessions for all scopes...
2025-10-19 23:42:43.864 [info] Got 0 sessions for ...
2025-10-19 23:42:43.864 [info] Getting sessions for all scopes...
2025-10-19 23:42:43.864 [info] Got 0 sessions for ...
2025-10-19 23:42:43.864 [info] Getting sessions for read:user,repo,user:email,workflow...
2025-10-19 23:42:43.864 [info] Got 0 sessions for read:user,repo,user:email,workflow...
2025-10-19 23:42:45.775 [info] Getting sessions for all scopes...
2025-10-19 23:42:45.775 [info] Got 0 sessions for ...
2025-10-19 23:42:45.775 [info] Getting sessions for all scopes...
2025-10-19 23:42:45.775 [info] Got 0 sessions for ...
2025-10-19 23:42:45.780 [info] Getting sessions for all scopes...
2025-10-19 23:42:45.780 [info] Got 0 sessions for ...
2025-10-19 23:52:52.657 [info] Reading sessions from keychain...
2025-10-19 23:52:52.657 [info] Getting sessions for all scopes...
2025-10-19 23:52:52.657 [info] Got 0 sessions for ...
2025-10-19 23:52:52.657 [info] Getting sessions for all scopes...
2025-10-19 23:52:52.657 [info] Got 0 sessions for ...
2025-10-19 23:52:52.657 [info] Getting sessions for all scopes...
2025-10-19 23:52:52.657 [info] Got 0 sessions for ...
2025-10-19 23:52:52.657 [info] Getting sessions for read:user,repo,user:email,workflow...
2025-10-19 23:52:52.657 [info] Got 0 sessions for read:user,repo,user:email,workflow...
2025-10-19 23:52:52.836 [info] Getting sessions for all scopes...
2025-10-19 23:52:52.836 [info] Got 0 sessions for ...
2025-10-19 23:52:55.292 [info] Getting sessions for all scopes...
2025-10-19 23:52:55.292 [info] Got 0 sessions for ...
2025-10-19 23:52:55.292 [info] Getting sessions for all scopes...
2025-10-19 23:52:55.292 [info] Got 0 sessions for ...
2025-10-19 23:52:55.297 [info] Getting sessions for all scopes...
2025-10-19 23:52:55.297 [info] Got 0 sessions for ...
2025-10-19 23:59:19.263 [info] Reading sessions from keychain...
2025-10-19 23:59:19.263 [info] Getting sessions for all scopes...
2025-10-19 23:59:19.263 [info] Got 0 sessions for ...
2025-10-19 23:59:19.263 [info] Getting sessions for all scopes...
2025-10-19 23:59:19.263 [info] Got 0 sessions for ...
2025-10-19 23:59:19.263 [info] Getting sessions for all scopes...
2025-10-19 23:59:19.263 [info] Got 0 sessions for ...
2025-10-19 23:59:19.263 [info] Getting sessions for read:user,repo,user:email,workflow...
2025-10-19 23:59:19.263 [info] Got 0 sessions for read:user,repo,user:email,workflow...
2025-10-19 23:59:21.265 [info] Getting sessions for all scopes...
2025-10-19 23:59:21.265 [info] Got 0 sessions for ...
2025-10-19 23:59:21.265 [info] Getting sessions for all scopes...
2025-10-19 23:59:21.265 [info] Got 0 sessions for ...
2025-10-19 23:59:21.268 [info] Getting sessions for all scopes...
2025-10-19 23:59:21.268 [info] Got 0 sessions for ...
2025-10-20 00:00:30.508 [info] Reading sessions from keychain...
2025-10-20 00:00:30.508 [info] Getting sessions for all scopes...
2025-10-20 00:00:30.508 [info] Got 0 sessions for ...
2025-10-20 00:00:30.508 [info] Getting sessions for all scopes...
2025-10-20 00:00:30.508 [info] Got 0 sessions for ...
2025-10-20 00:00:30.508 [info] Getting sessions for all scopes...
2025-10-20 00:00:30.508 [info] Got 0 sessions for ...
2025-10-20 00:00:30.508 [info] Getting sessions for read:user,repo,user:email,workflow...
2025-10-20 00:00:30.508 [info] Got 0 sessions for read:user,repo,user:email,workflow...
2025-10-20 00:00:30.674 [info] Getting sessions for all scopes...
2025-10-20 00:00:30.674 [info] Got 0 sessions for ...
2025-10-20 00:00:33.183 [info] Getting sessions for all scopes...
2025-10-20 00:00:33.183 [info] Got 0 sessions for ...
2025-10-20 00:00:33.183 [info] Getting sessions for all scopes...
2025-10-20 00:00:33.183 [info] Got 0 sessions for ...
2025-10-20 00:00:33.186 [info] Getting sessions for all scopes...
2025-10-20 00:00:33.186 [info] Got 0 sessions for ...
