2025-10-19 01:38:35.246 [info] [main] Log level: Info
2025-10-19 01:38:35.246 [info] [main] Validating found git in: "git"
2025-10-19 01:38:35.246 [info] [main] Using git "2.51.1.dirty" from "git"
2025-10-19 01:38:35.246 [info] [Model][doInitialScan] Initial repository scan started
2025-10-19 01:38:35.246 [info] > git rev-parse --show-toplevel [2ms]
2025-10-19 01:38:35.246 [info] fatal: not a git repository (or any parent up to mount point /)
Stopping at filesystem boundary (GIT_DISCOVERY_ACROSS_FILESYSTEM not set).
2025-10-19 01:38:35.246 [info] > git rev-parse --show-toplevel [3ms]
2025-10-19 01:38:35.246 [info] fatal: not a git repository (or any parent up to mount point /)
Stopping at filesystem boundary (GIT_DISCOVERY_ACROSS_FILESYSTEM not set).
2025-10-19 01:38:35.255 [info] > git rev-parse --show-toplevel [0ms]
2025-10-19 01:38:35.255 [info] fatal: not a git repository (or any parent up to mount point /)
Stopping at filesystem boundary (GIT_DISCOVERY_ACROSS_FILESYSTEM not set).
2025-10-19 01:38:35.258 [info] > git rev-parse --show-toplevel [1ms]
2025-10-19 01:38:35.258 [info] fatal: not a git repository (or any parent up to mount point /)
Stopping at filesystem boundary (GIT_DISCOVERY_ACROSS_FILESYSTEM not set).
2025-10-19 01:38:35.261 [info] > git rev-parse --show-toplevel [1ms]
2025-10-19 01:38:35.261 [info] fatal: not a git repository (or any parent up to mount point /)
Stopping at filesystem boundary (GIT_DISCOVERY_ACROSS_FILESYSTEM not set).
2025-10-19 01:38:35.263 [info] > git rev-parse --show-toplevel [0ms]
2025-10-19 01:38:35.263 [info] fatal: not a git repository (or any parent up to mount point /)
Stopping at filesystem boundary (GIT_DISCOVERY_ACROSS_FILESYSTEM not set).
2025-10-19 01:38:35.266 [info] > git rev-parse --show-toplevel [1ms]
2025-10-19 01:38:35.266 [info] fatal: not a git repository (or any parent up to mount point /)
Stopping at filesystem boundary (GIT_DISCOVERY_ACROSS_FILESYSTEM not set).
2025-10-19 01:38:35.269 [info] > git rev-parse --show-toplevel [1ms]
2025-10-19 01:38:35.269 [info] fatal: not a git repository (or any parent up to mount point /)
Stopping at filesystem boundary (GIT_DISCOVERY_ACROSS_FILESYSTEM not set).
2025-10-19 01:38:35.271 [info] > git rev-parse --show-toplevel [1ms]
2025-10-19 01:38:35.271 [info] fatal: not a git repository (or any parent up to mount point /)
Stopping at filesystem boundary (GIT_DISCOVERY_ACROSS_FILESYSTEM not set).
2025-10-19 01:38:35.274 [info] > git rev-parse --show-toplevel [1ms]
2025-10-19 01:38:35.274 [info] fatal: not a git repository (or any parent up to mount point /)
Stopping at filesystem boundary (GIT_DISCOVERY_ACROSS_FILESYSTEM not set).
2025-10-19 01:38:35.279 [info] > git rev-parse --show-toplevel [3ms]
2025-10-19 01:38:35.279 [info] fatal: not a git repository (or any parent up to mount point /)
Stopping at filesystem boundary (GIT_DISCOVERY_ACROSS_FILESYSTEM not set).
2025-10-19 01:38:35.281 [info] > git rev-parse --show-toplevel [0ms]
2025-10-19 01:38:35.281 [info] fatal: not a git repository (or any parent up to mount point /)
Stopping at filesystem boundary (GIT_DISCOVERY_ACROSS_FILESYSTEM not set).
2025-10-19 01:38:35.284 [info] > git rev-parse --show-toplevel [1ms]
2025-10-19 01:38:35.284 [info] fatal: not a git repository (or any parent up to mount point /)
Stopping at filesystem boundary (GIT_DISCOVERY_ACROSS_FILESYSTEM not set).
2025-10-19 01:38:35.286 [info] > git rev-parse --show-toplevel [0ms]
2025-10-19 01:38:35.290 [info] > git rev-parse --git-dir --git-common-dir --show-superproject-working-tree [1ms]
2025-10-19 01:38:35.295 [info] [Model][openRepository] Opened repository (path): /home/kuroma/.oh-my-zsh
2025-10-19 01:38:35.295 [info] [Model][openRepository] Opened repository (real path): /home/kuroma/.oh-my-zsh
2025-10-19 01:38:35.295 [info] [Model][openRepository] Opened repository (kind): repository
2025-10-19 01:38:35.301 [info] > git rev-parse --show-toplevel [1ms]
2025-10-19 01:38:35.301 [info] fatal: not a git repository (or any parent up to mount point /)
Stopping at filesystem boundary (GIT_DISCOVERY_ACROSS_FILESYSTEM not set).
2025-10-19 01:38:35.302 [info] > git config --get commit.template [3ms]
2025-10-19 01:38:35.307 [info] > git rev-parse --show-toplevel [3ms]
2025-10-19 01:38:35.307 [info] fatal: not a git repository (or any parent up to mount point /)
Stopping at filesystem boundary (GIT_DISCOVERY_ACROSS_FILESYSTEM not set).
2025-10-19 01:38:35.309 [info] > git for-each-ref --format=%(refname)%00%(upstream:short)%00%(objectname)%00%(upstream:track)%00%(upstream:remotename)%00%(upstream:remoteref) refs/heads/master refs/remotes/master [2ms]
2025-10-19 01:38:35.310 [info] > git rev-parse --show-toplevel [1ms]
2025-10-19 01:38:35.310 [info] fatal: not a git repository (or any parent up to mount point /)
Stopping at filesystem boundary (GIT_DISCOVERY_ACROSS_FILESYSTEM not set).
2025-10-19 01:38:35.316 [info] > git rev-parse --show-toplevel [4ms]
2025-10-19 01:38:35.316 [info] fatal: not a git repository (or any parent up to mount point /)
Stopping at filesystem boundary (GIT_DISCOVERY_ACROSS_FILESYSTEM not set).
2025-10-19 01:38:35.319 [info] > git for-each-ref --sort -committerdate --format %(refname)%00%(objectname)%00%(*objectname) [3ms]
2025-10-19 01:38:35.319 [info] > git rev-parse --show-toplevel [1ms]
2025-10-19 01:38:35.319 [info] fatal: not a git repository (or any parent up to mount point /)
Stopping at filesystem boundary (GIT_DISCOVERY_ACROSS_FILESYSTEM not set).
2025-10-19 01:38:35.322 [info] > git rev-parse --show-toplevel [1ms]
2025-10-19 01:38:35.322 [info] fatal: not a git repository (or any parent up to mount point /)
Stopping at filesystem boundary (GIT_DISCOVERY_ACROSS_FILESYSTEM not set).
2025-10-19 01:38:35.324 [info] > git rev-parse --show-toplevel [0ms]
2025-10-19 01:38:35.324 [info] fatal: not a git repository (or any parent up to mount point /)
Stopping at filesystem boundary (GIT_DISCOVERY_ACROSS_FILESYSTEM not set).
2025-10-19 01:38:35.327 [info] > git rev-parse --show-toplevel [1ms]
2025-10-19 01:38:35.327 [info] fatal: not a git repository (or any parent up to mount point /)
Stopping at filesystem boundary (GIT_DISCOVERY_ACROSS_FILESYSTEM not set).
2025-10-19 01:38:35.329 [info] > git rev-parse --show-toplevel [0ms]
2025-10-19 01:38:35.329 [info] fatal: not a git repository (or any parent up to mount point /)
Stopping at filesystem boundary (GIT_DISCOVERY_ACROSS_FILESYSTEM not set).
2025-10-19 01:38:35.332 [info] > git rev-parse --show-toplevel [1ms]
2025-10-19 01:38:35.332 [info] fatal: not a git repository (or any parent up to mount point /)
Stopping at filesystem boundary (GIT_DISCOVERY_ACROSS_FILESYSTEM not set).
2025-10-19 01:38:35.334 [info] > git rev-parse --show-toplevel [0ms]
2025-10-19 01:38:35.334 [info] fatal: not a git repository (or any parent up to mount point /)
Stopping at filesystem boundary (GIT_DISCOVERY_ACROSS_FILESYSTEM not set).
2025-10-19 01:38:35.337 [info] > git status -z -uall [23ms]
2025-10-19 01:38:35.349 [info] > git for-each-ref --format=%(refname)%00%(upstream:short)%00%(objectname)%00%(upstream:track)%00%(upstream:remotename)%00%(upstream:remoteref) refs/heads/master refs/remotes/master [4ms]
2025-10-19 01:38:35.351 [info] > git rev-parse --show-toplevel [15ms]
2025-10-19 01:38:35.351 [info] fatal: not a git repository (or any parent up to mount point /)
Stopping at filesystem boundary (GIT_DISCOVERY_ACROSS_FILESYSTEM not set).
2025-10-19 01:38:35.354 [info] > git config --get --local branch.master.vscode-merge-base [3ms]
2025-10-19 01:38:35.356 [info] > git config --get commit.template [7ms]
2025-10-19 01:38:35.356 [info] > git rev-parse --show-toplevel [2ms]
2025-10-19 01:38:35.356 [info] fatal: not a git repository (or any parent up to mount point /)
Stopping at filesystem boundary (GIT_DISCOVERY_ACROSS_FILESYSTEM not set).
2025-10-19 01:38:35.372 [info] > git for-each-ref --format=%(refname)%00%(upstream:short)%00%(objectname)%00%(upstream:track)%00%(upstream:remotename)%00%(upstream:remoteref) refs/heads/origin/master refs/remotes/origin/master [16ms]
2025-10-19 01:38:35.376 [info] > git merge-base refs/heads/master refs/remotes/origin/master [2ms]
2025-10-19 01:38:35.378 [info] > git rev-parse --show-toplevel [6ms]
2025-10-19 01:38:35.378 [info] fatal: not a git repository (or any parent up to mount point /)
Stopping at filesystem boundary (GIT_DISCOVERY_ACROSS_FILESYSTEM not set).
2025-10-19 01:38:35.378 [info] [Model][doInitialScan] Initial repository scan completed - repositories (1), closed repositories (0), parent repositories (0), unsafe repositories (0)
2025-10-19 01:38:35.379 [info] > git for-each-ref --format=%(refname)%00%(upstream:short)%00%(objectname)%00%(upstream:track)%00%(upstream:remotename)%00%(upstream:remoteref) refs/heads/master refs/remotes/master [9ms]
2025-10-19 01:38:35.382 [info] > git rev-parse --show-toplevel [1ms]
2025-10-19 01:38:35.382 [info] fatal: not a git repository (or any parent up to mount point /)
Stopping at filesystem boundary (GIT_DISCOVERY_ACROSS_FILESYSTEM not set).
2025-10-19 01:38:35.382 [info] > git diff --name-status -z --diff-filter=ADMR d1c04d8a33f9127d03b69617c5367db5ceebc8a7...refs/remotes/origin/master [4ms]
2025-10-19 01:38:35.388 [info] > git for-each-ref --sort -committerdate --format %(refname)%00%(objectname)%00%(*objectname) [2ms]
2025-10-19 01:38:35.406 [info] > git status -z -uall [22ms]
2025-10-19 01:38:35.527 [info] > git rev-parse --show-toplevel [1ms]
2025-10-19 01:38:35.527 [info] fatal: not a git repository (or any parent up to mount point /)
Stopping at filesystem boundary (GIT_DISCOVERY_ACROSS_FILESYSTEM not set).
2025-10-19 01:38:35.619 [info] > git rev-parse --show-toplevel [3ms]
2025-10-19 01:38:35.619 [info] fatal: not a git repository (or any parent up to mount point /)
Stopping at filesystem boundary (GIT_DISCOVERY_ACROSS_FILESYSTEM not set).
2025-10-19 01:38:35.622 [info] > git rev-parse --show-toplevel [1ms]
2025-10-19 01:38:35.622 [info] fatal: not a git repository (or any parent up to mount point /)
Stopping at filesystem boundary (GIT_DISCOVERY_ACROSS_FILESYSTEM not set).
2025-10-19 01:38:35.990 [info] > git rev-parse --show-toplevel [1ms]
2025-10-19 01:38:35.990 [info] fatal: not a git repository (or any parent up to mount point /)
Stopping at filesystem boundary (GIT_DISCOVERY_ACROSS_FILESYSTEM not set).
2025-10-19 01:38:36.439 [info] > git rev-parse --show-toplevel [1ms]
2025-10-19 01:38:36.439 [info] fatal: not a git repository (or any parent up to mount point /)
Stopping at filesystem boundary (GIT_DISCOVERY_ACROSS_FILESYSTEM not set).
2025-10-19 01:38:38.037 [info] > git rev-parse --show-toplevel [1ms]
2025-10-19 01:38:38.037 [info] fatal: not a git repository (or any parent up to mount point /)
Stopping at filesystem boundary (GIT_DISCOVERY_ACROSS_FILESYSTEM not set).
2025-10-19 01:39:55.404 [info] > git rev-parse --show-toplevel [1ms]
2025-10-19 01:39:55.404 [info] fatal: not a git repository (or any parent up to mount point /)
Stopping at filesystem boundary (GIT_DISCOVERY_ACROSS_FILESYSTEM not set).
2025-10-19 01:39:55.407 [info] > git rev-parse --show-toplevel [1ms]
2025-10-19 01:39:55.407 [info] fatal: not a git repository (or any parent up to mount point /)
Stopping at filesystem boundary (GIT_DISCOVERY_ACROSS_FILESYSTEM not set).
2025-10-19 01:39:57.610 [info] > git rev-parse --show-toplevel [1ms]
2025-10-19 01:39:57.610 [info] fatal: not a git repository (or any parent up to mount point /)
Stopping at filesystem boundary (GIT_DISCOVERY_ACROSS_FILESYSTEM not set).
2025-10-19 01:40:07.015 [info] > git rev-parse --show-toplevel [0ms]
2025-10-19 01:40:07.016 [info] fatal: not a git repository (or any parent up to mount point /)
Stopping at filesystem boundary (GIT_DISCOVERY_ACROSS_FILESYSTEM not set).
2025-10-19 01:41:38.129 [info] > git rev-parse --show-toplevel [1ms]
2025-10-19 01:41:38.129 [info] fatal: not a git repository (or any parent up to mount point /)
Stopping at filesystem boundary (GIT_DISCOVERY_ACROSS_FILESYSTEM not set).
2025-10-19 01:41:52.098 [info] > git rev-parse --show-toplevel [0ms]
2025-10-19 01:41:52.098 [info] fatal: not a git repository (or any parent up to mount point /)
Stopping at filesystem boundary (GIT_DISCOVERY_ACROSS_FILESYSTEM not set).
2025-10-19 01:41:59.438 [info] > git rev-parse --show-toplevel [1ms]
2025-10-19 01:41:59.438 [info] fatal: not a git repository (or any parent up to mount point /)
Stopping at filesystem boundary (GIT_DISCOVERY_ACROSS_FILESYSTEM not set).
2025-10-19 01:43:29.149 [info] > git check-ignore -v -z --stdin [1ms]
2025-10-19 01:43:36.261 [info] > git rev-parse --show-toplevel [1ms]
2025-10-19 01:43:36.261 [info] fatal: not a git repository (or any parent up to mount point /)
Stopping at filesystem boundary (GIT_DISCOVERY_ACROSS_FILESYSTEM not set).
2025-10-19 01:43:41.380 [info] > git rev-parse --show-toplevel [1ms]
2025-10-19 01:43:41.380 [info] fatal: not a git repository (or any parent up to mount point /)
Stopping at filesystem boundary (GIT_DISCOVERY_ACROSS_FILESYSTEM not set).
2025-10-19 01:43:49.006 [info] > git rev-parse --show-toplevel [1ms]
2025-10-19 01:43:49.006 [info] fatal: not a git repository (or any parent up to mount point /)
Stopping at filesystem boundary (GIT_DISCOVERY_ACROSS_FILESYSTEM not set).
2025-10-19 01:43:53.226 [info] > git rev-parse --show-toplevel [1ms]
2025-10-19 01:43:53.226 [info] fatal: not a git repository (or any parent up to mount point /)
Stopping at filesystem boundary (GIT_DISCOVERY_ACROSS_FILESYSTEM not set).
2025-10-19 01:44:16.529 [info] > git rev-parse --show-toplevel [1ms]
2025-10-19 01:44:16.529 [info] fatal: not a git repository (or any parent up to mount point /)
Stopping at filesystem boundary (GIT_DISCOVERY_ACROSS_FILESYSTEM not set).
2025-10-19 01:44:24.036 [info] > git rev-parse --show-toplevel [1ms]
2025-10-19 01:44:24.036 [info] fatal: not a git repository (or any parent up to mount point /)
Stopping at filesystem boundary (GIT_DISCOVERY_ACROSS_FILESYSTEM not set).
2025-10-19 01:45:53.278 [info] > git rev-parse --show-toplevel [1ms]
2025-10-19 01:45:53.278 [info] fatal: not a git repository (or any parent up to mount point /)
Stopping at filesystem boundary (GIT_DISCOVERY_ACROSS_FILESYSTEM not set).
2025-10-19 01:47:21.100 [info] > git rev-parse --show-toplevel [1ms]
2025-10-19 01:47:21.100 [info] fatal: not a git repository (or any parent up to mount point /)
Stopping at filesystem boundary (GIT_DISCOVERY_ACROSS_FILESYSTEM not set).
2025-10-19 01:47:49.041 [info] > git rev-parse --show-toplevel [0ms]
2025-10-19 01:47:49.041 [info] fatal: not a git repository (or any parent up to mount point /)
Stopping at filesystem boundary (GIT_DISCOVERY_ACROSS_FILESYSTEM not set).
2025-10-19 01:51:48.562 [info] > git rev-parse --show-toplevel [1ms]
2025-10-19 01:51:48.562 [info] fatal: not a git repository (or any parent up to mount point /)
Stopping at filesystem boundary (GIT_DISCOVERY_ACROSS_FILESYSTEM not set).
2025-10-19 01:52:07.786 [info] > git rev-parse --show-toplevel [0ms]
2025-10-19 01:52:07.786 [info] fatal: not a git repository (or any parent up to mount point /)
Stopping at filesystem boundary (GIT_DISCOVERY_ACROSS_FILESYSTEM not set).
2025-10-19 01:52:22.151 [info] > git rev-parse --show-toplevel [1ms]
2025-10-19 01:52:22.151 [info] fatal: not a git repository (or any parent up to mount point /)
Stopping at filesystem boundary (GIT_DISCOVERY_ACROSS_FILESYSTEM not set).
2025-10-19 01:52:26.223 [info] > git rev-parse --show-toplevel [1ms]
2025-10-19 01:52:26.223 [info] fatal: not a git repository (or any parent up to mount point /)
Stopping at filesystem boundary (GIT_DISCOVERY_ACROSS_FILESYSTEM not set).
2025-10-19 01:54:41.213 [info] > git rev-parse --show-toplevel [1ms]
2025-10-19 01:54:41.213 [info] fatal: not a git repository (or any parent up to mount point /)
Stopping at filesystem boundary (GIT_DISCOVERY_ACROSS_FILESYSTEM not set).
2025-10-19 01:55:12.699 [info] > git rev-parse --show-toplevel [0ms]
2025-10-19 01:55:12.699 [info] fatal: not a git repository (or any parent up to mount point /)
Stopping at filesystem boundary (GIT_DISCOVERY_ACROSS_FILESYSTEM not set).
2025-10-19 01:55:31.067 [info] > git rev-parse --show-toplevel [1ms]
2025-10-19 01:55:31.067 [info] fatal: not a git repository (or any parent up to mount point /)
Stopping at filesystem boundary (GIT_DISCOVERY_ACROSS_FILESYSTEM not set).
2025-10-19 01:57:33.150 [info] > git rev-parse --show-toplevel [0ms]
2025-10-19 01:57:33.150 [info] fatal: not a git repository (or any parent up to mount point /)
Stopping at filesystem boundary (GIT_DISCOVERY_ACROSS_FILESYSTEM not set).
2025-10-19 02:00:46.477 [info] > git rev-parse --show-toplevel [1ms]
2025-10-19 02:00:46.477 [info] fatal: not a git repository (or any parent up to mount point /)
Stopping at filesystem boundary (GIT_DISCOVERY_ACROSS_FILESYSTEM not set).
2025-10-19 02:01:16.484 [info] > git rev-parse --show-toplevel [1ms]
2025-10-19 02:01:16.484 [info] fatal: not a git repository (or any parent up to mount point /)
Stopping at filesystem boundary (GIT_DISCOVERY_ACROSS_FILESYSTEM not set).
